10:30:44.757 [background-preinit] INFO  o.h.validator.internal.util.Version - HV000001: Hibernate Validator 6.1.5.Final
10:30:44.777 [restartedMain] INFO  net.kintex.epsi.EpsiApplication - Starting EpsiApplication on developer01deiMac.local with PID 2319 (/Users/developer01/Projects/epsi/build/classes/java/main started by developer01 in /Users/developer01/Projects/epsi)
10:30:44.778 [restartedMain] INFO  net.kintex.epsi.EpsiApplication - No active profile set, falling back to default profiles: default
10:30:44.845 [restartedMain] INFO  o.s.b.d.e.DevToolsPropertyDefaultsPostProcessor - Devtools property defaults active! Set 'spring.devtools.add-properties' to 'false' to disable
10:30:44.845 [restartedMain] INFO  o.s.b.d.e.DevToolsPropertyDefaultsPostProcessor - For additional web related logging consider setting the 'logging.level.web' property to 'DEBUG'
10:30:46.270 [restartedMain] INFO  o.s.b.w.e.tomcat.TomcatWebServer - Tomcat initialized with port(s): 34571 (http)
10:30:46.278 [restartedMain] INFO  o.a.coyote.http11.Http11NioProtocol - Initializing ProtocolHandler ["http-nio-34571"]
10:30:46.279 [restartedMain] INFO  o.a.catalina.core.StandardService - Starting service [Tomcat]
10:30:46.279 [restartedMain] INFO  o.a.catalina.core.StandardEngine - Starting Servlet engine: [Apache Tomcat/9.0.37]
10:30:46.348 [restartedMain] INFO  o.a.c.c.C.[Tomcat].[localhost].[/] - Initializing Spring embedded WebApplicationContext
10:30:46.348 [restartedMain] INFO  o.s.b.w.s.c.ServletWebServerApplicationContext - Root WebApplicationContext: initialization completed in 1503 ms
10:30:47.072 [restartedMain] INFO  o.s.aop.framework.CglibAopProxy - Unable to proxy interface-implementing method [public final void org.springframework.dao.support.DaoSupport.afterPropertiesSet() throws java.lang.IllegalArgumentException,org.springframework.beans.factory.BeanInitializationException] because it is marked as final: Consider using interface-based JDK proxies instead!
10:30:47.628 [restartedMain] INFO  o.s.b.a.e.web.EndpointLinksResolver - Exposing 2 endpoint(s) beneath base path '/actuator'
10:30:47.680 [restartedMain] INFO  s.d.s.w.PropertySourcedRequestMappingHandlerMapping - Mapped URL path [/v2/api-docs] onto method [springfox.documentation.swagger2.web.Swagger2Controller#getDocumentation(String, HttpServletRequest)]
10:30:47.775 [restartedMain] INFO  o.s.s.web.DefaultSecurityFilterChain - Creating filter chain: Ant [pattern='/v2/api-docs', GET], []
10:30:47.775 [restartedMain] INFO  o.s.s.web.DefaultSecurityFilterChain - Creating filter chain: Ant [pattern='/swagger-resources', GET], []
10:30:47.775 [restartedMain] INFO  o.s.s.web.DefaultSecurityFilterChain - Creating filter chain: Ant [pattern='/swagger-resources/**', GET], []
10:30:47.775 [restartedMain] INFO  o.s.s.web.DefaultSecurityFilterChain - Creating filter chain: Ant [pattern='/configuration/ui', GET], []
10:30:47.775 [restartedMain] INFO  o.s.s.web.DefaultSecurityFilterChain - Creating filter chain: Ant [pattern='/configuration/security', GET], []
10:30:47.775 [restartedMain] INFO  o.s.s.web.DefaultSecurityFilterChain - Creating filter chain: Ant [pattern='/swagger-ui.html/**', GET], []
10:30:47.775 [restartedMain] INFO  o.s.s.web.DefaultSecurityFilterChain - Creating filter chain: Ant [pattern='/webjars/**', GET], []
10:30:47.792 [restartedMain] INFO  o.s.s.web.DefaultSecurityFilterChain - Creating filter chain: any request, [org.springframework.security.web.context.request.async.WebAsyncManagerIntegrationFilter@62888575, org.springframework.security.web.context.SecurityContextPersistenceFilter@6a10242e, org.springframework.security.web.header.HeaderWriterFilter@777446ba, org.springframework.web.filter.CorsFilter@21647a53, net.kintex.epsi.user.filter.JwtAuthenticationFilter@157fc6c2, org.springframework.security.web.authentication.logout.LogoutFilter@6d0c2723, net.kintex.epsi.user.filter.AuthenticationFilter@38eb7b6f, org.springframework.security.web.savedrequest.RequestCacheAwareFilter@45659584, org.springframework.security.web.servletapi.SecurityContextHolderAwareRequestFilter@2bea2d6c, org.springframework.security.web.authentication.AnonymousAuthenticationFilter@42b74d13, org.springframework.security.web.access.ExceptionTranslationFilter@158131c8, org.springframework.security.web.access.intercept.FilterSecurityInterceptor@7d0452c5]
10:30:47.852 [restartedMain] INFO  o.s.s.c.ThreadPoolTaskExecutor - Initializing ExecutorService 'applicationTaskExecutor'
10:30:47.880 [restartedMain] INFO  o.s.b.d.a.OptionalLiveReloadServer - LiveReload server is running on port 35729
10:30:47.937 [restartedMain] INFO  t.m.m.a.MapperCacheDisabler - Clear tk.mybatis.mapper.util.MsUtil CLASS_CACHE cache.
10:30:47.937 [restartedMain] INFO  t.m.m.a.MapperCacheDisabler - Clear tk.mybatis.mapper.genid.GenIdUtil CACHE cache.
10:30:47.937 [restartedMain] INFO  t.m.m.a.MapperCacheDisabler - Clear tk.mybatis.mapper.version.VersionUtil CACHE cache.
10:30:47.938 [restartedMain] INFO  t.m.m.a.MapperCacheDisabler - Clear EntityHelper entityTableMap cache.
10:30:48.062 [restartedMain] INFO  o.a.coyote.http11.Http11NioProtocol - Starting ProtocolHandler ["http-nio-34571"]
10:30:48.078 [restartedMain] INFO  o.s.b.w.e.tomcat.TomcatWebServer - Tomcat started on port(s): 34571 (http) with context path ''
10:30:48.079 [restartedMain] INFO  s.d.s.w.p.DocumentationPluginsBootstrapper - Context refreshed
10:30:48.087 [restartedMain] INFO  s.d.s.w.p.DocumentationPluginsBootstrapper - Found 1 custom documentation plugin(s)
10:30:48.111 [restartedMain] INFO  s.d.s.w.s.ApiListingReferenceScanner - Scanning for api listing references
10:30:48.299 [restartedMain] INFO  s.d.s.w.r.o.CachingOperationNameGenerator - Generating unique operation named: addUsingPOST_1
10:30:48.304 [restartedMain] INFO  s.d.s.w.r.o.CachingOperationNameGenerator - Generating unique operation named: removeUsingPOST_1
10:30:48.305 [restartedMain] INFO  s.d.s.w.r.o.CachingOperationNameGenerator - Generating unique operation named: updateUsingPOST_1
10:30:48.325 [restartedMain] INFO  s.d.s.w.r.o.CachingOperationNameGenerator - Generating unique operation named: handleUsingGET_1
10:30:48.326 [restartedMain] INFO  s.d.s.w.r.o.CachingOperationNameGenerator - Generating unique operation named: handleUsingGET_2
10:30:48.351 [restartedMain] INFO  s.d.s.w.r.o.CachingOperationNameGenerator - Generating unique operation named: updateUsingPOST_2
10:30:48.393 [restartedMain] INFO  s.d.s.w.r.o.CachingOperationNameGenerator - Generating unique operation named: addUsingPOST_2
10:30:48.445 [restartedMain] INFO  net.kintex.epsi.EpsiApplication - Started EpsiApplication in 4.142 seconds (JVM running for 5.435)
10:30:48.711 [RMI TCP Connection(12)-127.0.0.1] INFO  o.a.c.c.C.[Tomcat].[localhost].[/] - Initializing Spring DispatcherServlet 'dispatcherServlet'
10:30:48.711 [RMI TCP Connection(12)-127.0.0.1] INFO  o.s.web.servlet.DispatcherServlet - Initializing Servlet 'dispatcherServlet'
10:30:48.717 [RMI TCP Connection(12)-127.0.0.1] INFO  o.s.web.servlet.DispatcherServlet - Completed initialization in 6 ms
10:30:48.740 [RMI TCP Connection(11)-127.0.0.1] INFO  c.alibaba.druid.pool.DruidDataSource - {dataSource-1} inited
10:30:49.199 [RMI TCP Connection(11)-127.0.0.1] INFO  javax.mail - Jakarta Mail version 1.6.5
10:30:49.210 [RMI TCP Connection(11)-127.0.0.1] INFO  javax.mail - successfully loaded resource: /META-INF/javamail.default.providers
10:30:49.210 [RMI TCP Connection(11)-127.0.0.1] INFO  javax.mail - Tables of loaded providers
10:30:49.210 [RMI TCP Connection(11)-127.0.0.1] INFO  javax.mail - Providers Listed By Class Name: {com.sun.mail.smtp.SMTPTransport=javax.mail.Provider[TRANSPORT,smtp,com.sun.mail.smtp.SMTPTransport,Oracle], com.sun.mail.imap.IMAPSSLStore=javax.mail.Provider[STORE,imaps,com.sun.mail.imap.IMAPSSLStore,Oracle], com.sun.mail.pop3.POP3Store=javax.mail.Provider[STORE,pop3,com.sun.mail.pop3.POP3Store,Oracle], com.sun.mail.smtp.SMTPSSLTransport=javax.mail.Provider[TRANSPORT,smtps,com.sun.mail.smtp.SMTPSSLTransport,Oracle], com.sun.mail.imap.IMAPStore=javax.mail.Provider[STORE,imap,com.sun.mail.imap.IMAPStore,Oracle], com.sun.mail.pop3.POP3SSLStore=javax.mail.Provider[STORE,pop3s,com.sun.mail.pop3.POP3SSLStore,Oracle]}
10:30:49.210 [RMI TCP Connection(11)-127.0.0.1] INFO  javax.mail - Providers Listed By Protocol: {imap=javax.mail.Provider[STORE,imap,com.sun.mail.imap.IMAPStore,Oracle], smtp=javax.mail.Provider[TRANSPORT,smtp,com.sun.mail.smtp.SMTPTransport,Oracle], pop3=javax.mail.Provider[STORE,pop3,com.sun.mail.pop3.POP3Store,Oracle], imaps=javax.mail.Provider[STORE,imaps,com.sun.mail.imap.IMAPSSLStore,Oracle], smtps=javax.mail.Provider[TRANSPORT,smtps,com.sun.mail.smtp.SMTPSSLTransport,Oracle], pop3s=javax.mail.Provider[STORE,pop3s,com.sun.mail.pop3.POP3SSLStore,Oracle]}
10:30:49.211 [RMI TCP Connection(11)-127.0.0.1] INFO  javax.mail - successfully loaded resource: /META-INF/javamail.default.address.map
11:02:43.287 [http-nio-34571-exec-2] DEBUG n.k.e.u.dao.UserDao.selectOneByName - ==>  Preparing: SELECT user_id, user_account, user_password, disabled, created_at, created_by, updated_at, updated_by FROM `epsi_user` WHERE `disabled` = 0 AND `user_account` = ?;
11:02:43.476 [http-nio-34571-exec-2] DEBUG n.k.e.u.dao.UserDao.selectOneByName - ==> Parameters: 01010(String)
11:02:43.503 [http-nio-34571-exec-2] DEBUG n.k.e.u.dao.UserDao.selectOneByName - <==      Total: 0
11:04:02.831 [http-nio-34571-exec-3] ERROR c.a.d.pool.DruidAbstractDataSource - discard long time none received connection. , jdbcUrl : jdbc:mysql://8.129.6.121:53307/sppsi_test, jdbcUrl : jdbc:mysql://8.129.6.121:53307/sppsi_test, lastPacketReceivedIdleMillis : 79331
11:04:02.930 [http-nio-34571-exec-3] DEBUG n.k.e.u.dao.UserDao.selectOneByName - ==>  Preparing: SELECT user_id, user_account, user_password, disabled, created_at, created_by, updated_at, updated_by FROM `epsi_user` WHERE `disabled` = 0 AND `user_account` = ?;
11:04:02.931 [http-nio-34571-exec-3] DEBUG n.k.e.u.dao.UserDao.selectOneByName - ==> Parameters: 01010(String)
11:04:02.938 [http-nio-34571-exec-3] DEBUG n.k.e.u.dao.UserDao.selectOneByName - <==      Total: 0
11:04:33.928 [http-nio-34571-exec-4] DEBUG n.k.e.u.dao.UserDao.selectOneByName - ==>  Preparing: SELECT user_id, user_account, user_password, disabled, created_at, created_by, updated_at, updated_by FROM `epsi_user` WHERE `disabled` = 0 AND `user_account` = ?;
11:04:33.928 [http-nio-34571-exec-4] DEBUG n.k.e.u.dao.UserDao.selectOneByName - ==> Parameters: test(String)
11:04:33.938 [http-nio-34571-exec-4] DEBUG n.k.e.u.dao.UserDao.selectOneByName - <==      Total: 1
11:04:34.087 [http-nio-34571-exec-4] DEBUG n.k.e.u.dao.UserDao.selectOneByName - ==>  Preparing: SELECT user_id, user_account, user_password, disabled, created_at, created_by, updated_at, updated_by FROM `epsi_user` WHERE `disabled` = 0 AND `user_account` = ?;
11:04:34.088 [http-nio-34571-exec-4] DEBUG n.k.e.u.dao.UserDao.selectOneByName - ==> Parameters: test(String)
11:04:34.096 [http-nio-34571-exec-4] DEBUG n.k.e.u.dao.UserDao.selectOneByName - <==      Total: 1
11:04:35.329 [http-nio-34571-exec-5] DEBUG n.k.e.u.dao.UserDao.selectOneByName - ==>  Preparing: SELECT user_id, user_account, user_password, disabled, created_at, created_by, updated_at, updated_by FROM `epsi_user` WHERE `disabled` = 0 AND `user_account` = ?;
11:04:35.330 [http-nio-34571-exec-5] DEBUG n.k.e.u.dao.UserDao.selectOneByName - ==> Parameters: test(String)
11:04:35.337 [http-nio-34571-exec-5] DEBUG n.k.e.u.dao.UserDao.selectOneByName - <==      Total: 1
11:04:35.479 [http-nio-34571-exec-5] DEBUG n.k.e.i.d.V.selectOneOrManyVendor - ==>  Preparing: SELECT vendor_id, vendor_code, vendor_name, disabled FROM `epsi_vendor`
11:04:35.480 [http-nio-34571-exec-5] DEBUG n.k.e.i.d.V.selectOneOrManyVendor - ==> Parameters: 
11:04:35.492 [http-nio-34571-exec-5] DEBUG n.k.e.i.d.V.selectOneOrManyVendor - <==      Total: 50
11:04:35.509 [http-nio-34571-exec-5] INFO  n.k.e.c.h.ResponseResultHandlerAdvice - returnType:method 'getOneOrManyVendor' parameter -1
11:04:35.509 [http-nio-34571-exec-5] INFO  n.k.e.c.h.ResponseResultHandlerAdvice - converterType:class org.springframework.http.converter.json.MappingJackson2HttpMessageConverter
11:04:41.345 [http-nio-34571-exec-6] DEBUG n.k.e.u.dao.UserDao.selectOneByName - ==>  Preparing: SELECT user_id, user_account, user_password, disabled, created_at, created_by, updated_at, updated_by FROM `epsi_user` WHERE `disabled` = 0 AND `user_account` = ?;
11:04:41.346 [http-nio-34571-exec-6] DEBUG n.k.e.u.dao.UserDao.selectOneByName - ==> Parameters: test(String)
11:04:41.353 [http-nio-34571-exec-6] DEBUG n.k.e.u.dao.UserDao.selectOneByName - <==      Total: 1
11:04:41.460 [http-nio-34571-exec-6] DEBUG n.k.e.s.d.C.selectOneOrMany_COUNT - ==>  Preparing: SELECT count(0) FROM `epsi_client`
11:04:41.461 [http-nio-34571-exec-6] DEBUG n.k.e.s.d.C.selectOneOrMany_COUNT - ==> Parameters: 
11:04:41.469 [http-nio-34571-exec-6] DEBUG n.k.e.s.d.C.selectOneOrMany_COUNT - <==      Total: 1
11:04:41.471 [http-nio-34571-exec-6] DEBUG n.k.e.s.d.ClientDao.selectOneOrMany - ==>  Preparing: SELECT `id`,`name`,`contact`,`disabled` FROM `epsi_client` LIMIT ?
11:04:41.472 [http-nio-34571-exec-6] DEBUG n.k.e.s.d.ClientDao.selectOneOrMany - ==> Parameters: 30(Integer)
11:04:41.483 [http-nio-34571-exec-6] DEBUG n.k.e.s.d.ClientDao.selectOneOrMany - <==      Total: 30
11:04:41.509 [http-nio-34571-exec-6] INFO  n.k.e.c.h.ResponseResultHandlerAdvice - returnType:method 'getOneOrManyClient' parameter -1
11:04:41.509 [http-nio-34571-exec-6] INFO  n.k.e.c.h.ResponseResultHandlerAdvice - converterType:class org.springframework.http.converter.json.MappingJackson2HttpMessageConverter
11:12:04.661 [SpringContextShutdownHook] INFO  o.s.s.c.ThreadPoolTaskExecutor - Shutting down ExecutorService 'applicationTaskExecutor'
11:12:04.664 [SpringContextShutdownHook] INFO  c.alibaba.druid.pool.DruidDataSource - {dataSource-1} closing ...
11:12:04.667 [SpringContextShutdownHook] INFO  c.alibaba.druid.pool.DruidDataSource - {dataSource-1} closed
11:56:12.183 [background-preinit] INFO  o.h.validator.internal.util.Version - HV000001: Hibernate Validator 6.1.5.Final
11:56:12.196 [restartedMain] INFO  net.kintex.epsi.EpsiApplication - Starting EpsiApplication on developer01deiMac.local with PID 3698 (/Users/developer01/Projects/epsi/build/classes/java/main started by developer01 in /Users/developer01/Projects/epsi)
11:56:12.197 [restartedMain] INFO  net.kintex.epsi.EpsiApplication - No active profile set, falling back to default profiles: default
11:56:12.236 [restartedMain] INFO  o.s.b.d.e.DevToolsPropertyDefaultsPostProcessor - Devtools property defaults active! Set 'spring.devtools.add-properties' to 'false' to disable
11:56:12.236 [restartedMain] INFO  o.s.b.d.e.DevToolsPropertyDefaultsPostProcessor - For additional web related logging consider setting the 'logging.level.web' property to 'DEBUG'
11:56:13.524 [restartedMain] INFO  o.s.b.w.e.tomcat.TomcatWebServer - Tomcat initialized with port(s): 34571 (http)
11:56:13.531 [restartedMain] INFO  o.a.coyote.http11.Http11NioProtocol - Initializing ProtocolHandler ["http-nio-34571"]
11:56:13.532 [restartedMain] INFO  o.a.catalina.core.StandardService - Starting service [Tomcat]
11:56:13.532 [restartedMain] INFO  o.a.catalina.core.StandardEngine - Starting Servlet engine: [Apache Tomcat/9.0.37]
11:56:13.596 [restartedMain] INFO  o.a.c.c.C.[Tomcat].[localhost].[/] - Initializing Spring embedded WebApplicationContext
11:56:13.596 [restartedMain] INFO  o.s.b.w.s.c.ServletWebServerApplicationContext - Root WebApplicationContext: initialization completed in 1360 ms
11:56:14.223 [restartedMain] INFO  o.s.aop.framework.CglibAopProxy - Unable to proxy interface-implementing method [public final void org.springframework.dao.support.DaoSupport.afterPropertiesSet() throws java.lang.IllegalArgumentException,org.springframework.beans.factory.BeanInitializationException] because it is marked as final: Consider using interface-based JDK proxies instead!
11:56:14.710 [restartedMain] INFO  o.s.b.a.e.web.EndpointLinksResolver - Exposing 2 endpoint(s) beneath base path '/actuator'
11:56:14.749 [restartedMain] INFO  s.d.s.w.PropertySourcedRequestMappingHandlerMapping - Mapped URL path [/v2/api-docs] onto method [springfox.documentation.swagger2.web.Swagger2Controller#getDocumentation(String, HttpServletRequest)]
11:56:14.827 [restartedMain] INFO  o.s.s.web.DefaultSecurityFilterChain - Creating filter chain: Ant [pattern='/v2/api-docs', GET], []
11:56:14.828 [restartedMain] INFO  o.s.s.web.DefaultSecurityFilterChain - Creating filter chain: Ant [pattern='/swagger-resources', GET], []
11:56:14.828 [restartedMain] INFO  o.s.s.web.DefaultSecurityFilterChain - Creating filter chain: Ant [pattern='/swagger-resources/**', GET], []
11:56:14.828 [restartedMain] INFO  o.s.s.web.DefaultSecurityFilterChain - Creating filter chain: Ant [pattern='/configuration/ui', GET], []
11:56:14.828 [restartedMain] INFO  o.s.s.web.DefaultSecurityFilterChain - Creating filter chain: Ant [pattern='/configuration/security', GET], []
11:56:14.828 [restartedMain] INFO  o.s.s.web.DefaultSecurityFilterChain - Creating filter chain: Ant [pattern='/swagger-ui.html/**', GET], []
11:56:14.828 [restartedMain] INFO  o.s.s.web.DefaultSecurityFilterChain - Creating filter chain: Ant [pattern='/webjars/**', GET], []
11:56:14.845 [restartedMain] INFO  o.s.s.web.DefaultSecurityFilterChain - Creating filter chain: any request, [org.springframework.security.web.context.request.async.WebAsyncManagerIntegrationFilter@8414c2e, org.springframework.security.web.context.SecurityContextPersistenceFilter@1d26a46b, org.springframework.security.web.header.HeaderWriterFilter@7a7dcf58, org.springframework.web.filter.CorsFilter@37a74087, net.kintex.epsi.user.filter.JwtAuthenticationFilter@1c06db6a, org.springframework.security.web.authentication.logout.LogoutFilter@3dbdacb5, net.kintex.epsi.user.filter.AuthenticationFilter@3bfcf49b, org.springframework.security.web.savedrequest.RequestCacheAwareFilter@5ea751df, org.springframework.security.web.servletapi.SecurityContextHolderAwareRequestFilter@723ce2a2, org.springframework.security.web.authentication.AnonymousAuthenticationFilter@6ba322c4, org.springframework.security.web.access.ExceptionTranslationFilter@4ae98615, org.springframework.security.web.access.intercept.FilterSecurityInterceptor@5967ad7d]
11:56:14.905 [restartedMain] INFO  o.s.s.c.ThreadPoolTaskExecutor - Initializing ExecutorService 'applicationTaskExecutor'
11:56:14.931 [restartedMain] INFO  o.s.b.d.a.OptionalLiveReloadServer - LiveReload server is running on port 35729
11:56:14.988 [restartedMain] INFO  t.m.m.a.MapperCacheDisabler - Clear tk.mybatis.mapper.util.MsUtil CLASS_CACHE cache.
11:56:14.988 [restartedMain] INFO  t.m.m.a.MapperCacheDisabler - Clear tk.mybatis.mapper.genid.GenIdUtil CACHE cache.
11:56:14.988 [restartedMain] INFO  t.m.m.a.MapperCacheDisabler - Clear tk.mybatis.mapper.version.VersionUtil CACHE cache.
11:56:14.989 [restartedMain] INFO  t.m.m.a.MapperCacheDisabler - Clear EntityHelper entityTableMap cache.
11:56:15.108 [restartedMain] INFO  o.a.coyote.http11.Http11NioProtocol - Starting ProtocolHandler ["http-nio-34571"]
11:56:15.123 [restartedMain] INFO  o.s.b.w.e.tomcat.TomcatWebServer - Tomcat started on port(s): 34571 (http) with context path ''
11:56:15.124 [restartedMain] INFO  s.d.s.w.p.DocumentationPluginsBootstrapper - Context refreshed
11:56:15.132 [restartedMain] INFO  s.d.s.w.p.DocumentationPluginsBootstrapper - Found 1 custom documentation plugin(s)
11:56:15.153 [restartedMain] INFO  s.d.s.w.s.ApiListingReferenceScanner - Scanning for api listing references
11:56:15.343 [restartedMain] INFO  s.d.s.w.r.o.CachingOperationNameGenerator - Generating unique operation named: addUsingPOST_1
11:56:15.347 [restartedMain] INFO  s.d.s.w.r.o.CachingOperationNameGenerator - Generating unique operation named: removeUsingPOST_1
11:56:15.348 [restartedMain] INFO  s.d.s.w.r.o.CachingOperationNameGenerator - Generating unique operation named: updateUsingPOST_1
11:56:15.369 [restartedMain] INFO  s.d.s.w.r.o.CachingOperationNameGenerator - Generating unique operation named: handleUsingGET_1
11:56:15.370 [restartedMain] INFO  s.d.s.w.r.o.CachingOperationNameGenerator - Generating unique operation named: handleUsingGET_2
11:56:15.397 [restartedMain] INFO  s.d.s.w.r.o.CachingOperationNameGenerator - Generating unique operation named: updateUsingPOST_2
11:56:15.420 [restartedMain] INFO  s.d.s.w.r.o.CachingOperationNameGenerator - Generating unique operation named: addUsingPOST_2
11:56:15.469 [restartedMain] INFO  net.kintex.epsi.EpsiApplication - Started EpsiApplication in 3.589 seconds (JVM running for 4.553)
11:56:15.922 [RMI TCP Connection(2)-192.168.0.101] INFO  o.a.c.c.C.[Tomcat].[localhost].[/] - Initializing Spring DispatcherServlet 'dispatcherServlet'
11:56:15.922 [RMI TCP Connection(2)-192.168.0.101] INFO  o.s.web.servlet.DispatcherServlet - Initializing Servlet 'dispatcherServlet'
11:56:15.926 [RMI TCP Connection(2)-192.168.0.101] INFO  o.s.web.servlet.DispatcherServlet - Completed initialization in 4 ms
11:56:15.946 [RMI TCP Connection(1)-192.168.0.101] INFO  c.alibaba.druid.pool.DruidDataSource - {dataSource-1} inited
11:56:16.293 [RMI TCP Connection(1)-192.168.0.101] INFO  javax.mail - Jakarta Mail version 1.6.5
11:56:16.316 [RMI TCP Connection(1)-192.168.0.101] INFO  javax.mail - successfully loaded resource: /META-INF/javamail.default.providers
11:56:16.317 [RMI TCP Connection(1)-192.168.0.101] INFO  javax.mail - Tables of loaded providers
11:56:16.317 [RMI TCP Connection(1)-192.168.0.101] INFO  javax.mail - Providers Listed By Class Name: {com.sun.mail.smtp.SMTPTransport=javax.mail.Provider[TRANSPORT,smtp,com.sun.mail.smtp.SMTPTransport,Oracle], com.sun.mail.imap.IMAPSSLStore=javax.mail.Provider[STORE,imaps,com.sun.mail.imap.IMAPSSLStore,Oracle], com.sun.mail.pop3.POP3Store=javax.mail.Provider[STORE,pop3,com.sun.mail.pop3.POP3Store,Oracle], com.sun.mail.smtp.SMTPSSLTransport=javax.mail.Provider[TRANSPORT,smtps,com.sun.mail.smtp.SMTPSSLTransport,Oracle], com.sun.mail.imap.IMAPStore=javax.mail.Provider[STORE,imap,com.sun.mail.imap.IMAPStore,Oracle], com.sun.mail.pop3.POP3SSLStore=javax.mail.Provider[STORE,pop3s,com.sun.mail.pop3.POP3SSLStore,Oracle]}
11:56:16.317 [RMI TCP Connection(1)-192.168.0.101] INFO  javax.mail - Providers Listed By Protocol: {imap=javax.mail.Provider[STORE,imap,com.sun.mail.imap.IMAPStore,Oracle], smtp=javax.mail.Provider[TRANSPORT,smtp,com.sun.mail.smtp.SMTPTransport,Oracle], pop3=javax.mail.Provider[STORE,pop3,com.sun.mail.pop3.POP3Store,Oracle], imaps=javax.mail.Provider[STORE,imaps,com.sun.mail.imap.IMAPSSLStore,Oracle], smtps=javax.mail.Provider[TRANSPORT,smtps,com.sun.mail.smtp.SMTPSSLTransport,Oracle], pop3s=javax.mail.Provider[STORE,pop3s,com.sun.mail.pop3.POP3SSLStore,Oracle]}
11:56:16.318 [RMI TCP Connection(1)-192.168.0.101] INFO  javax.mail - successfully loaded resource: /META-INF/javamail.default.address.map
11:58:21.421 [http-nio-34571-exec-1] ERROR c.a.d.pool.DruidAbstractDataSource - discard long time none received connection. , jdbcUrl : jdbc:mysql://8.129.6.121:53307/sppsi_test, jdbcUrl : jdbc:mysql://8.129.6.121:53307/sppsi_test, lastPacketReceivedIdleMillis : 125155
11:58:21.522 [http-nio-34571-exec-1] DEBUG n.k.e.u.dao.UserDao.selectOneByName - ==>  Preparing: SELECT user_id, user_account, user_password, disabled, created_at, created_by, updated_at, updated_by FROM `epsi_user` WHERE `disabled` = 0 AND `user_account` = ?;
11:58:21.712 [http-nio-34571-exec-1] DEBUG n.k.e.u.dao.UserDao.selectOneByName - ==> Parameters: test(String)
11:58:21.735 [http-nio-34571-exec-1] DEBUG n.k.e.u.dao.UserDao.selectOneByName - <==      Total: 1
11:58:21.838 [http-nio-34571-exec-1] DEBUG n.k.e.u.dao.UserDao.selectOneByName - ==>  Preparing: SELECT user_id, user_account, user_password, disabled, created_at, created_by, updated_at, updated_by FROM `epsi_user` WHERE `disabled` = 0 AND `user_account` = ?;
11:58:21.839 [http-nio-34571-exec-1] DEBUG n.k.e.u.dao.UserDao.selectOneByName - ==> Parameters: test(String)
11:58:21.846 [http-nio-34571-exec-1] DEBUG n.k.e.u.dao.UserDao.selectOneByName - <==      Total: 1
11:58:21.908 [http-nio-34571-exec-1] DEBUG n.k.e.i.d.V.selectOneOrManyVendor - ==>  Preparing: SELECT vendor_id, vendor_code, vendor_name, disabled FROM `epsi_vendor`
11:58:21.909 [http-nio-34571-exec-1] DEBUG n.k.e.i.d.V.selectOneOrManyVendor - ==> Parameters: 
11:58:21.921 [http-nio-34571-exec-1] DEBUG n.k.e.i.d.V.selectOneOrManyVendor - <==      Total: 50
11:58:21.938 [http-nio-34571-exec-1] INFO  n.k.e.c.h.ResponseResultHandlerAdvice - returnType:method 'getOneOrManyVendor' parameter -1
11:58:21.938 [http-nio-34571-exec-1] INFO  n.k.e.c.h.ResponseResultHandlerAdvice - converterType:class org.springframework.http.converter.json.MappingJackson2HttpMessageConverter
11:58:59.654 [http-nio-34571-exec-2] DEBUG n.k.e.u.dao.UserDao.selectOneByName - ==>  Preparing: SELECT user_id, user_account, user_password, disabled, created_at, created_by, updated_at, updated_by FROM `epsi_user` WHERE `disabled` = 0 AND `user_account` = ?;
11:58:59.654 [http-nio-34571-exec-2] DEBUG n.k.e.u.dao.UserDao.selectOneByName - ==> Parameters: test(String)
11:58:59.662 [http-nio-34571-exec-2] DEBUG n.k.e.u.dao.UserDao.selectOneByName - <==      Total: 1
11:58:59.737 [http-nio-34571-exec-2] DEBUG n.k.e.u.dao.UserDao.selectOneByName - ==>  Preparing: SELECT user_id, user_account, user_password, disabled, created_at, created_by, updated_at, updated_by FROM `epsi_user` WHERE `disabled` = 0 AND `user_account` = ?;
11:58:59.737 [http-nio-34571-exec-2] DEBUG n.k.e.u.dao.UserDao.selectOneByName - ==> Parameters: test(String)
11:58:59.744 [http-nio-34571-exec-2] DEBUG n.k.e.u.dao.UserDao.selectOneByName - <==      Total: 1
11:58:59.753 [http-nio-34571-exec-2] DEBUG n.k.e.i.d.V.selectOneOrManyVendor - ==>  Preparing: SELECT vendor_id, vendor_code, vendor_name, disabled FROM `epsi_vendor`
11:58:59.753 [http-nio-34571-exec-2] DEBUG n.k.e.i.d.V.selectOneOrManyVendor - ==> Parameters: 
11:58:59.764 [http-nio-34571-exec-2] DEBUG n.k.e.i.d.V.selectOneOrManyVendor - <==      Total: 50
11:58:59.776 [http-nio-34571-exec-2] INFO  n.k.e.c.h.ResponseResultHandlerAdvice - returnType:method 'getOneOrManyVendor' parameter -1
11:58:59.776 [http-nio-34571-exec-2] INFO  n.k.e.c.h.ResponseResultHandlerAdvice - converterType:class org.springframework.http.converter.json.MappingJackson2HttpMessageConverter
11:59:05.184 [http-nio-34571-exec-3] DEBUG n.k.e.u.dao.UserDao.selectOneByName - ==>  Preparing: SELECT user_id, user_account, user_password, disabled, created_at, created_by, updated_at, updated_by FROM `epsi_user` WHERE `disabled` = 0 AND `user_account` = ?;
11:59:05.185 [http-nio-34571-exec-3] DEBUG n.k.e.u.dao.UserDao.selectOneByName - ==> Parameters: test(String)
11:59:05.192 [http-nio-34571-exec-3] DEBUG n.k.e.u.dao.UserDao.selectOneByName - <==      Total: 1
11:59:05.278 [http-nio-34571-exec-3] DEBUG n.k.e.p.dao.BidDao.selectCreatedAt - ==>  Preparing: SELECT * FROM epsi_bid WHERE created_at >= ? ORDER BY created_at DESC limit 1
11:59:05.281 [http-nio-34571-exec-3] DEBUG n.k.e.p.dao.BidDao.selectCreatedAt - ==> Parameters: 2020-11-19(String)
11:59:05.288 [http-nio-34571-exec-3] DEBUG n.k.e.p.dao.BidDao.selectCreatedAt - <==      Total: 0
11:59:05.300 [http-nio-34571-exec-3] INFO  n.k.e.c.h.ResponseResultHandlerAdvice - returnType:method 'getNewBidNumber' parameter -1
11:59:05.300 [http-nio-34571-exec-3] INFO  n.k.e.c.h.ResponseResultHandlerAdvice - converterType:class org.springframework.http.converter.json.MappingJackson2HttpMessageConverter
12:00:09.685 [http-nio-34571-exec-4] ERROR c.a.d.pool.DruidAbstractDataSource - discard long time none received connection. , jdbcUrl : jdbc:mysql://8.129.6.121:53307/sppsi_test, jdbcUrl : jdbc:mysql://8.129.6.121:53307/sppsi_test, lastPacketReceivedIdleMillis : 64384
12:00:09.819 [http-nio-34571-exec-4] DEBUG n.k.e.u.dao.UserDao.selectOneByName - ==>  Preparing: SELECT user_id, user_account, user_password, disabled, created_at, created_by, updated_at, updated_by FROM `epsi_user` WHERE `disabled` = 0 AND `user_account` = ?;
12:00:09.820 [http-nio-34571-exec-4] DEBUG n.k.e.u.dao.UserDao.selectOneByName - ==> Parameters: test(String)
12:00:09.830 [http-nio-34571-exec-4] DEBUG n.k.e.u.dao.UserDao.selectOneByName - <==      Total: 1
12:00:09.910 [http-nio-34571-exec-4] DEBUG n.k.e.u.dao.UserDao.selectOneByName - ==>  Preparing: SELECT user_id, user_account, user_password, disabled, created_at, created_by, updated_at, updated_by FROM `epsi_user` WHERE `disabled` = 0 AND `user_account` = ?;
12:00:09.910 [http-nio-34571-exec-4] DEBUG n.k.e.u.dao.UserDao.selectOneByName - ==> Parameters: test(String)
12:00:09.920 [http-nio-34571-exec-4] DEBUG n.k.e.u.dao.UserDao.selectOneByName - <==      Total: 1
12:00:09.932 [http-nio-34571-exec-4] DEBUG n.k.e.i.d.V.selectOneOrManyVendor - ==>  Preparing: SELECT vendor_id, vendor_code, vendor_name, disabled FROM `epsi_vendor`
12:00:09.932 [http-nio-34571-exec-4] DEBUG n.k.e.i.d.V.selectOneOrManyVendor - ==> Parameters: 
12:00:09.944 [http-nio-34571-exec-4] DEBUG n.k.e.i.d.V.selectOneOrManyVendor - <==      Total: 50
12:00:09.962 [http-nio-34571-exec-4] INFO  n.k.e.c.h.ResponseResultHandlerAdvice - returnType:method 'getOneOrManyVendor' parameter -1
12:00:09.963 [http-nio-34571-exec-4] INFO  n.k.e.c.h.ResponseResultHandlerAdvice - converterType:class org.springframework.http.converter.json.MappingJackson2HttpMessageConverter
12:00:12.608 [http-nio-34571-exec-5] DEBUG n.k.e.u.dao.UserDao.selectOneByName - ==>  Preparing: SELECT user_id, user_account, user_password, disabled, created_at, created_by, updated_at, updated_by FROM `epsi_user` WHERE `disabled` = 0 AND `user_account` = ?;
12:00:12.609 [http-nio-34571-exec-5] DEBUG n.k.e.u.dao.UserDao.selectOneByName - ==> Parameters: test(String)
12:00:12.619 [http-nio-34571-exec-5] DEBUG n.k.e.u.dao.UserDao.selectOneByName - <==      Total: 1
12:00:12.694 [http-nio-34571-exec-5] DEBUG n.k.e.u.dao.UserDao.selectOneByName - ==>  Preparing: SELECT user_id, user_account, user_password, disabled, created_at, created_by, updated_at, updated_by FROM `epsi_user` WHERE `disabled` = 0 AND `user_account` = ?;
12:00:12.694 [http-nio-34571-exec-5] DEBUG n.k.e.u.dao.UserDao.selectOneByName - ==> Parameters: test(String)
12:00:12.704 [http-nio-34571-exec-5] DEBUG n.k.e.u.dao.UserDao.selectOneByName - <==      Total: 1
12:00:12.716 [http-nio-34571-exec-5] DEBUG n.k.e.i.d.V.selectOneOrManyVendor - ==>  Preparing: SELECT vendor_id, vendor_code, vendor_name, disabled FROM `epsi_vendor`
12:00:12.716 [http-nio-34571-exec-5] DEBUG n.k.e.i.d.V.selectOneOrManyVendor - ==> Parameters: 
12:00:12.728 [http-nio-34571-exec-5] DEBUG n.k.e.i.d.V.selectOneOrManyVendor - <==      Total: 50
12:00:12.747 [http-nio-34571-exec-5] INFO  n.k.e.c.h.ResponseResultHandlerAdvice - returnType:method 'getOneOrManyVendor' parameter -1
12:00:12.747 [http-nio-34571-exec-5] INFO  n.k.e.c.h.ResponseResultHandlerAdvice - converterType:class org.springframework.http.converter.json.MappingJackson2HttpMessageConverter
12:00:17.473 [http-nio-34571-exec-6] DEBUG n.k.e.u.dao.UserDao.selectOneByName - ==>  Preparing: SELECT user_id, user_account, user_password, disabled, created_at, created_by, updated_at, updated_by FROM `epsi_user` WHERE `disabled` = 0 AND `user_account` = ?;
12:00:17.473 [http-nio-34571-exec-6] DEBUG n.k.e.u.dao.UserDao.selectOneByName - ==> Parameters: test(String)
12:00:17.484 [http-nio-34571-exec-6] DEBUG n.k.e.u.dao.UserDao.selectOneByName - <==      Total: 1
12:00:17.569 [http-nio-34571-exec-6] DEBUG n.k.e.p.dao.BidDao.selectCreatedAt - ==>  Preparing: SELECT * FROM epsi_bid WHERE created_at >= ? ORDER BY created_at DESC limit 1
12:00:17.570 [http-nio-34571-exec-6] DEBUG n.k.e.p.dao.BidDao.selectCreatedAt - ==> Parameters: 2020-11-19(String)
12:00:17.581 [http-nio-34571-exec-6] DEBUG n.k.e.p.dao.BidDao.selectCreatedAt - <==      Total: 0
12:00:17.600 [http-nio-34571-exec-6] INFO  n.k.e.c.h.ResponseResultHandlerAdvice - returnType:method 'getNewBidNumber' parameter -1
12:00:17.600 [http-nio-34571-exec-6] INFO  n.k.e.c.h.ResponseResultHandlerAdvice - converterType:class org.springframework.http.converter.json.MappingJackson2HttpMessageConverter
13:39:26.705 [http-nio-34571-exec-7] DEBUG n.k.e.u.dao.UserDao.selectOneByName - ==>  Preparing: SELECT user_id, user_account, user_password, disabled, created_at, created_by, updated_at, updated_by FROM `epsi_user` WHERE `disabled` = 0 AND `user_account` = ?;
13:39:26.711 [http-nio-34571-exec-7] DEBUG n.k.e.u.dao.UserDao.selectOneByName - ==> Parameters: test(String)
13:39:26.723 [http-nio-34571-exec-7] DEBUG n.k.e.u.dao.UserDao.selectOneByName - <==      Total: 1
13:39:26.803 [http-nio-34571-exec-7] DEBUG n.k.e.u.dao.UserDao.selectOneByName - ==>  Preparing: SELECT user_id, user_account, user_password, disabled, created_at, created_by, updated_at, updated_by FROM `epsi_user` WHERE `disabled` = 0 AND `user_account` = ?;
13:39:26.803 [http-nio-34571-exec-7] DEBUG n.k.e.u.dao.UserDao.selectOneByName - ==> Parameters: test(String)
13:39:26.812 [http-nio-34571-exec-7] DEBUG n.k.e.u.dao.UserDao.selectOneByName - <==      Total: 1
13:39:26.834 [http-nio-34571-exec-7] DEBUG n.k.e.p.dao.BidDao.selectCreatedAt - ==>  Preparing: SELECT * FROM epsi_bid WHERE created_at >= ? ORDER BY created_at DESC limit 1
13:39:26.835 [http-nio-34571-exec-7] DEBUG n.k.e.p.dao.BidDao.selectCreatedAt - ==> Parameters: 2020-11-19(String)
13:39:26.844 [http-nio-34571-exec-7] DEBUG n.k.e.p.dao.BidDao.selectCreatedAt - <==      Total: 0
13:39:26.862 [http-nio-34571-exec-7] INFO  n.k.e.c.h.ResponseResultHandlerAdvice - returnType:method 'getNewBidNumber' parameter -1
13:39:26.862 [http-nio-34571-exec-7] INFO  n.k.e.c.h.ResponseResultHandlerAdvice - converterType:class org.springframework.http.converter.json.MappingJackson2HttpMessageConverter
14:02:32.842 [http-nio-34571-exec-8] ERROR c.a.d.pool.DruidAbstractDataSource - discard long time none received connection. , jdbcUrl : jdbc:mysql://8.129.6.121:53307/sppsi_test, jdbcUrl : jdbc:mysql://8.129.6.121:53307/sppsi_test, lastPacketReceivedIdleMillis : 1385981
14:02:33.080 [http-nio-34571-exec-8] DEBUG n.k.e.u.dao.UserDao.selectOneByName - ==>  Preparing: SELECT user_id, user_account, user_password, disabled, created_at, created_by, updated_at, updated_by FROM `epsi_user` WHERE `disabled` = 0 AND `user_account` = ?;
14:02:33.081 [http-nio-34571-exec-8] DEBUG n.k.e.u.dao.UserDao.selectOneByName - ==> Parameters: test(String)
14:02:33.098 [http-nio-34571-exec-8] DEBUG n.k.e.u.dao.UserDao.selectOneByName - <==      Total: 1
14:02:33.173 [http-nio-34571-exec-8] DEBUG n.k.e.u.dao.UserDao.selectOneByName - ==>  Preparing: SELECT user_id, user_account, user_password, disabled, created_at, created_by, updated_at, updated_by FROM `epsi_user` WHERE `disabled` = 0 AND `user_account` = ?;
14:02:33.174 [http-nio-34571-exec-8] DEBUG n.k.e.u.dao.UserDao.selectOneByName - ==> Parameters: test(String)
14:02:33.188 [http-nio-34571-exec-8] DEBUG n.k.e.u.dao.UserDao.selectOneByName - <==      Total: 1
14:02:33.204 [http-nio-34571-exec-8] DEBUG n.k.e.i.d.V.selectOneOrManyVendor - ==>  Preparing: SELECT vendor_id, vendor_code, vendor_name, disabled FROM `epsi_vendor`
14:02:33.204 [http-nio-34571-exec-8] DEBUG n.k.e.i.d.V.selectOneOrManyVendor - ==> Parameters: 
14:02:33.218 [http-nio-34571-exec-8] DEBUG n.k.e.i.d.V.selectOneOrManyVendor - <==      Total: 50
14:02:33.244 [http-nio-34571-exec-8] INFO  n.k.e.c.h.ResponseResultHandlerAdvice - returnType:method 'getOneOrManyVendor' parameter -1
14:02:33.244 [http-nio-34571-exec-8] INFO  n.k.e.c.h.ResponseResultHandlerAdvice - converterType:class org.springframework.http.converter.json.MappingJackson2HttpMessageConverter
14:02:37.149 [http-nio-34571-exec-9] DEBUG n.k.e.u.dao.UserDao.selectOneByName - ==>  Preparing: SELECT user_id, user_account, user_password, disabled, created_at, created_by, updated_at, updated_by FROM `epsi_user` WHERE `disabled` = 0 AND `user_account` = ?;
14:02:37.150 [http-nio-34571-exec-9] DEBUG n.k.e.u.dao.UserDao.selectOneByName - ==> Parameters: test(String)
14:02:37.166 [http-nio-34571-exec-9] DEBUG n.k.e.u.dao.UserDao.selectOneByName - <==      Total: 1
14:02:37.257 [http-nio-34571-exec-9] DEBUG n.k.e.p.dao.BidDao.selectCreatedAt - ==>  Preparing: SELECT * FROM epsi_bid WHERE created_at >= ? ORDER BY created_at DESC limit 1
14:02:37.257 [http-nio-34571-exec-9] DEBUG n.k.e.p.dao.BidDao.selectCreatedAt - ==> Parameters: 2020-11-19(String)
14:02:37.273 [http-nio-34571-exec-9] DEBUG n.k.e.p.dao.BidDao.selectCreatedAt - <==      Total: 0
14:02:37.306 [http-nio-34571-exec-9] INFO  n.k.e.c.h.ResponseResultHandlerAdvice - returnType:method 'getNewBidNumber' parameter -1
14:02:37.306 [http-nio-34571-exec-9] INFO  n.k.e.c.h.ResponseResultHandlerAdvice - converterType:class org.springframework.http.converter.json.MappingJackson2HttpMessageConverter
14:21:58.479 [http-nio-34571-exec-10] ERROR c.a.d.pool.DruidAbstractDataSource - discard long time none received connection. , jdbcUrl : jdbc:mysql://8.129.6.121:53307/sppsi_test, jdbcUrl : jdbc:mysql://8.129.6.121:53307/sppsi_test, lastPacketReceivedIdleMillis : 1161172
14:21:58.579 [http-nio-34571-exec-10] DEBUG n.k.e.u.dao.UserDao.selectOneByName - ==>  Preparing: SELECT user_id, user_account, user_password, disabled, created_at, created_by, updated_at, updated_by FROM `epsi_user` WHERE `disabled` = 0 AND `user_account` = ?;
14:21:58.580 [http-nio-34571-exec-10] DEBUG n.k.e.u.dao.UserDao.selectOneByName - ==> Parameters: test(String)
14:21:58.598 [http-nio-34571-exec-10] DEBUG n.k.e.u.dao.UserDao.selectOneByName - <==      Total: 1
14:21:58.673 [http-nio-34571-exec-10] DEBUG n.k.e.u.dao.UserDao.selectOneByName - ==>  Preparing: SELECT user_id, user_account, user_password, disabled, created_at, created_by, updated_at, updated_by FROM `epsi_user` WHERE `disabled` = 0 AND `user_account` = ?;
14:21:58.673 [http-nio-34571-exec-10] DEBUG n.k.e.u.dao.UserDao.selectOneByName - ==> Parameters: test(String)
14:21:58.680 [http-nio-34571-exec-10] DEBUG n.k.e.u.dao.UserDao.selectOneByName - <==      Total: 1
14:21:58.689 [http-nio-34571-exec-10] DEBUG n.k.e.i.d.V.selectOneOrManyVendor - ==>  Preparing: SELECT vendor_id, vendor_code, vendor_name, disabled FROM `epsi_vendor`
14:21:58.689 [http-nio-34571-exec-10] DEBUG n.k.e.i.d.V.selectOneOrManyVendor - ==> Parameters: 
14:21:58.698 [http-nio-34571-exec-10] DEBUG n.k.e.i.d.V.selectOneOrManyVendor - <==      Total: 50
14:21:58.711 [http-nio-34571-exec-10] INFO  n.k.e.c.h.ResponseResultHandlerAdvice - returnType:method 'getOneOrManyVendor' parameter -1
14:21:58.711 [http-nio-34571-exec-10] INFO  n.k.e.c.h.ResponseResultHandlerAdvice - converterType:class org.springframework.http.converter.json.MappingJackson2HttpMessageConverter
14:23:02.070 [http-nio-34571-exec-1] ERROR c.a.d.pool.DruidAbstractDataSource - discard long time none received connection. , jdbcUrl : jdbc:mysql://8.129.6.121:53307/sppsi_test, jdbcUrl : jdbc:mysql://8.129.6.121:53307/sppsi_test, lastPacketReceivedIdleMillis : 63359
14:23:02.197 [http-nio-34571-exec-1] DEBUG n.k.e.u.dao.UserDao.selectOneByName - ==>  Preparing: SELECT user_id, user_account, user_password, disabled, created_at, created_by, updated_at, updated_by FROM `epsi_user` WHERE `disabled` = 0 AND `user_account` = ?;
14:23:02.197 [http-nio-34571-exec-1] DEBUG n.k.e.u.dao.UserDao.selectOneByName - ==> Parameters: test(String)
14:23:02.206 [http-nio-34571-exec-1] DEBUG n.k.e.u.dao.UserDao.selectOneByName - <==      Total: 1
14:23:02.280 [http-nio-34571-exec-1] DEBUG n.k.e.u.dao.UserDao.selectOneByName - ==>  Preparing: SELECT user_id, user_account, user_password, disabled, created_at, created_by, updated_at, updated_by FROM `epsi_user` WHERE `disabled` = 0 AND `user_account` = ?;
14:23:02.281 [http-nio-34571-exec-1] DEBUG n.k.e.u.dao.UserDao.selectOneByName - ==> Parameters: test(String)
14:23:02.290 [http-nio-34571-exec-1] DEBUG n.k.e.u.dao.UserDao.selectOneByName - <==      Total: 1
14:23:02.301 [http-nio-34571-exec-1] DEBUG n.k.e.p.dao.BidDao.selectCreatedAt - ==>  Preparing: SELECT * FROM epsi_bid WHERE created_at >= ? ORDER BY created_at DESC limit 1
14:23:02.302 [http-nio-34571-exec-1] DEBUG n.k.e.p.dao.BidDao.selectCreatedAt - ==> Parameters: 2020-11-19(String)
14:23:02.311 [http-nio-34571-exec-1] DEBUG n.k.e.p.dao.BidDao.selectCreatedAt - <==      Total: 0
14:23:02.328 [http-nio-34571-exec-1] INFO  n.k.e.c.h.ResponseResultHandlerAdvice - returnType:method 'getNewBidNumber' parameter -1
14:23:02.328 [http-nio-34571-exec-1] INFO  n.k.e.c.h.ResponseResultHandlerAdvice - converterType:class org.springframework.http.converter.json.MappingJackson2HttpMessageConverter
14:31:23.822 [http-nio-34571-exec-2] ERROR c.a.d.pool.DruidAbstractDataSource - discard long time none received connection. , jdbcUrl : jdbc:mysql://8.129.6.121:53307/sppsi_test, jdbcUrl : jdbc:mysql://8.129.6.121:53307/sppsi_test, lastPacketReceivedIdleMillis : 501493
14:31:23.918 [http-nio-34571-exec-3] DEBUG n.k.e.u.dao.UserDao.selectOneByName - ==>  Preparing: SELECT user_id, user_account, user_password, disabled, created_at, created_by, updated_at, updated_by FROM `epsi_user` WHERE `disabled` = 0 AND `user_account` = ?;
14:31:23.919 [http-nio-34571-exec-3] DEBUG n.k.e.u.dao.UserDao.selectOneByName - ==> Parameters: test(String)
14:31:23.925 [http-nio-34571-exec-3] DEBUG n.k.e.u.dao.UserDao.selectOneByName - <==      Total: 1
14:31:23.925 [http-nio-34571-exec-2] DEBUG n.k.e.u.dao.UserDao.selectOneByName - ==>  Preparing: SELECT user_id, user_account, user_password, disabled, created_at, created_by, updated_at, updated_by FROM `epsi_user` WHERE `disabled` = 0 AND `user_account` = ?;
14:31:23.926 [http-nio-34571-exec-2] DEBUG n.k.e.u.dao.UserDao.selectOneByName - ==> Parameters: test(String)
14:31:23.932 [http-nio-34571-exec-2] DEBUG n.k.e.u.dao.UserDao.selectOneByName - <==      Total: 1
14:31:24.002 [http-nio-34571-exec-3] DEBUG n.k.e.u.dao.UserDao.selectOneByName - ==>  Preparing: SELECT user_id, user_account, user_password, disabled, created_at, created_by, updated_at, updated_by FROM `epsi_user` WHERE `disabled` = 0 AND `user_account` = ?;
14:31:24.002 [http-nio-34571-exec-3] DEBUG n.k.e.u.dao.UserDao.selectOneByName - ==> Parameters: test(String)
14:31:24.009 [http-nio-34571-exec-2] DEBUG n.k.e.u.dao.UserDao.selectOneByName - ==>  Preparing: SELECT user_id, user_account, user_password, disabled, created_at, created_by, updated_at, updated_by FROM `epsi_user` WHERE `disabled` = 0 AND `user_account` = ?;
14:31:24.009 [http-nio-34571-exec-3] DEBUG n.k.e.u.dao.UserDao.selectOneByName - <==      Total: 1
14:31:24.009 [http-nio-34571-exec-2] DEBUG n.k.e.u.dao.UserDao.selectOneByName - ==> Parameters: test(String)
14:31:24.016 [http-nio-34571-exec-2] DEBUG n.k.e.u.dao.UserDao.selectOneByName - <==      Total: 1
14:31:24.017 [http-nio-34571-exec-3] DEBUG n.k.e.i.d.V.selectOneOrManyVendor - ==>  Preparing: SELECT vendor_id, vendor_code, vendor_name, disabled FROM `epsi_vendor`
14:31:24.017 [http-nio-34571-exec-3] DEBUG n.k.e.i.d.V.selectOneOrManyVendor - ==> Parameters: 
14:31:24.024 [http-nio-34571-exec-2] DEBUG n.k.e.i.d.V.selectOneOrManyVendor - ==>  Preparing: SELECT vendor_id, vendor_code, vendor_name, disabled FROM `epsi_vendor`
14:31:24.024 [http-nio-34571-exec-2] DEBUG n.k.e.i.d.V.selectOneOrManyVendor - ==> Parameters: 
14:31:24.024 [http-nio-34571-exec-3] DEBUG n.k.e.i.d.V.selectOneOrManyVendor - <==      Total: 50
14:31:24.031 [http-nio-34571-exec-2] DEBUG n.k.e.i.d.V.selectOneOrManyVendor - <==      Total: 50
14:31:24.036 [http-nio-34571-exec-3] INFO  n.k.e.c.h.ResponseResultHandlerAdvice - returnType:method 'getOneOrManyVendor' parameter -1
14:31:24.036 [http-nio-34571-exec-3] INFO  n.k.e.c.h.ResponseResultHandlerAdvice - converterType:class org.springframework.http.converter.json.MappingJackson2HttpMessageConverter
14:31:24.043 [http-nio-34571-exec-2] INFO  n.k.e.c.h.ResponseResultHandlerAdvice - returnType:method 'getOneOrManyVendor' parameter -1
14:31:24.043 [http-nio-34571-exec-2] INFO  n.k.e.c.h.ResponseResultHandlerAdvice - converterType:class org.springframework.http.converter.json.MappingJackson2HttpMessageConverter
14:31:28.301 [http-nio-34571-exec-4] DEBUG n.k.e.u.dao.UserDao.selectOneByName - ==>  Preparing: SELECT user_id, user_account, user_password, disabled, created_at, created_by, updated_at, updated_by FROM `epsi_user` WHERE `disabled` = 0 AND `user_account` = ?;
14:31:28.301 [http-nio-34571-exec-4] DEBUG n.k.e.u.dao.UserDao.selectOneByName - ==> Parameters: test(String)
14:31:28.308 [http-nio-34571-exec-4] DEBUG n.k.e.u.dao.UserDao.selectOneByName - <==      Total: 1
14:31:28.382 [http-nio-34571-exec-4] DEBUG n.k.e.u.dao.UserDao.selectOneByName - ==>  Preparing: SELECT user_id, user_account, user_password, disabled, created_at, created_by, updated_at, updated_by FROM `epsi_user` WHERE `disabled` = 0 AND `user_account` = ?;
14:31:28.383 [http-nio-34571-exec-4] DEBUG n.k.e.u.dao.UserDao.selectOneByName - ==> Parameters: test(String)
14:31:28.389 [http-nio-34571-exec-4] DEBUG n.k.e.u.dao.UserDao.selectOneByName - <==      Total: 1
14:31:28.396 [http-nio-34571-exec-4] DEBUG n.k.e.i.d.V.selectOneOrManyVendor - ==>  Preparing: SELECT vendor_id, vendor_code, vendor_name, disabled FROM `epsi_vendor`
14:31:28.397 [http-nio-34571-exec-4] DEBUG n.k.e.i.d.V.selectOneOrManyVendor - ==> Parameters: 
14:31:28.403 [http-nio-34571-exec-4] DEBUG n.k.e.i.d.V.selectOneOrManyVendor - <==      Total: 50
14:31:28.415 [http-nio-34571-exec-4] INFO  n.k.e.c.h.ResponseResultHandlerAdvice - returnType:method 'getOneOrManyVendor' parameter -1
14:31:28.415 [http-nio-34571-exec-4] INFO  n.k.e.c.h.ResponseResultHandlerAdvice - converterType:class org.springframework.http.converter.json.MappingJackson2HttpMessageConverter
14:31:28.620 [http-nio-34571-exec-5] DEBUG n.k.e.u.dao.UserDao.selectOneByName - ==>  Preparing: SELECT user_id, user_account, user_password, disabled, created_at, created_by, updated_at, updated_by FROM `epsi_user` WHERE `disabled` = 0 AND `user_account` = ?;
14:31:28.621 [http-nio-34571-exec-5] DEBUG n.k.e.u.dao.UserDao.selectOneByName - ==> Parameters: test(String)
14:31:28.628 [http-nio-34571-exec-5] DEBUG n.k.e.u.dao.UserDao.selectOneByName - <==      Total: 1
14:31:28.703 [http-nio-34571-exec-5] DEBUG n.k.e.u.dao.UserDao.selectOneByName - ==>  Preparing: SELECT user_id, user_account, user_password, disabled, created_at, created_by, updated_at, updated_by FROM `epsi_user` WHERE `disabled` = 0 AND `user_account` = ?;
14:31:28.704 [http-nio-34571-exec-5] DEBUG n.k.e.u.dao.UserDao.selectOneByName - ==> Parameters: test(String)
14:31:28.710 [http-nio-34571-exec-5] DEBUG n.k.e.u.dao.UserDao.selectOneByName - <==      Total: 1
14:31:28.718 [http-nio-34571-exec-5] DEBUG n.k.e.i.d.V.selectOneOrManyVendor - ==>  Preparing: SELECT vendor_id, vendor_code, vendor_name, disabled FROM `epsi_vendor`
14:31:28.719 [http-nio-34571-exec-5] DEBUG n.k.e.i.d.V.selectOneOrManyVendor - ==> Parameters: 
14:31:28.726 [http-nio-34571-exec-5] DEBUG n.k.e.i.d.V.selectOneOrManyVendor - <==      Total: 50
14:31:28.737 [http-nio-34571-exec-5] INFO  n.k.e.c.h.ResponseResultHandlerAdvice - returnType:method 'getOneOrManyVendor' parameter -1
14:31:28.737 [http-nio-34571-exec-5] INFO  n.k.e.c.h.ResponseResultHandlerAdvice - converterType:class org.springframework.http.converter.json.MappingJackson2HttpMessageConverter
14:36:15.272 [http-nio-34571-exec-6] ERROR c.a.d.pool.DruidAbstractDataSource - discard long time none received connection. , jdbcUrl : jdbc:mysql://8.129.6.121:53307/sppsi_test, jdbcUrl : jdbc:mysql://8.129.6.121:53307/sppsi_test, lastPacketReceivedIdleMillis : 291235
14:36:15.272 [http-nio-34571-exec-7] ERROR c.a.d.pool.DruidAbstractDataSource - discard long time none received connection. , jdbcUrl : jdbc:mysql://8.129.6.121:53307/sppsi_test, jdbcUrl : jdbc:mysql://8.129.6.121:53307/sppsi_test, lastPacketReceivedIdleMillis : 286534
14:36:15.411 [http-nio-34571-exec-6] DEBUG n.k.e.u.dao.UserDao.selectOneByName - ==>  Preparing: SELECT user_id, user_account, user_password, disabled, created_at, created_by, updated_at, updated_by FROM `epsi_user` WHERE `disabled` = 0 AND `user_account` = ?;
14:36:15.412 [http-nio-34571-exec-6] DEBUG n.k.e.u.dao.UserDao.selectOneByName - ==> Parameters: test(String)
14:36:15.422 [http-nio-34571-exec-6] DEBUG n.k.e.u.dao.UserDao.selectOneByName - <==      Total: 1
14:36:15.422 [http-nio-34571-exec-7] DEBUG n.k.e.u.dao.UserDao.selectOneByName - ==>  Preparing: SELECT user_id, user_account, user_password, disabled, created_at, created_by, updated_at, updated_by FROM `epsi_user` WHERE `disabled` = 0 AND `user_account` = ?;
14:36:15.423 [http-nio-34571-exec-7] DEBUG n.k.e.u.dao.UserDao.selectOneByName - ==> Parameters: test(String)
14:36:15.432 [http-nio-34571-exec-7] DEBUG n.k.e.u.dao.UserDao.selectOneByName - <==      Total: 1
14:36:15.498 [http-nio-34571-exec-6] DEBUG n.k.e.u.dao.UserDao.selectOneByName - ==>  Preparing: SELECT user_id, user_account, user_password, disabled, created_at, created_by, updated_at, updated_by FROM `epsi_user` WHERE `disabled` = 0 AND `user_account` = ?;
14:36:15.498 [http-nio-34571-exec-6] DEBUG n.k.e.u.dao.UserDao.selectOneByName - ==> Parameters: test(String)
14:36:15.508 [http-nio-34571-exec-6] DEBUG n.k.e.u.dao.UserDao.selectOneByName - <==      Total: 1
14:36:15.508 [http-nio-34571-exec-7] DEBUG n.k.e.u.dao.UserDao.selectOneByName - ==>  Preparing: SELECT user_id, user_account, user_password, disabled, created_at, created_by, updated_at, updated_by FROM `epsi_user` WHERE `disabled` = 0 AND `user_account` = ?;
14:36:15.509 [http-nio-34571-exec-7] DEBUG n.k.e.u.dao.UserDao.selectOneByName - ==> Parameters: test(String)
14:36:15.519 [http-nio-34571-exec-7] DEBUG n.k.e.u.dao.UserDao.selectOneByName - <==      Total: 1
14:36:15.528 [http-nio-34571-exec-6] DEBUG n.k.e.i.d.V.selectOneOrManyVendor - ==>  Preparing: SELECT vendor_id, vendor_code, vendor_name, disabled FROM `epsi_vendor`
14:36:15.528 [http-nio-34571-exec-6] DEBUG n.k.e.i.d.V.selectOneOrManyVendor - ==> Parameters: 
14:36:15.539 [http-nio-34571-exec-6] DEBUG n.k.e.i.d.V.selectOneOrManyVendor - <==      Total: 50
14:36:15.550 [http-nio-34571-exec-7] DEBUG n.k.e.i.d.V.selectOneOrManyVendor - ==>  Preparing: SELECT vendor_id, vendor_code, vendor_name, disabled FROM `epsi_vendor`
14:36:15.551 [http-nio-34571-exec-7] DEBUG n.k.e.i.d.V.selectOneOrManyVendor - ==> Parameters: 
14:36:15.557 [http-nio-34571-exec-6] INFO  n.k.e.c.h.ResponseResultHandlerAdvice - returnType:method 'getOneOrManyVendor' parameter -1
14:36:15.557 [http-nio-34571-exec-6] INFO  n.k.e.c.h.ResponseResultHandlerAdvice - converterType:class org.springframework.http.converter.json.MappingJackson2HttpMessageConverter
14:36:15.560 [http-nio-34571-exec-7] DEBUG n.k.e.i.d.V.selectOneOrManyVendor - <==      Total: 50
14:36:15.579 [http-nio-34571-exec-7] INFO  n.k.e.c.h.ResponseResultHandlerAdvice - returnType:method 'getOneOrManyVendor' parameter -1
14:36:15.579 [http-nio-34571-exec-7] INFO  n.k.e.c.h.ResponseResultHandlerAdvice - converterType:class org.springframework.http.converter.json.MappingJackson2HttpMessageConverter
14:37:37.801 [http-nio-34571-exec-8] ERROR c.a.d.pool.DruidAbstractDataSource - discard long time none received connection. , jdbcUrl : jdbc:mysql://8.129.6.121:53307/sppsi_test, jdbcUrl : jdbc:mysql://8.129.6.121:53307/sppsi_test, lastPacketReceivedIdleMillis : 82222
14:37:37.801 [http-nio-34571-exec-9] ERROR c.a.d.pool.DruidAbstractDataSource - discard long time none received connection. , jdbcUrl : jdbc:mysql://8.129.6.121:53307/sppsi_test, jdbcUrl : jdbc:mysql://8.129.6.121:53307/sppsi_test, lastPacketReceivedIdleMillis : 82243
14:37:37.946 [http-nio-34571-exec-8] DEBUG n.k.e.u.dao.UserDao.selectOneByName - ==>  Preparing: SELECT user_id, user_account, user_password, disabled, created_at, created_by, updated_at, updated_by FROM `epsi_user` WHERE `disabled` = 0 AND `user_account` = ?;
14:37:37.947 [http-nio-34571-exec-8] DEBUG n.k.e.u.dao.UserDao.selectOneByName - ==> Parameters: test(String)
14:37:37.958 [http-nio-34571-exec-8] DEBUG n.k.e.u.dao.UserDao.selectOneByName - <==      Total: 1
14:37:37.959 [http-nio-34571-exec-9] DEBUG n.k.e.u.dao.UserDao.selectOneByName - ==>  Preparing: SELECT user_id, user_account, user_password, disabled, created_at, created_by, updated_at, updated_by FROM `epsi_user` WHERE `disabled` = 0 AND `user_account` = ?;
14:37:37.959 [http-nio-34571-exec-9] DEBUG n.k.e.u.dao.UserDao.selectOneByName - ==> Parameters: test(String)
14:37:37.970 [http-nio-34571-exec-9] DEBUG n.k.e.u.dao.UserDao.selectOneByName - <==      Total: 1
14:37:38.033 [http-nio-34571-exec-8] DEBUG n.k.e.u.dao.UserDao.selectOneByName - ==>  Preparing: SELECT user_id, user_account, user_password, disabled, created_at, created_by, updated_at, updated_by FROM `epsi_user` WHERE `disabled` = 0 AND `user_account` = ?;
14:37:38.034 [http-nio-34571-exec-8] DEBUG n.k.e.u.dao.UserDao.selectOneByName - ==> Parameters: test(String)
14:37:38.044 [http-nio-34571-exec-8] DEBUG n.k.e.u.dao.UserDao.selectOneByName - <==      Total: 1
14:37:38.044 [http-nio-34571-exec-9] DEBUG n.k.e.u.dao.UserDao.selectOneByName - ==>  Preparing: SELECT user_id, user_account, user_password, disabled, created_at, created_by, updated_at, updated_by FROM `epsi_user` WHERE `disabled` = 0 AND `user_account` = ?;
14:37:38.045 [http-nio-34571-exec-9] DEBUG n.k.e.u.dao.UserDao.selectOneByName - ==> Parameters: test(String)
14:37:38.055 [http-nio-34571-exec-9] DEBUG n.k.e.u.dao.UserDao.selectOneByName - <==      Total: 1
14:37:38.065 [http-nio-34571-exec-8] DEBUG n.k.e.i.d.V.selectOneOrManyVendor - ==>  Preparing: SELECT vendor_id, vendor_code, vendor_name, disabled FROM `epsi_vendor`
14:37:38.065 [http-nio-34571-exec-8] DEBUG n.k.e.i.d.V.selectOneOrManyVendor - ==> Parameters: 
14:37:38.076 [http-nio-34571-exec-8] DEBUG n.k.e.i.d.V.selectOneOrManyVendor - <==      Total: 50
14:37:38.083 [http-nio-34571-exec-9] DEBUG n.k.e.i.d.V.selectOneOrManyVendor - ==>  Preparing: SELECT vendor_id, vendor_code, vendor_name, disabled FROM `epsi_vendor`
14:37:38.083 [http-nio-34571-exec-9] DEBUG n.k.e.i.d.V.selectOneOrManyVendor - ==> Parameters: 
14:37:38.093 [http-nio-34571-exec-9] DEBUG n.k.e.i.d.V.selectOneOrManyVendor - <==      Total: 50
14:37:38.095 [http-nio-34571-exec-8] INFO  n.k.e.c.h.ResponseResultHandlerAdvice - returnType:method 'getOneOrManyVendor' parameter -1
14:37:38.095 [http-nio-34571-exec-8] INFO  n.k.e.c.h.ResponseResultHandlerAdvice - converterType:class org.springframework.http.converter.json.MappingJackson2HttpMessageConverter
14:37:38.111 [http-nio-34571-exec-9] INFO  n.k.e.c.h.ResponseResultHandlerAdvice - returnType:method 'getOneOrManyVendor' parameter -1
14:37:38.111 [http-nio-34571-exec-9] INFO  n.k.e.c.h.ResponseResultHandlerAdvice - converterType:class org.springframework.http.converter.json.MappingJackson2HttpMessageConverter
14:43:23.350 [http-nio-34571-exec-10] ERROR c.a.d.pool.DruidAbstractDataSource - discard long time none received connection. , jdbcUrl : jdbc:mysql://8.129.6.121:53307/sppsi_test, jdbcUrl : jdbc:mysql://8.129.6.121:53307/sppsi_test, lastPacketReceivedIdleMillis : 345239
14:43:23.351 [http-nio-34571-exec-1] ERROR c.a.d.pool.DruidAbstractDataSource - discard long time none received connection. , jdbcUrl : jdbc:mysql://8.129.6.121:53307/sppsi_test, jdbcUrl : jdbc:mysql://8.129.6.121:53307/sppsi_test, lastPacketReceivedIdleMillis : 345256
14:43:23.491 [http-nio-34571-exec-10] DEBUG n.k.e.u.dao.UserDao.selectOneByName - ==>  Preparing: SELECT user_id, user_account, user_password, disabled, created_at, created_by, updated_at, updated_by FROM `epsi_user` WHERE `disabled` = 0 AND `user_account` = ?;
14:43:23.492 [http-nio-34571-exec-10] DEBUG n.k.e.u.dao.UserDao.selectOneByName - ==> Parameters: test(String)
14:43:23.502 [http-nio-34571-exec-10] DEBUG n.k.e.u.dao.UserDao.selectOneByName - <==      Total: 1
14:43:23.502 [http-nio-34571-exec-1] DEBUG n.k.e.u.dao.UserDao.selectOneByName - ==>  Preparing: SELECT user_id, user_account, user_password, disabled, created_at, created_by, updated_at, updated_by FROM `epsi_user` WHERE `disabled` = 0 AND `user_account` = ?;
14:43:23.503 [http-nio-34571-exec-1] DEBUG n.k.e.u.dao.UserDao.selectOneByName - ==> Parameters: test(String)
14:43:23.512 [http-nio-34571-exec-1] DEBUG n.k.e.u.dao.UserDao.selectOneByName - <==      Total: 1
14:43:23.578 [http-nio-34571-exec-10] DEBUG n.k.e.u.dao.UserDao.selectOneByName - ==>  Preparing: SELECT user_id, user_account, user_password, disabled, created_at, created_by, updated_at, updated_by FROM `epsi_user` WHERE `disabled` = 0 AND `user_account` = ?;
14:43:23.579 [http-nio-34571-exec-10] DEBUG n.k.e.u.dao.UserDao.selectOneByName - ==> Parameters: test(String)
14:43:23.588 [http-nio-34571-exec-10] DEBUG n.k.e.u.dao.UserDao.selectOneByName - <==      Total: 1
14:43:23.589 [http-nio-34571-exec-1] DEBUG n.k.e.u.dao.UserDao.selectOneByName - ==>  Preparing: SELECT user_id, user_account, user_password, disabled, created_at, created_by, updated_at, updated_by FROM `epsi_user` WHERE `disabled` = 0 AND `user_account` = ?;
14:43:23.589 [http-nio-34571-exec-1] DEBUG n.k.e.u.dao.UserDao.selectOneByName - ==> Parameters: test(String)
14:43:23.599 [http-nio-34571-exec-1] DEBUG n.k.e.u.dao.UserDao.selectOneByName - <==      Total: 1
14:43:23.608 [http-nio-34571-exec-10] DEBUG n.k.e.i.d.V.selectOneOrManyVendor - ==>  Preparing: SELECT vendor_id, vendor_code, vendor_name, disabled FROM `epsi_vendor`
14:43:23.608 [http-nio-34571-exec-10] DEBUG n.k.e.i.d.V.selectOneOrManyVendor - ==> Parameters: 
14:43:23.617 [http-nio-34571-exec-10] DEBUG n.k.e.i.d.V.selectOneOrManyVendor - <==      Total: 50
14:43:23.632 [http-nio-34571-exec-1] DEBUG n.k.e.i.d.V.selectOneOrManyVendor - ==>  Preparing: SELECT vendor_id, vendor_code, vendor_name, disabled FROM `epsi_vendor`
14:43:23.632 [http-nio-34571-exec-1] DEBUG n.k.e.i.d.V.selectOneOrManyVendor - ==> Parameters: 
14:43:23.635 [http-nio-34571-exec-10] INFO  n.k.e.c.h.ResponseResultHandlerAdvice - returnType:method 'getOneOrManyVendor' parameter -1
14:43:23.635 [http-nio-34571-exec-10] INFO  n.k.e.c.h.ResponseResultHandlerAdvice - converterType:class org.springframework.http.converter.json.MappingJackson2HttpMessageConverter
14:43:23.642 [http-nio-34571-exec-1] DEBUG n.k.e.i.d.V.selectOneOrManyVendor - <==      Total: 50
14:43:23.660 [http-nio-34571-exec-1] INFO  n.k.e.c.h.ResponseResultHandlerAdvice - returnType:method 'getOneOrManyVendor' parameter -1
14:43:23.660 [http-nio-34571-exec-1] INFO  n.k.e.c.h.ResponseResultHandlerAdvice - converterType:class org.springframework.http.converter.json.MappingJackson2HttpMessageConverter
14:43:28.359 [http-nio-34571-exec-3] DEBUG n.k.e.u.dao.UserDao.selectOneByName - ==>  Preparing: SELECT user_id, user_account, user_password, disabled, created_at, created_by, updated_at, updated_by FROM `epsi_user` WHERE `disabled` = 0 AND `user_account` = ?;
14:43:28.359 [http-nio-34571-exec-3] DEBUG n.k.e.u.dao.UserDao.selectOneByName - ==> Parameters: test(String)
14:43:28.369 [http-nio-34571-exec-3] DEBUG n.k.e.u.dao.UserDao.selectOneByName - <==      Total: 1
14:43:28.444 [http-nio-34571-exec-3] DEBUG n.k.e.u.dao.UserDao.selectOneByName - ==>  Preparing: SELECT user_id, user_account, user_password, disabled, created_at, created_by, updated_at, updated_by FROM `epsi_user` WHERE `disabled` = 0 AND `user_account` = ?;
14:43:28.444 [http-nio-34571-exec-3] DEBUG n.k.e.u.dao.UserDao.selectOneByName - ==> Parameters: test(String)
14:43:28.454 [http-nio-34571-exec-3] DEBUG n.k.e.u.dao.UserDao.selectOneByName - <==      Total: 1
14:43:28.464 [http-nio-34571-exec-3] DEBUG n.k.e.i.d.V.selectOneOrManyVendor - ==>  Preparing: SELECT vendor_id, vendor_code, vendor_name, disabled FROM `epsi_vendor`
14:43:28.465 [http-nio-34571-exec-3] DEBUG n.k.e.i.d.V.selectOneOrManyVendor - ==> Parameters: 
14:43:28.475 [http-nio-34571-exec-3] DEBUG n.k.e.i.d.V.selectOneOrManyVendor - <==      Total: 50
14:43:28.493 [http-nio-34571-exec-3] INFO  n.k.e.c.h.ResponseResultHandlerAdvice - returnType:method 'getOneOrManyVendor' parameter -1
14:43:28.493 [http-nio-34571-exec-3] INFO  n.k.e.c.h.ResponseResultHandlerAdvice - converterType:class org.springframework.http.converter.json.MappingJackson2HttpMessageConverter
14:43:28.675 [http-nio-34571-exec-2] DEBUG n.k.e.u.dao.UserDao.selectOneByName - ==>  Preparing: SELECT user_id, user_account, user_password, disabled, created_at, created_by, updated_at, updated_by FROM `epsi_user` WHERE `disabled` = 0 AND `user_account` = ?;
14:43:28.676 [http-nio-34571-exec-2] DEBUG n.k.e.u.dao.UserDao.selectOneByName - ==> Parameters: test(String)
14:43:28.685 [http-nio-34571-exec-2] DEBUG n.k.e.u.dao.UserDao.selectOneByName - <==      Total: 1
14:43:28.759 [http-nio-34571-exec-2] DEBUG n.k.e.u.dao.UserDao.selectOneByName - ==>  Preparing: SELECT user_id, user_account, user_password, disabled, created_at, created_by, updated_at, updated_by FROM `epsi_user` WHERE `disabled` = 0 AND `user_account` = ?;
14:43:28.760 [http-nio-34571-exec-2] DEBUG n.k.e.u.dao.UserDao.selectOneByName - ==> Parameters: test(String)
14:43:28.769 [http-nio-34571-exec-2] DEBUG n.k.e.u.dao.UserDao.selectOneByName - <==      Total: 1
14:43:28.780 [http-nio-34571-exec-2] DEBUG n.k.e.i.d.V.selectOneOrManyVendor - ==>  Preparing: SELECT vendor_id, vendor_code, vendor_name, disabled FROM `epsi_vendor`
14:43:28.780 [http-nio-34571-exec-2] DEBUG n.k.e.i.d.V.selectOneOrManyVendor - ==> Parameters: 
14:43:28.791 [http-nio-34571-exec-2] DEBUG n.k.e.i.d.V.selectOneOrManyVendor - <==      Total: 50
14:43:28.809 [http-nio-34571-exec-2] INFO  n.k.e.c.h.ResponseResultHandlerAdvice - returnType:method 'getOneOrManyVendor' parameter -1
14:43:28.809 [http-nio-34571-exec-2] INFO  n.k.e.c.h.ResponseResultHandlerAdvice - converterType:class org.springframework.http.converter.json.MappingJackson2HttpMessageConverter
14:43:37.137 [http-nio-34571-exec-5] DEBUG n.k.e.u.dao.UserDao.selectOneByName - ==>  Preparing: SELECT user_id, user_account, user_password, disabled, created_at, created_by, updated_at, updated_by FROM `epsi_user` WHERE `disabled` = 0 AND `user_account` = ?;
14:43:37.137 [http-nio-34571-exec-4] DEBUG n.k.e.u.dao.UserDao.selectOneByName - ==>  Preparing: SELECT user_id, user_account, user_password, disabled, created_at, created_by, updated_at, updated_by FROM `epsi_user` WHERE `disabled` = 0 AND `user_account` = ?;
14:43:37.137 [http-nio-34571-exec-5] DEBUG n.k.e.u.dao.UserDao.selectOneByName - ==> Parameters: test(String)
14:43:37.137 [http-nio-34571-exec-4] DEBUG n.k.e.u.dao.UserDao.selectOneByName - ==> Parameters: test(String)
14:43:37.147 [http-nio-34571-exec-4] DEBUG n.k.e.u.dao.UserDao.selectOneByName - <==      Total: 1
14:43:37.147 [http-nio-34571-exec-5] DEBUG n.k.e.u.dao.UserDao.selectOneByName - <==      Total: 1
14:43:37.225 [http-nio-34571-exec-4] DEBUG n.k.e.u.dao.UserDao.selectOneByName - ==>  Preparing: SELECT user_id, user_account, user_password, disabled, created_at, created_by, updated_at, updated_by FROM `epsi_user` WHERE `disabled` = 0 AND `user_account` = ?;
14:43:37.225 [http-nio-34571-exec-5] DEBUG n.k.e.u.dao.UserDao.selectOneByName - ==>  Preparing: SELECT user_id, user_account, user_password, disabled, created_at, created_by, updated_at, updated_by FROM `epsi_user` WHERE `disabled` = 0 AND `user_account` = ?;
14:43:37.225 [http-nio-34571-exec-4] DEBUG n.k.e.u.dao.UserDao.selectOneByName - ==> Parameters: test(String)
14:43:37.225 [http-nio-34571-exec-5] DEBUG n.k.e.u.dao.UserDao.selectOneByName - ==> Parameters: test(String)
14:43:37.234 [http-nio-34571-exec-5] DEBUG n.k.e.u.dao.UserDao.selectOneByName - <==      Total: 1
14:43:37.235 [http-nio-34571-exec-4] DEBUG n.k.e.u.dao.UserDao.selectOneByName - <==      Total: 1
14:43:37.245 [http-nio-34571-exec-5] DEBUG n.k.e.i.d.V.selectOneOrManyVendor - ==>  Preparing: SELECT vendor_id, vendor_code, vendor_name, disabled FROM `epsi_vendor`
14:43:37.245 [http-nio-34571-exec-4] DEBUG n.k.e.i.d.V.selectOneOrManyVendor - ==>  Preparing: SELECT vendor_id, vendor_code, vendor_name, disabled FROM `epsi_vendor`
14:43:37.245 [http-nio-34571-exec-5] DEBUG n.k.e.i.d.V.selectOneOrManyVendor - ==> Parameters: 
14:43:37.245 [http-nio-34571-exec-4] DEBUG n.k.e.i.d.V.selectOneOrManyVendor - ==> Parameters: 
14:43:37.255 [http-nio-34571-exec-5] DEBUG n.k.e.i.d.V.selectOneOrManyVendor - <==      Total: 50
14:43:37.255 [http-nio-34571-exec-4] DEBUG n.k.e.i.d.V.selectOneOrManyVendor - <==      Total: 50
14:43:37.273 [http-nio-34571-exec-4] INFO  n.k.e.c.h.ResponseResultHandlerAdvice - returnType:method 'getOneOrManyVendor' parameter -1
14:43:37.273 [http-nio-34571-exec-4] INFO  n.k.e.c.h.ResponseResultHandlerAdvice - converterType:class org.springframework.http.converter.json.MappingJackson2HttpMessageConverter
14:43:37.273 [http-nio-34571-exec-5] INFO  n.k.e.c.h.ResponseResultHandlerAdvice - returnType:method 'getOneOrManyVendor' parameter -1
14:43:37.273 [http-nio-34571-exec-5] INFO  n.k.e.c.h.ResponseResultHandlerAdvice - converterType:class org.springframework.http.converter.json.MappingJackson2HttpMessageConverter
14:44:59.928 [http-nio-34571-exec-7] ERROR c.a.d.pool.DruidAbstractDataSource - discard long time none received connection. , jdbcUrl : jdbc:mysql://8.129.6.121:53307/sppsi_test, jdbcUrl : jdbc:mysql://8.129.6.121:53307/sppsi_test, lastPacketReceivedIdleMillis : 82654
14:44:59.928 [http-nio-34571-exec-6] ERROR c.a.d.pool.DruidAbstractDataSource - discard long time none received connection. , jdbcUrl : jdbc:mysql://8.129.6.121:53307/sppsi_test, jdbcUrl : jdbc:mysql://8.129.6.121:53307/sppsi_test, lastPacketReceivedIdleMillis : 82655
14:45:00.071 [http-nio-34571-exec-7] DEBUG n.k.e.u.dao.UserDao.selectOneByName - ==>  Preparing: SELECT user_id, user_account, user_password, disabled, created_at, created_by, updated_at, updated_by FROM `epsi_user` WHERE `disabled` = 0 AND `user_account` = ?;
14:45:00.072 [http-nio-34571-exec-7] DEBUG n.k.e.u.dao.UserDao.selectOneByName - ==> Parameters: test(String)
14:45:00.082 [http-nio-34571-exec-7] DEBUG n.k.e.u.dao.UserDao.selectOneByName - <==      Total: 1
14:45:00.082 [http-nio-34571-exec-6] DEBUG n.k.e.u.dao.UserDao.selectOneByName - ==>  Preparing: SELECT user_id, user_account, user_password, disabled, created_at, created_by, updated_at, updated_by FROM `epsi_user` WHERE `disabled` = 0 AND `user_account` = ?;
14:45:00.083 [http-nio-34571-exec-6] DEBUG n.k.e.u.dao.UserDao.selectOneByName - ==> Parameters: test(String)
14:45:00.092 [http-nio-34571-exec-6] DEBUG n.k.e.u.dao.UserDao.selectOneByName - <==      Total: 1
14:45:00.157 [http-nio-34571-exec-7] DEBUG n.k.e.u.dao.UserDao.selectOneByName - ==>  Preparing: SELECT user_id, user_account, user_password, disabled, created_at, created_by, updated_at, updated_by FROM `epsi_user` WHERE `disabled` = 0 AND `user_account` = ?;
14:45:00.157 [http-nio-34571-exec-7] DEBUG n.k.e.u.dao.UserDao.selectOneByName - ==> Parameters: test(String)
14:45:00.166 [http-nio-34571-exec-7] DEBUG n.k.e.u.dao.UserDao.selectOneByName - <==      Total: 1
14:45:00.167 [http-nio-34571-exec-6] DEBUG n.k.e.u.dao.UserDao.selectOneByName - ==>  Preparing: SELECT user_id, user_account, user_password, disabled, created_at, created_by, updated_at, updated_by FROM `epsi_user` WHERE `disabled` = 0 AND `user_account` = ?;
14:45:00.167 [http-nio-34571-exec-6] DEBUG n.k.e.u.dao.UserDao.selectOneByName - ==> Parameters: test(String)
14:45:00.176 [http-nio-34571-exec-6] DEBUG n.k.e.u.dao.UserDao.selectOneByName - <==      Total: 1
14:45:00.186 [http-nio-34571-exec-7] DEBUG n.k.e.i.d.V.selectOneOrManyVendor - ==>  Preparing: SELECT vendor_id, vendor_code, vendor_name, disabled FROM `epsi_vendor`
14:45:00.186 [http-nio-34571-exec-7] DEBUG n.k.e.i.d.V.selectOneOrManyVendor - ==> Parameters: 
14:45:00.196 [http-nio-34571-exec-7] DEBUG n.k.e.i.d.V.selectOneOrManyVendor - <==      Total: 50
14:45:00.204 [http-nio-34571-exec-6] DEBUG n.k.e.i.d.V.selectOneOrManyVendor - ==>  Preparing: SELECT vendor_id, vendor_code, vendor_name, disabled FROM `epsi_vendor`
14:45:00.204 [http-nio-34571-exec-6] DEBUG n.k.e.i.d.V.selectOneOrManyVendor - ==> Parameters: 
14:45:00.214 [http-nio-34571-exec-6] DEBUG n.k.e.i.d.V.selectOneOrManyVendor - <==      Total: 50
14:45:00.214 [http-nio-34571-exec-7] INFO  n.k.e.c.h.ResponseResultHandlerAdvice - returnType:method 'getOneOrManyVendor' parameter -1
14:45:00.214 [http-nio-34571-exec-7] INFO  n.k.e.c.h.ResponseResultHandlerAdvice - converterType:class org.springframework.http.converter.json.MappingJackson2HttpMessageConverter
14:45:00.231 [http-nio-34571-exec-6] INFO  n.k.e.c.h.ResponseResultHandlerAdvice - returnType:method 'getOneOrManyVendor' parameter -1
14:45:00.231 [http-nio-34571-exec-6] INFO  n.k.e.c.h.ResponseResultHandlerAdvice - converterType:class org.springframework.http.converter.json.MappingJackson2HttpMessageConverter
14:50:25.166 [http-nio-34571-exec-8] ERROR c.a.d.pool.DruidAbstractDataSource - discard long time none received connection. , jdbcUrl : jdbc:mysql://8.129.6.121:53307/sppsi_test, jdbcUrl : jdbc:mysql://8.129.6.121:53307/sppsi_test, lastPacketReceivedIdleMillis : 324935
14:50:25.178 [http-nio-34571-exec-9] ERROR c.a.d.pool.DruidAbstractDataSource - discard long time none received connection. , jdbcUrl : jdbc:mysql://8.129.6.121:53307/sppsi_test, jdbcUrl : jdbc:mysql://8.129.6.121:53307/sppsi_test, lastPacketReceivedIdleMillis : 324963
14:50:25.319 [http-nio-34571-exec-8] DEBUG n.k.e.u.dao.UserDao.selectOneByName - ==>  Preparing: SELECT user_id, user_account, user_password, disabled, created_at, created_by, updated_at, updated_by FROM `epsi_user` WHERE `disabled` = 0 AND `user_account` = ?;
14:50:25.319 [http-nio-34571-exec-8] DEBUG n.k.e.u.dao.UserDao.selectOneByName - ==> Parameters: test(String)
14:50:25.331 [http-nio-34571-exec-8] DEBUG n.k.e.u.dao.UserDao.selectOneByName - <==      Total: 1
14:50:25.331 [http-nio-34571-exec-9] DEBUG n.k.e.u.dao.UserDao.selectOneByName - ==>  Preparing: SELECT user_id, user_account, user_password, disabled, created_at, created_by, updated_at, updated_by FROM `epsi_user` WHERE `disabled` = 0 AND `user_account` = ?;
14:50:25.331 [http-nio-34571-exec-9] DEBUG n.k.e.u.dao.UserDao.selectOneByName - ==> Parameters: test(String)
14:50:25.343 [http-nio-34571-exec-9] DEBUG n.k.e.u.dao.UserDao.selectOneByName - <==      Total: 1
14:50:25.405 [http-nio-34571-exec-8] DEBUG n.k.e.u.dao.UserDao.selectOneByName - ==>  Preparing: SELECT user_id, user_account, user_password, disabled, created_at, created_by, updated_at, updated_by FROM `epsi_user` WHERE `disabled` = 0 AND `user_account` = ?;
14:50:25.405 [http-nio-34571-exec-8] DEBUG n.k.e.u.dao.UserDao.selectOneByName - ==> Parameters: test(String)
14:50:25.417 [http-nio-34571-exec-8] DEBUG n.k.e.u.dao.UserDao.selectOneByName - <==      Total: 1
14:50:25.418 [http-nio-34571-exec-9] DEBUG n.k.e.u.dao.UserDao.selectOneByName - ==>  Preparing: SELECT user_id, user_account, user_password, disabled, created_at, created_by, updated_at, updated_by FROM `epsi_user` WHERE `disabled` = 0 AND `user_account` = ?;
14:50:25.418 [http-nio-34571-exec-9] DEBUG n.k.e.u.dao.UserDao.selectOneByName - ==> Parameters: test(String)
14:50:25.430 [http-nio-34571-exec-9] DEBUG n.k.e.u.dao.UserDao.selectOneByName - <==      Total: 1
14:50:25.441 [http-nio-34571-exec-8] DEBUG n.k.e.i.d.V.selectOneOrManyVendor - ==>  Preparing: SELECT vendor_id, vendor_code, vendor_name, disabled FROM `epsi_vendor`
14:50:25.441 [http-nio-34571-exec-8] DEBUG n.k.e.i.d.V.selectOneOrManyVendor - ==> Parameters: 
14:50:25.453 [http-nio-34571-exec-8] DEBUG n.k.e.i.d.V.selectOneOrManyVendor - <==      Total: 50
14:50:25.464 [http-nio-34571-exec-9] DEBUG n.k.e.i.d.V.selectOneOrManyVendor - ==>  Preparing: SELECT vendor_id, vendor_code, vendor_name, disabled FROM `epsi_vendor`
14:50:25.466 [http-nio-34571-exec-9] DEBUG n.k.e.i.d.V.selectOneOrManyVendor - ==> Parameters: 
14:50:25.474 [http-nio-34571-exec-8] INFO  n.k.e.c.h.ResponseResultHandlerAdvice - returnType:method 'getOneOrManyVendor' parameter -1
14:50:25.474 [http-nio-34571-exec-8] INFO  n.k.e.c.h.ResponseResultHandlerAdvice - converterType:class org.springframework.http.converter.json.MappingJackson2HttpMessageConverter
14:50:25.477 [http-nio-34571-exec-9] DEBUG n.k.e.i.d.V.selectOneOrManyVendor - <==      Total: 50
14:50:25.497 [http-nio-34571-exec-9] INFO  n.k.e.c.h.ResponseResultHandlerAdvice - returnType:method 'getOneOrManyVendor' parameter -1
14:50:25.497 [http-nio-34571-exec-9] INFO  n.k.e.c.h.ResponseResultHandlerAdvice - converterType:class org.springframework.http.converter.json.MappingJackson2HttpMessageConverter
14:59:27.666 [http-nio-34571-exec-10] ERROR c.a.d.pool.DruidAbstractDataSource - discard long time none received connection. , jdbcUrl : jdbc:mysql://8.129.6.121:53307/sppsi_test, jdbcUrl : jdbc:mysql://8.129.6.121:53307/sppsi_test, lastPacketReceivedIdleMillis : 542170
14:59:27.675 [http-nio-34571-exec-1] ERROR c.a.d.pool.DruidAbstractDataSource - discard long time none received connection. , jdbcUrl : jdbc:mysql://8.129.6.121:53307/sppsi_test, jdbcUrl : jdbc:mysql://8.129.6.121:53307/sppsi_test, lastPacketReceivedIdleMillis : 542200
14:59:27.761 [http-nio-34571-exec-10] DEBUG n.k.e.u.dao.UserDao.selectOneByName - ==>  Preparing: SELECT user_id, user_account, user_password, disabled, created_at, created_by, updated_at, updated_by FROM `epsi_user` WHERE `disabled` = 0 AND `user_account` = ?;
14:59:27.762 [http-nio-34571-exec-10] DEBUG n.k.e.u.dao.UserDao.selectOneByName - ==> Parameters: test(String)
14:59:27.769 [http-nio-34571-exec-10] DEBUG n.k.e.u.dao.UserDao.selectOneByName - <==      Total: 1
14:59:27.769 [http-nio-34571-exec-1] DEBUG n.k.e.u.dao.UserDao.selectOneByName - ==>  Preparing: SELECT user_id, user_account, user_password, disabled, created_at, created_by, updated_at, updated_by FROM `epsi_user` WHERE `disabled` = 0 AND `user_account` = ?;
14:59:27.770 [http-nio-34571-exec-1] DEBUG n.k.e.u.dao.UserDao.selectOneByName - ==> Parameters: test(String)
14:59:27.776 [http-nio-34571-exec-1] DEBUG n.k.e.u.dao.UserDao.selectOneByName - <==      Total: 1
14:59:27.844 [http-nio-34571-exec-10] DEBUG n.k.e.u.dao.UserDao.selectOneByName - ==>  Preparing: SELECT user_id, user_account, user_password, disabled, created_at, created_by, updated_at, updated_by FROM `epsi_user` WHERE `disabled` = 0 AND `user_account` = ?;
14:59:27.844 [http-nio-34571-exec-10] DEBUG n.k.e.u.dao.UserDao.selectOneByName - ==> Parameters: test(String)
14:59:27.851 [http-nio-34571-exec-10] DEBUG n.k.e.u.dao.UserDao.selectOneByName - <==      Total: 1
14:59:27.851 [http-nio-34571-exec-1] DEBUG n.k.e.u.dao.UserDao.selectOneByName - ==>  Preparing: SELECT user_id, user_account, user_password, disabled, created_at, created_by, updated_at, updated_by FROM `epsi_user` WHERE `disabled` = 0 AND `user_account` = ?;
14:59:27.851 [http-nio-34571-exec-1] DEBUG n.k.e.u.dao.UserDao.selectOneByName - ==> Parameters: test(String)
14:59:27.858 [http-nio-34571-exec-1] DEBUG n.k.e.u.dao.UserDao.selectOneByName - <==      Total: 1
14:59:27.865 [http-nio-34571-exec-10] DEBUG n.k.e.i.d.V.selectOneOrManyVendor - ==>  Preparing: SELECT vendor_id, vendor_code, vendor_name, disabled FROM `epsi_vendor`
14:59:27.865 [http-nio-34571-exec-10] DEBUG n.k.e.i.d.V.selectOneOrManyVendor - ==> Parameters: 
14:59:27.866 [http-nio-34571-exec-1] DEBUG n.k.e.i.d.V.selectOneOrManyVendor - ==>  Preparing: SELECT vendor_id, vendor_code, vendor_name, disabled FROM `epsi_vendor`
14:59:27.866 [http-nio-34571-exec-1] DEBUG n.k.e.i.d.V.selectOneOrManyVendor - ==> Parameters: 
14:59:27.873 [http-nio-34571-exec-1] DEBUG n.k.e.i.d.V.selectOneOrManyVendor - <==      Total: 50
14:59:27.873 [http-nio-34571-exec-10] DEBUG n.k.e.i.d.V.selectOneOrManyVendor - <==      Total: 50
14:59:27.884 [http-nio-34571-exec-1] INFO  n.k.e.c.h.ResponseResultHandlerAdvice - returnType:method 'getOneOrManyVendor' parameter -1
14:59:27.885 [http-nio-34571-exec-1] INFO  n.k.e.c.h.ResponseResultHandlerAdvice - converterType:class org.springframework.http.converter.json.MappingJackson2HttpMessageConverter
14:59:27.886 [http-nio-34571-exec-10] INFO  n.k.e.c.h.ResponseResultHandlerAdvice - returnType:method 'getOneOrManyVendor' parameter -1
14:59:27.886 [http-nio-34571-exec-10] INFO  n.k.e.c.h.ResponseResultHandlerAdvice - converterType:class org.springframework.http.converter.json.MappingJackson2HttpMessageConverter
15:00:54.888 [http-nio-34571-exec-3] ERROR c.a.d.pool.DruidAbstractDataSource - discard long time none received connection. , jdbcUrl : jdbc:mysql://8.129.6.121:53307/sppsi_test, jdbcUrl : jdbc:mysql://8.129.6.121:53307/sppsi_test, lastPacketReceivedIdleMillis : 87003
15:00:54.888 [http-nio-34571-exec-2] ERROR c.a.d.pool.DruidAbstractDataSource - discard long time none received connection. , jdbcUrl : jdbc:mysql://8.129.6.121:53307/sppsi_test, jdbcUrl : jdbc:mysql://8.129.6.121:53307/sppsi_test, lastPacketReceivedIdleMillis : 87001
15:00:54.991 [http-nio-34571-exec-3] DEBUG n.k.e.u.dao.UserDao.selectOneByName - ==>  Preparing: SELECT user_id, user_account, user_password, disabled, created_at, created_by, updated_at, updated_by FROM `epsi_user` WHERE `disabled` = 0 AND `user_account` = ?;
15:00:54.992 [http-nio-34571-exec-3] DEBUG n.k.e.u.dao.UserDao.selectOneByName - ==> Parameters: test(String)
15:00:54.999 [http-nio-34571-exec-3] DEBUG n.k.e.u.dao.UserDao.selectOneByName - <==      Total: 1
15:00:54.999 [http-nio-34571-exec-2] DEBUG n.k.e.u.dao.UserDao.selectOneByName - ==>  Preparing: SELECT user_id, user_account, user_password, disabled, created_at, created_by, updated_at, updated_by FROM `epsi_user` WHERE `disabled` = 0 AND `user_account` = ?;
15:00:55.000 [http-nio-34571-exec-2] DEBUG n.k.e.u.dao.UserDao.selectOneByName - ==> Parameters: test(String)
15:00:55.006 [http-nio-34571-exec-2] DEBUG n.k.e.u.dao.UserDao.selectOneByName - <==      Total: 1
15:00:55.074 [http-nio-34571-exec-3] DEBUG n.k.e.u.dao.UserDao.selectOneByName - ==>  Preparing: SELECT user_id, user_account, user_password, disabled, created_at, created_by, updated_at, updated_by FROM `epsi_user` WHERE `disabled` = 0 AND `user_account` = ?;
15:00:55.075 [http-nio-34571-exec-3] DEBUG n.k.e.u.dao.UserDao.selectOneByName - ==> Parameters: test(String)
15:00:55.084 [http-nio-34571-exec-3] DEBUG n.k.e.u.dao.UserDao.selectOneByName - <==      Total: 1
15:00:55.084 [http-nio-34571-exec-2] DEBUG n.k.e.u.dao.UserDao.selectOneByName - ==>  Preparing: SELECT user_id, user_account, user_password, disabled, created_at, created_by, updated_at, updated_by FROM `epsi_user` WHERE `disabled` = 0 AND `user_account` = ?;
15:00:55.085 [http-nio-34571-exec-2] DEBUG n.k.e.u.dao.UserDao.selectOneByName - ==> Parameters: test(String)
15:00:55.093 [http-nio-34571-exec-2] DEBUG n.k.e.u.dao.UserDao.selectOneByName - <==      Total: 1
15:00:55.099 [http-nio-34571-exec-3] DEBUG n.k.e.i.d.V.selectOneOrManyVendor - ==>  Preparing: SELECT vendor_id, vendor_code, vendor_name, disabled FROM `epsi_vendor`
15:00:55.099 [http-nio-34571-exec-3] DEBUG n.k.e.i.d.V.selectOneOrManyVendor - ==> Parameters: 
15:00:55.106 [http-nio-34571-exec-3] DEBUG n.k.e.i.d.V.selectOneOrManyVendor - <==      Total: 50
15:00:55.122 [http-nio-34571-exec-3] INFO  n.k.e.c.h.ResponseResultHandlerAdvice - returnType:method 'getOneOrManyVendor' parameter -1
15:00:55.122 [http-nio-34571-exec-3] INFO  n.k.e.c.h.ResponseResultHandlerAdvice - converterType:class org.springframework.http.converter.json.MappingJackson2HttpMessageConverter
15:00:55.127 [http-nio-34571-exec-2] DEBUG n.k.e.i.d.V.selectOneOrManyVendor - ==>  Preparing: SELECT vendor_id, vendor_code, vendor_name, disabled FROM `epsi_vendor`
15:00:55.128 [http-nio-34571-exec-2] DEBUG n.k.e.i.d.V.selectOneOrManyVendor - ==> Parameters: 
15:00:55.135 [http-nio-34571-exec-2] DEBUG n.k.e.i.d.V.selectOneOrManyVendor - <==      Total: 50
15:00:55.147 [http-nio-34571-exec-2] INFO  n.k.e.c.h.ResponseResultHandlerAdvice - returnType:method 'getOneOrManyVendor' parameter -1
15:00:55.147 [http-nio-34571-exec-2] INFO  n.k.e.c.h.ResponseResultHandlerAdvice - converterType:class org.springframework.http.converter.json.MappingJackson2HttpMessageConverter
15:00:57.785 [http-nio-34571-exec-4] DEBUG n.k.e.u.dao.UserDao.selectOneByName - ==>  Preparing: SELECT user_id, user_account, user_password, disabled, created_at, created_by, updated_at, updated_by FROM `epsi_user` WHERE `disabled` = 0 AND `user_account` = ?;
15:00:57.785 [http-nio-34571-exec-4] DEBUG n.k.e.u.dao.UserDao.selectOneByName - ==> Parameters: test(String)
15:00:57.792 [http-nio-34571-exec-4] DEBUG n.k.e.u.dao.UserDao.selectOneByName - <==      Total: 1
15:00:57.873 [http-nio-34571-exec-4] DEBUG n.k.e.p.dao.BidDao.selectCreatedAt - ==>  Preparing: SELECT * FROM epsi_bid WHERE created_at >= ? ORDER BY created_at DESC limit 1
15:00:57.873 [http-nio-34571-exec-4] DEBUG n.k.e.p.dao.BidDao.selectCreatedAt - ==> Parameters: 2020-11-19(String)
15:00:57.881 [http-nio-34571-exec-4] DEBUG n.k.e.p.dao.BidDao.selectCreatedAt - <==      Total: 0
15:00:57.892 [http-nio-34571-exec-4] INFO  n.k.e.c.h.ResponseResultHandlerAdvice - returnType:method 'getNewBidNumber' parameter -1
15:00:57.892 [http-nio-34571-exec-4] INFO  n.k.e.c.h.ResponseResultHandlerAdvice - converterType:class org.springframework.http.converter.json.MappingJackson2HttpMessageConverter
15:26:32.619 [SpringContextShutdownHook] INFO  o.s.s.c.ThreadPoolTaskExecutor - Shutting down ExecutorService 'applicationTaskExecutor'
15:26:32.625 [SpringContextShutdownHook] INFO  c.alibaba.druid.pool.DruidDataSource - {dataSource-1} closing ...
15:26:32.630 [SpringContextShutdownHook] INFO  c.alibaba.druid.pool.DruidDataSource - {dataSource-1} closed
