13:42:19.732 [restartedMain] INFO  net.kintex.epsi.EpsiApplication - Starting EpsiApplication using Java 14.0.1 on developer01deiMac.local with PID 54145 (/Users/developer01/Projects/epsi/build/classes/java/main started by developer01 in /Users/developer01/Projects/epsi)
13:42:19.733 [background-preinit] INFO  o.h.validator.internal.util.Version - HV000001: Hibernate Validator 6.1.6.Final
13:42:19.735 [restartedMain] INFO  net.kintex.epsi.EpsiApplication - No active profile set, falling back to default profiles: default
13:42:19.777 [restartedMain] INFO  o.s.b.d.e.DevToolsPropertyDefaultsPostProcessor - Devtools property defaults active! Set 'spring.devtools.add-properties' to 'false' to disable
13:42:19.778 [restartedMain] INFO  o.s.b.d.e.DevToolsPropertyDefaultsPostProcessor - For additional web related logging consider setting the 'logging.level.web' property to 'DEBUG'
13:42:21.142 [restartedMain] INFO  o.s.b.w.e.tomcat.TomcatWebServer - Tomcat initialized with port(s): 34571 (http)
13:42:21.150 [restartedMain] INFO  o.a.coyote.http11.Http11NioProtocol - Initializing ProtocolHandler ["http-nio-34571"]
13:42:21.151 [restartedMain] INFO  o.a.catalina.core.StandardService - Starting service [Tomcat]
13:42:21.151 [restartedMain] INFO  o.a.catalina.core.StandardEngine - Starting Servlet engine: [Apache Tomcat/9.0.39]
13:42:21.217 [restartedMain] INFO  o.a.c.c.C.[Tomcat].[localhost].[/] - Initializing Spring embedded WebApplicationContext
13:42:21.218 [restartedMain] INFO  o.s.b.w.s.c.ServletWebServerApplicationContext - Root WebApplicationContext: initialization completed in 1439 ms
13:42:21.867 [restartedMain] INFO  o.s.aop.framework.CglibAopProxy - Unable to proxy interface-implementing method [public final void org.springframework.dao.support.DaoSupport.afterPropertiesSet() throws java.lang.IllegalArgumentException,org.springframework.beans.factory.BeanInitializationException] because it is marked as final: Consider using interface-based JDK proxies instead!
13:42:22.404 [restartedMain] INFO  o.s.b.a.e.web.EndpointLinksResolver - Exposing 2 endpoint(s) beneath base path '/actuator'
13:42:22.441 [restartedMain] INFO  s.d.s.w.PropertySourcedRequestMappingHandlerMapping - Mapped URL path [/v2/api-docs] onto method [springfox.documentation.swagger2.web.Swagger2Controller#getDocumentation(String, HttpServletRequest)]
13:42:22.517 [restartedMain] INFO  o.s.s.web.DefaultSecurityFilterChain - Will secure Ant [pattern='/v2/api-docs', GET] with []
13:42:22.517 [restartedMain] INFO  o.s.s.web.DefaultSecurityFilterChain - Will secure Ant [pattern='/swagger-resources', GET] with []
13:42:22.517 [restartedMain] INFO  o.s.s.web.DefaultSecurityFilterChain - Will secure Ant [pattern='/swagger-resources/**', GET] with []
13:42:22.517 [restartedMain] INFO  o.s.s.web.DefaultSecurityFilterChain - Will secure Ant [pattern='/configuration/ui', GET] with []
13:42:22.517 [restartedMain] INFO  o.s.s.web.DefaultSecurityFilterChain - Will secure Ant [pattern='/configuration/security', GET] with []
13:42:22.517 [restartedMain] INFO  o.s.s.web.DefaultSecurityFilterChain - Will secure Ant [pattern='/swagger-ui.html/**', GET] with []
13:42:22.517 [restartedMain] INFO  o.s.s.web.DefaultSecurityFilterChain - Will secure Ant [pattern='/webjars/**', GET] with []
13:42:22.536 [restartedMain] INFO  o.s.s.web.DefaultSecurityFilterChain - Will secure any request with [org.springframework.security.web.context.request.async.WebAsyncManagerIntegrationFilter@21fb4d1f, org.springframework.security.web.context.SecurityContextPersistenceFilter@1c8337b2, org.springframework.security.web.header.HeaderWriterFilter@3404fb6, org.springframework.web.filter.CorsFilter@2b031ce2, net.kintex.epsi.user.filter.JwtAuthenticationFilter@53cd49d5, org.springframework.security.web.authentication.logout.LogoutFilter@1ce15c54, net.kintex.epsi.user.filter.AuthenticationFilter@4c34cd9c, org.springframework.security.web.savedrequest.RequestCacheAwareFilter@5f32c899, org.springframework.security.web.servletapi.SecurityContextHolderAwareRequestFilter@194bdebf, org.springframework.security.web.authentication.AnonymousAuthenticationFilter@12396bb6, org.springframework.security.web.access.ExceptionTranslationFilter@115dcfc7, org.springframework.security.web.access.intercept.FilterSecurityInterceptor@322d4af0]
13:42:22.616 [restartedMain] INFO  o.s.s.c.ThreadPoolTaskExecutor - Initializing ExecutorService 'applicationTaskExecutor'
13:42:22.644 [restartedMain] WARN  o.s.b.d.a.OptionalLiveReloadServer - Unable to start LiveReload server
13:42:22.703 [restartedMain] INFO  t.m.m.a.MapperCacheDisabler - Clear tk.mybatis.mapper.util.MsUtil CLASS_CACHE cache.
13:42:22.703 [restartedMain] INFO  t.m.m.a.MapperCacheDisabler - Clear tk.mybatis.mapper.genid.GenIdUtil CACHE cache.
13:42:22.703 [restartedMain] INFO  t.m.m.a.MapperCacheDisabler - Clear tk.mybatis.mapper.version.VersionUtil CACHE cache.
13:42:22.704 [restartedMain] INFO  t.m.m.a.MapperCacheDisabler - Clear EntityHelper entityTableMap cache.
13:42:22.844 [restartedMain] INFO  o.a.coyote.http11.Http11NioProtocol - Starting ProtocolHandler ["http-nio-34571"]
13:42:22.856 [restartedMain] INFO  o.s.b.w.e.tomcat.TomcatWebServer - Tomcat started on port(s): 34571 (http) with context path ''
13:42:22.857 [restartedMain] INFO  s.d.s.w.p.DocumentationPluginsBootstrapper - Context refreshed
13:42:22.865 [restartedMain] INFO  s.d.s.w.p.DocumentationPluginsBootstrapper - Found 1 custom documentation plugin(s)
13:42:22.886 [restartedMain] INFO  s.d.s.w.s.ApiListingReferenceScanner - Scanning for api listing references
13:42:22.937 [http-nio-34571-exec-1] INFO  o.a.c.c.C.[Tomcat].[localhost].[/] - Initializing Spring DispatcherServlet 'dispatcherServlet'
13:42:22.937 [http-nio-34571-exec-1] INFO  o.s.web.servlet.DispatcherServlet - Initializing Servlet 'dispatcherServlet'
13:42:22.938 [http-nio-34571-exec-1] INFO  o.s.web.servlet.DispatcherServlet - Completed initialization in 1 ms
13:42:23.099 [http-nio-34571-exec-1] INFO  c.alibaba.druid.pool.DruidDataSource - {dataSource-1} inited
13:42:23.105 [restartedMain] INFO  s.d.s.w.r.o.CachingOperationNameGenerator - Generating unique operation named: addUsingPOST_1
13:42:23.112 [restartedMain] INFO  s.d.s.w.r.o.CachingOperationNameGenerator - Generating unique operation named: removeUsingPOST_1
13:42:23.113 [restartedMain] INFO  s.d.s.w.r.o.CachingOperationNameGenerator - Generating unique operation named: updateUsingPOST_1
13:42:23.150 [restartedMain] INFO  s.d.s.w.r.o.CachingOperationNameGenerator - Generating unique operation named: handleUsingGET_1
13:42:23.151 [restartedMain] INFO  s.d.s.w.r.o.CachingOperationNameGenerator - Generating unique operation named: handleUsingGET_2
13:42:23.187 [restartedMain] INFO  s.d.s.w.r.o.CachingOperationNameGenerator - Generating unique operation named: updateUsingPOST_2
13:42:23.213 [restartedMain] INFO  s.d.s.w.r.o.CachingOperationNameGenerator - Generating unique operation named: addUsingPOST_2
13:42:23.214 [restartedMain] INFO  s.d.s.w.r.o.CachingOperationNameGenerator - Generating unique operation named: deleteOneUsingPOST_1
13:42:23.245 [restartedMain] INFO  s.d.s.w.r.o.CachingOperationNameGenerator - Generating unique operation named: getAllWonBidUsingGET_1
13:42:23.282 [restartedMain] INFO  net.kintex.epsi.EpsiApplication - Started EpsiApplication in 3.876 seconds (JVM running for 4.456)
13:42:23.837 [http-nio-34571-exec-1] DEBUG n.k.e.u.d.UserDao.selectOneByAccount - ==>  Preparing: SELECT `user_id`, `user_account`, `user_password`, `name`, `access`, `disabled`, `created_at`, `created_by`, `updated_at`, `updated_by` FROM `epsi_user` WHERE `disabled` = 0 AND `user_account` = ?
13:42:24.007 [RMI TCP Connection(2)-127.0.0.1] INFO  javax.mail - Jakarta Mail version 1.6.5
13:42:24.020 [RMI TCP Connection(2)-127.0.0.1] INFO  javax.mail - successfully loaded resource: /META-INF/javamail.default.providers
13:42:24.020 [RMI TCP Connection(2)-127.0.0.1] INFO  javax.mail - Tables of loaded providers
13:42:24.020 [RMI TCP Connection(2)-127.0.0.1] INFO  javax.mail - Providers Listed By Class Name: {com.sun.mail.smtp.SMTPTransport=javax.mail.Provider[TRANSPORT,smtp,com.sun.mail.smtp.SMTPTransport,Oracle], com.sun.mail.imap.IMAPSSLStore=javax.mail.Provider[STORE,imaps,com.sun.mail.imap.IMAPSSLStore,Oracle], com.sun.mail.pop3.POP3Store=javax.mail.Provider[STORE,pop3,com.sun.mail.pop3.POP3Store,Oracle], com.sun.mail.smtp.SMTPSSLTransport=javax.mail.Provider[TRANSPORT,smtps,com.sun.mail.smtp.SMTPSSLTransport,Oracle], com.sun.mail.imap.IMAPStore=javax.mail.Provider[STORE,imap,com.sun.mail.imap.IMAPStore,Oracle], com.sun.mail.pop3.POP3SSLStore=javax.mail.Provider[STORE,pop3s,com.sun.mail.pop3.POP3SSLStore,Oracle]}
13:42:24.020 [RMI TCP Connection(2)-127.0.0.1] INFO  javax.mail - Providers Listed By Protocol: {imap=javax.mail.Provider[STORE,imap,com.sun.mail.imap.IMAPStore,Oracle], smtp=javax.mail.Provider[TRANSPORT,smtp,com.sun.mail.smtp.SMTPTransport,Oracle], pop3=javax.mail.Provider[STORE,pop3,com.sun.mail.pop3.POP3Store,Oracle], imaps=javax.mail.Provider[STORE,imaps,com.sun.mail.imap.IMAPSSLStore,Oracle], smtps=javax.mail.Provider[TRANSPORT,smtps,com.sun.mail.smtp.SMTPSSLTransport,Oracle], pop3s=javax.mail.Provider[STORE,pop3s,com.sun.mail.pop3.POP3SSLStore,Oracle]}
13:42:24.021 [RMI TCP Connection(2)-127.0.0.1] INFO  javax.mail - successfully loaded resource: /META-INF/javamail.default.address.map
13:42:24.111 [http-nio-34571-exec-1] DEBUG n.k.e.u.d.UserDao.selectOneByAccount - ==> Parameters: test(String)
13:42:24.137 [http-nio-34571-exec-1] DEBUG n.k.e.u.d.UserDao.selectOneByAccount - <==      Total: 1
13:42:24.299 [http-nio-34571-exec-1] DEBUG n.k.e.u.d.UserDao.selectOneByAccount - ==>  Preparing: SELECT `user_id`, `user_account`, `user_password`, `name`, `access`, `disabled`, `created_at`, `created_by`, `updated_at`, `updated_by` FROM `epsi_user` WHERE `disabled` = 0 AND `user_account` = ?
13:42:24.299 [http-nio-34571-exec-1] DEBUG n.k.e.u.d.UserDao.selectOneByAccount - ==> Parameters: test(String)
13:42:24.307 [http-nio-34571-exec-1] DEBUG n.k.e.u.d.UserDao.selectOneByAccount - <==      Total: 1
13:42:25.274 [http-nio-34571-exec-2] DEBUG n.k.e.u.d.UserDao.selectOneByAccount - ==>  Preparing: SELECT `user_id`, `user_account`, `user_password`, `name`, `access`, `disabled`, `created_at`, `created_by`, `updated_at`, `updated_by` FROM `epsi_user` WHERE `disabled` = 0 AND `user_account` = ?
13:42:25.274 [http-nio-34571-exec-2] DEBUG n.k.e.u.d.UserDao.selectOneByAccount - ==> Parameters: test(String)
13:42:25.282 [http-nio-34571-exec-2] DEBUG n.k.e.u.d.UserDao.selectOneByAccount - <==      Total: 1
13:42:25.388 [http-nio-34571-exec-2] DEBUG n.k.e.user.dao.UserDao.selectOneById - ==>  Preparing: SELECT `user_id`, `user_account`, `user_password`, `name`, `access`, `disabled`, `created_at`, `created_by`, `updated_at`, `updated_by` FROM `epsi_user` WHERE `disabled` = 0 AND `user_id` = ?
13:42:25.389 [http-nio-34571-exec-2] DEBUG n.k.e.user.dao.UserDao.selectOneById - ==> Parameters: 1(Integer)
13:42:25.397 [http-nio-34571-exec-2] DEBUG n.k.e.user.dao.UserDao.selectOneById - <==      Total: 1
13:42:25.417 [http-nio-34571-exec-2] INFO  n.k.e.c.h.ResponseResultHandlerAdvice - returnType:method 'getUser' parameter -1
13:42:25.417 [http-nio-34571-exec-2] INFO  n.k.e.c.h.ResponseResultHandlerAdvice - converterType:class org.springframework.http.converter.json.MappingJackson2HttpMessageConverter
13:42:25.529 [http-nio-34571-exec-3] DEBUG n.k.e.u.d.UserDao.selectOneByAccount - ==>  Preparing: SELECT `user_id`, `user_account`, `user_password`, `name`, `access`, `disabled`, `created_at`, `created_by`, `updated_at`, `updated_by` FROM `epsi_user` WHERE `disabled` = 0 AND `user_account` = ?
13:42:25.529 [http-nio-34571-exec-3] DEBUG n.k.e.u.d.UserDao.selectOneByAccount - ==> Parameters: test(String)
13:42:25.537 [http-nio-34571-exec-3] DEBUG n.k.e.u.d.UserDao.selectOneByAccount - <==      Total: 1
13:42:25.661 [http-nio-34571-exec-3] DEBUG n.k.e.s.d.C.selectOneOrMany_COUNT - ==>  Preparing: SELECT count(0) FROM `epsi_client`
13:42:25.663 [http-nio-34571-exec-3] DEBUG n.k.e.s.d.C.selectOneOrMany_COUNT - ==> Parameters: 
13:42:25.669 [http-nio-34571-exec-3] DEBUG n.k.e.s.d.C.selectOneOrMany_COUNT - <==      Total: 1
13:42:25.672 [http-nio-34571-exec-3] DEBUG n.k.e.s.d.ClientDao.selectOneOrMany - ==>  Preparing: SELECT `id`,`name`,`contact`,`disabled` FROM `epsi_client` LIMIT ?
13:42:25.673 [http-nio-34571-exec-3] DEBUG n.k.e.s.d.ClientDao.selectOneOrMany - ==> Parameters: 100(Integer)
13:42:25.690 [http-nio-34571-exec-3] DEBUG n.k.e.s.d.ClientDao.selectOneOrMany - <==      Total: 100
13:42:25.709 [http-nio-34571-exec-3] INFO  n.k.e.c.h.ResponseResultHandlerAdvice - returnType:method 'getOneOrManyClient' parameter -1
13:42:25.709 [http-nio-34571-exec-3] INFO  n.k.e.c.h.ResponseResultHandlerAdvice - converterType:class org.springframework.http.converter.json.MappingJackson2HttpMessageConverter
13:42:25.789 [http-nio-34571-exec-4] DEBUG n.k.e.u.d.UserDao.selectOneByAccount - ==>  Preparing: SELECT `user_id`, `user_account`, `user_password`, `name`, `access`, `disabled`, `created_at`, `created_by`, `updated_at`, `updated_by` FROM `epsi_user` WHERE `disabled` = 0 AND `user_account` = ?
13:42:25.790 [http-nio-34571-exec-4] DEBUG n.k.e.u.d.UserDao.selectOneByAccount - ==> Parameters: test(String)
13:42:25.790 [http-nio-34571-exec-5] DEBUG n.k.e.u.d.UserDao.selectOneByAccount - ==>  Preparing: SELECT `user_id`, `user_account`, `user_password`, `name`, `access`, `disabled`, `created_at`, `created_by`, `updated_at`, `updated_by` FROM `epsi_user` WHERE `disabled` = 0 AND `user_account` = ?
13:42:25.790 [http-nio-34571-exec-5] DEBUG n.k.e.u.d.UserDao.selectOneByAccount - ==> Parameters: test(String)
13:42:25.797 [http-nio-34571-exec-4] DEBUG n.k.e.u.d.UserDao.selectOneByAccount - <==      Total: 1
13:42:25.801 [http-nio-34571-exec-5] DEBUG n.k.e.u.d.UserDao.selectOneByAccount - <==      Total: 1
13:42:25.893 [http-nio-34571-exec-5] DEBUG n.k.e.i.d.V.selectOneOrManyVendor_COUNT - ==>  Preparing: SELECT count(0) FROM `epsi_vendor`
13:42:25.893 [http-nio-34571-exec-4] DEBUG n.k.e.i.d.E.selectOneOrMany_COUNT - ==>  Preparing: SELECT count(0) FROM `epsi_exchange_rate`
13:42:25.893 [http-nio-34571-exec-5] DEBUG n.k.e.i.d.V.selectOneOrManyVendor_COUNT - ==> Parameters: 
13:42:25.893 [http-nio-34571-exec-4] DEBUG n.k.e.i.d.E.selectOneOrMany_COUNT - ==> Parameters: 
13:42:25.900 [http-nio-34571-exec-5] DEBUG n.k.e.i.d.V.selectOneOrManyVendor_COUNT - <==      Total: 1
13:42:25.901 [http-nio-34571-exec-5] DEBUG n.k.e.i.d.V.selectOneOrManyVendor - ==>  Preparing: SELECT vendor_id, vendor_code, vendor_name, disabled FROM `epsi_vendor` order by vendor_code asc LIMIT ?
13:42:25.903 [http-nio-34571-exec-5] DEBUG n.k.e.i.d.V.selectOneOrManyVendor - ==> Parameters: 100(Integer)
13:42:25.906 [http-nio-34571-exec-4] DEBUG n.k.e.i.d.E.selectOneOrMany_COUNT - <==      Total: 1
13:42:25.906 [http-nio-34571-exec-4] DEBUG n.k.e.i.d.E.selectOneOrMany - ==>  Preparing: SELECT `id`, `currency_code`, `currency_name`, `currency_symbol`, `exchange_rate`, `disabled` from `epsi_exchange_rate` order by disabled ASC LIMIT ?
13:42:25.907 [http-nio-34571-exec-4] DEBUG n.k.e.i.d.E.selectOneOrMany - ==> Parameters: 100(Integer)
13:42:25.912 [http-nio-34571-exec-5] DEBUG n.k.e.i.d.V.selectOneOrManyVendor - <==      Total: 48
13:42:25.924 [http-nio-34571-exec-4] DEBUG n.k.e.i.d.E.selectOneOrMany - <==      Total: 100
13:42:25.925 [http-nio-34571-exec-5] INFO  n.k.e.c.h.ResponseResultHandlerAdvice - returnType:method 'getOneOrManyVendor' parameter -1
13:42:25.925 [http-nio-34571-exec-5] INFO  n.k.e.c.h.ResponseResultHandlerAdvice - converterType:class org.springframework.http.converter.json.MappingJackson2HttpMessageConverter
13:42:25.944 [http-nio-34571-exec-4] INFO  n.k.e.c.h.ResponseResultHandlerAdvice - returnType:method 'getOneOrManyExchangeRate' parameter -1
13:42:25.944 [http-nio-34571-exec-4] INFO  n.k.e.c.h.ResponseResultHandlerAdvice - converterType:class org.springframework.http.converter.json.MappingJackson2HttpMessageConverter
13:42:49.454 [http-nio-34571-exec-6] DEBUG n.k.e.u.d.UserDao.selectOneByAccount - ==>  Preparing: SELECT `user_id`, `user_account`, `user_password`, `name`, `access`, `disabled`, `created_at`, `created_by`, `updated_at`, `updated_by` FROM `epsi_user` WHERE `disabled` = 0 AND `user_account` = ?
13:42:49.455 [http-nio-34571-exec-6] DEBUG n.k.e.u.d.UserDao.selectOneByAccount - ==> Parameters: test(String)
13:42:49.467 [http-nio-34571-exec-6] DEBUG n.k.e.u.d.UserDao.selectOneByAccount - <==      Total: 1
13:42:49.561 [http-nio-34571-exec-6] DEBUG n.k.e.p.d.B.selectOneOrMany_COUNT - ==>  Preparing: SELECT count(0) FROM `epsi_bid` AS eb LEFT JOIN `epsi_vendor` AS ev ON ev.`vendor_id` = eb.vendor_id LEFT JOIN epsi_won_bid AS ewb ON ewb.bid_id = eb.bid_id
13:42:49.564 [http-nio-34571-exec-6] DEBUG n.k.e.p.d.B.selectOneOrMany_COUNT - ==> Parameters: 
13:42:49.574 [http-nio-34571-exec-6] DEBUG n.k.e.p.d.B.selectOneOrMany_COUNT - <==      Total: 1
13:42:49.575 [http-nio-34571-exec-6] DEBUG n.k.e.p.dao.BidDao.selectOneOrMany - ==>  Preparing: SELECT eb.`bid_id` AS `id`, eb.`bid_date` AS `bidDate`, ev.`vendor_name` AS vendor, ewb.`won_number` AS wonNumber, ewb.`won_date` AS wonDate, ewb.`amount` AS amount FROM `epsi_bid` as eb LEFT JOIN `epsi_vendor` AS ev ON ev.`vendor_id` = eb.vendor_id LEFT JOIN epsi_won_bid as ewb on ewb.bid_id = eb.bid_id order by eb.created_at desc LIMIT ?
13:42:49.576 [http-nio-34571-exec-6] DEBUG n.k.e.p.dao.BidDao.selectOneOrMany - ==> Parameters: 20(Integer)
13:42:49.588 [http-nio-34571-exec-6] DEBUG n.k.e.p.dao.BidDao.selectOneOrMany - <==      Total: 1
13:42:49.608 [http-nio-34571-exec-6] INFO  n.k.e.c.h.ResponseResultHandlerAdvice - returnType:method 'getOneOrManyBid' parameter -1
13:42:49.608 [http-nio-34571-exec-6] INFO  n.k.e.c.h.ResponseResultHandlerAdvice - converterType:class org.springframework.http.converter.json.MappingJackson2HttpMessageConverter
13:42:51.811 [http-nio-34571-exec-7] DEBUG n.k.e.u.d.UserDao.selectOneByAccount - ==>  Preparing: SELECT `user_id`, `user_account`, `user_password`, `name`, `access`, `disabled`, `created_at`, `created_by`, `updated_at`, `updated_by` FROM `epsi_user` WHERE `disabled` = 0 AND `user_account` = ?
13:42:51.812 [http-nio-34571-exec-7] DEBUG n.k.e.u.d.UserDao.selectOneByAccount - ==> Parameters: test(String)
13:42:51.822 [http-nio-34571-exec-7] DEBUG n.k.e.u.d.UserDao.selectOneByAccount - <==      Total: 1
13:42:51.888 [http-nio-34571-exec-8] DEBUG n.k.e.u.d.UserDao.selectOneByAccount - ==>  Preparing: SELECT `user_id`, `user_account`, `user_password`, `name`, `access`, `disabled`, `created_at`, `created_by`, `updated_at`, `updated_by` FROM `epsi_user` WHERE `disabled` = 0 AND `user_account` = ?
13:42:51.888 [http-nio-34571-exec-8] DEBUG n.k.e.u.d.UserDao.selectOneByAccount - ==> Parameters: test(String)
13:42:51.899 [http-nio-34571-exec-8] DEBUG n.k.e.u.d.UserDao.selectOneByAccount - <==      Total: 1
13:42:51.903 [http-nio-34571-exec-7] DEBUG n.k.e.i.d.L.getLogisticsIdCodeList - ==>  Preparing: select kdn_logistics_id as kdnLogisticsId, kdn_logistics_name as kdnLogisticsName from hkerp_kdn_logistics where disabled = 0;
13:42:51.903 [http-nio-34571-exec-7] DEBUG n.k.e.i.d.L.getLogisticsIdCodeList - ==> Parameters: 
13:42:51.910 [http-nio-34571-exec-7] DEBUG n.k.e.i.d.L.getLogisticsIdCodeList - <==      Total: 4
13:42:51.923 [http-nio-34571-exec-7] INFO  n.k.e.c.h.ResponseResultHandlerAdvice - returnType:method 'getLogisticsList' parameter -1
13:42:51.923 [http-nio-34571-exec-7] INFO  n.k.e.c.h.ResponseResultHandlerAdvice - converterType:class org.springframework.http.converter.json.MappingJackson2HttpMessageConverter
13:42:51.991 [http-nio-34571-exec-8] DEBUG n.k.e.p.d.W.selectOneOrMany_COUNT - ==>  Preparing: SELECT count(0) FROM `epsi_won_bid` ewb LEFT JOIN `epsi_bid` eb ON eb.`bid_id` = ewb.`bid_id` LEFT JOIN `epsi_vendor` ev ON ev.`vendor_id` = eb.`vendor_id`
13:42:51.993 [http-nio-34571-exec-8] DEBUG n.k.e.p.d.W.selectOneOrMany_COUNT - ==> Parameters: 
13:42:51.999 [http-nio-34571-exec-8] DEBUG n.k.e.p.d.W.selectOneOrMany_COUNT - <==      Total: 1
13:42:52.001 [http-nio-34571-exec-8] DEBUG n.k.e.p.d.WonBidDao.selectOneOrMany - ==>  Preparing: SELECT ewb.`won_number` as number, ewb.`won_date` as date, ewb.`amount`, ewb.`warehouse`, ewb.`exchange_rate` as `exchangeRate`, ewb.is_shipped as `isShipped`, ev.`vendor_name` as vendor, ewb.bid_id as `bidId` FROM `epsi_won_bid` ewb LEFT JOIN `epsi_bid` eb ON eb.`bid_id` = ewb.`bid_id` LEFT JOIN `epsi_vendor` ev ON ev.`vendor_id` = eb.`vendor_id` LIMIT ?
13:42:52.002 [http-nio-34571-exec-8] DEBUG n.k.e.p.d.WonBidDao.selectOneOrMany - ==> Parameters: 20(Integer)
13:42:52.009 [http-nio-34571-exec-8] DEBUG n.k.e.p.d.WonBidDao.selectOneOrMany - <==      Total: 1
13:42:52.023 [http-nio-34571-exec-8] INFO  n.k.e.c.h.ResponseResultHandlerAdvice - returnType:method 'getAllWonBid' parameter -1
13:42:52.023 [http-nio-34571-exec-8] INFO  n.k.e.c.h.ResponseResultHandlerAdvice - converterType:class org.springframework.http.converter.json.MappingJackson2HttpMessageConverter
13:42:54.245 [http-nio-34571-exec-9] DEBUG n.k.e.u.d.UserDao.selectOneByAccount - ==>  Preparing: SELECT `user_id`, `user_account`, `user_password`, `name`, `access`, `disabled`, `created_at`, `created_by`, `updated_at`, `updated_by` FROM `epsi_user` WHERE `disabled` = 0 AND `user_account` = ?
13:42:54.245 [http-nio-34571-exec-9] DEBUG n.k.e.u.d.UserDao.selectOneByAccount - ==> Parameters: test(String)
13:42:54.252 [http-nio-34571-exec-9] DEBUG n.k.e.u.d.UserDao.selectOneByAccount - <==      Total: 1
13:42:54.335 [http-nio-34571-exec-9] DEBUG n.k.e.i.d.L.getKdnLogisticsByWonNumber - ==>  Preparing: select hkerp_logistics.logistics_number as `logisticsNumber`, hkl.kdn_logistics_code as `kdnLogisticsCode` from hkerp_logistics left join hkerp_kdn_logistics hkl on hkerp_logistics.kdn_logistics_id = hkl.kdn_logistics_id where hkerp_logistics.won_number = ?
13:42:54.335 [http-nio-34571-exec-9] DEBUG n.k.e.i.d.L.getKdnLogisticsByWonNumber - ==> Parameters: T000120DA1(String)
13:42:54.342 [http-nio-34571-exec-9] DEBUG n.k.e.i.d.L.getKdnLogisticsByWonNumber - <==      Total: 1
13:42:57.584 [http-nio-34571-exec-9] DEBUG n.k.e.i.d.L.selectShipperNameByCode - ==>  Preparing: select kdn_logistics_name from hkerp_kdn_logistics where kdn_logistics_code = ?
13:42:57.584 [http-nio-34571-exec-9] DEBUG n.k.e.i.d.L.selectShipperNameByCode - ==> Parameters: FEDEX_GJ(String)
13:42:57.592 [http-nio-34571-exec-9] DEBUG n.k.e.i.d.L.selectShipperNameByCode - <==      Total: 1
13:42:57.606 [http-nio-34571-exec-9] INFO  n.k.e.c.h.ResponseResultHandlerAdvice - returnType:method 'getLogisticsByWonNumber' parameter -1
13:42:57.607 [http-nio-34571-exec-9] INFO  n.k.e.c.h.ResponseResultHandlerAdvice - converterType:class org.springframework.http.converter.json.MappingJackson2HttpMessageConverter
13:43:01.294 [http-nio-34571-exec-10] DEBUG n.k.e.u.d.UserDao.selectOneByAccount - ==>  Preparing: SELECT `user_id`, `user_account`, `user_password`, `name`, `access`, `disabled`, `created_at`, `created_by`, `updated_at`, `updated_by` FROM `epsi_user` WHERE `disabled` = 0 AND `user_account` = ?
13:43:01.295 [http-nio-34571-exec-10] DEBUG n.k.e.u.d.UserDao.selectOneByAccount - ==> Parameters: test(String)
13:43:01.302 [http-nio-34571-exec-10] DEBUG n.k.e.u.d.UserDao.selectOneByAccount - <==      Total: 1
13:43:01.384 [http-nio-34571-exec-10] DEBUG n.k.e.p.dao.BidDao.selectOneDetail - ==>  Preparing: SELECT `b`.`bid_id` AS `id`, `b`.`bid_date` AS `date`, `b`.`exchange_rate` AS `exchangeRate`, JSON_OBJECT( 'id', v.`vendor_id`, 'name', v.`vendor_name`, 'code', v.`vendor_code` ) AS `vendor`, `b`.`currency` as `currencyCode`, JSON_OBJECT( 'id', `w`.`won_id`, 'number', `w`.`won_number`, 'date', `w`.`won_date`, 'amount', `w`.`amount`, 'virtualWarehouse', `w`.`stage`, 'isArrival', har.arrival_order_number, 'isShipped', hl.logistics_id, 'isPayment', pay_date ) AS `won` FROM `epsi_bid` AS `b` LEFT JOIN `epsi_vendor` AS `v` ON `b`.`vendor_id` = `v`.`vendor_id` LEFT JOIN `epsi_won_bid` AS `w` ON `b`.`bid_id` = `w`.`bid_id` LEFT JOIN hkerp_arrival_record har ON arrival_order_number = won_number LEFT JOIN hkerp_logistics hl ON w.won_number = hl.won_number LEFT JOIN epsi_payment_record epr on w.won_number = epr.won_number WHERE `b`.`bid_id` = ?;
13:43:01.387 [http-nio-34571-exec-10] DEBUG n.k.e.p.dao.BidDao.selectOneDetail - ==> Parameters: 20201218001(String)
13:43:01.387 [http-nio-34571-exec-1] DEBUG n.k.e.u.d.UserDao.selectOneByAccount - ==>  Preparing: SELECT `user_id`, `user_account`, `user_password`, `name`, `access`, `disabled`, `created_at`, `created_by`, `updated_at`, `updated_by` FROM `epsi_user` WHERE `disabled` = 0 AND `user_account` = ?
13:43:01.388 [http-nio-34571-exec-1] DEBUG n.k.e.u.d.UserDao.selectOneByAccount - ==> Parameters: test(String)
13:43:01.394 [http-nio-34571-exec-10] DEBUG n.k.e.p.dao.BidDao.selectOneDetail - <==      Total: 1
13:43:01.398 [http-nio-34571-exec-1] DEBUG n.k.e.u.d.UserDao.selectOneByAccount - <==      Total: 1
13:43:01.408 [http-nio-34571-exec-10] INFO  n.k.e.c.h.ResponseResultHandlerAdvice - returnType:method 'getBidDetail' parameter -1
13:43:01.408 [http-nio-34571-exec-10] INFO  n.k.e.c.h.ResponseResultHandlerAdvice - converterType:class org.springframework.http.converter.json.MappingJackson2HttpMessageConverter
13:43:01.488 [http-nio-34571-exec-1] DEBUG n.k.e.p.d.B.selectOneOrMany_COUNT - ==>  Preparing: SELECT count(0) FROM epsi_bid_record ebr LEFT JOIN epsi_vendor_sku evsku ON evsku.`sku_id` = ebr.`sku_id` LEFT JOIN epsi_sku esku ON esku.`id` = evsku.`k_sku_id` LEFT JOIN epsi_spu espu ON espu.`spu_id` = esku.`spu_id` WHERE ebr.bid_id LIKE CONCAT('%', ?, '%')
13:43:01.489 [http-nio-34571-exec-1] DEBUG n.k.e.p.d.B.selectOneOrMany_COUNT - ==> Parameters: 20201218001(String)
13:43:01.496 [http-nio-34571-exec-1] DEBUG n.k.e.p.d.B.selectOneOrMany_COUNT - <==      Total: 1
13:43:01.496 [http-nio-34571-exec-1] DEBUG n.k.e.p.d.B.selectOneOrMany - ==>  Preparing: SELECT ebr.record_id as `id`, ebr.`bid_id` as `bidId`, ebr.`description`, ebr.`grade`, ebr.`quantity`, ebr.`bid_price` as bidPrice, ebr.`won_price` as wonPrice , ebr.bid_count_price as `bidCountPrice`, ebr.won_bid_count_price as `wonBidCountPrice`, esku.`attribute` ->> '$.color' as color, esku.`attribute` ->> '$.capacity' as capacity, espu.`spu_brand` as brand, espu.`spu_name` as modelName FROM epsi_bid_record ebr LEFT JOIN epsi_vendor_sku evsku ON evsku.`sku_id` = ebr.`sku_id` LEFT JOIN epsi_sku esku ON esku.`id` = evsku.`k_sku_id` LEFT JOIN epsi_spu espu ON espu.`spu_id` = esku.`spu_id` WHERE ebr.bid_id LIKE CONCAT('%', ?, '%') LIMIT ?
13:43:01.497 [http-nio-34571-exec-1] DEBUG n.k.e.p.d.B.selectOneOrMany - ==> Parameters: 20201218001(String), 20(Integer)
13:43:01.505 [http-nio-34571-exec-1] DEBUG n.k.e.p.d.B.selectOneOrMany - <==      Total: 6
13:43:01.506 [http-nio-34571-exec-1] DEBUG n.k.e.p.d.B.selectCurrencySymbolByBidId - ==>  Preparing: SELECT currency_symbol FROM epsi_exchange_rate LEFT JOIN epsi_bid eb ON eb.exchange_rate = epsi_exchange_rate.exchange_rate WHERE bid_id = ?
13:43:01.506 [http-nio-34571-exec-1] DEBUG n.k.e.p.d.B.selectCurrencySymbolByBidId - ==> Parameters: 20201218001(String)
13:43:01.513 [http-nio-34571-exec-1] DEBUG n.k.e.p.d.B.selectCurrencySymbolByBidId - <==      Total: 1
13:43:01.527 [http-nio-34571-exec-1] INFO  n.k.e.c.h.ResponseResultHandlerAdvice - returnType:method 'getOneOrMany' parameter -1
13:43:01.527 [http-nio-34571-exec-1] INFO  n.k.e.c.h.ResponseResultHandlerAdvice - converterType:class org.springframework.http.converter.json.MappingJackson2HttpMessageConverter
13:43:05.797 [http-nio-34571-exec-2] DEBUG n.k.e.u.d.UserDao.selectOneByAccount - ==>  Preparing: SELECT `user_id`, `user_account`, `user_password`, `name`, `access`, `disabled`, `created_at`, `created_by`, `updated_at`, `updated_by` FROM `epsi_user` WHERE `disabled` = 0 AND `user_account` = ?
13:43:05.798 [http-nio-34571-exec-2] DEBUG n.k.e.u.d.UserDao.selectOneByAccount - ==> Parameters: test(String)
13:43:05.805 [http-nio-34571-exec-2] DEBUG n.k.e.u.d.UserDao.selectOneByAccount - <==      Total: 1
13:43:05.894 [http-nio-34571-exec-2] DEBUG n.k.e.i.d.S.selectOneOrMany_COUNT - ==>  Preparing: SELECT count(0) FROM epsi_stage LEFT JOIN epsi_won_bid ewb ON ewb.won_number = epsi_stage.won_id LEFT JOIN epsi_vendor_sku evs ON evs.sku_id = `epsi_stage`.vendor_sku LEFT JOIN epsi_sku es ON es.id = evs.k_sku_id LEFT JOIN epsi_spu spu ON spu.spu_id = es.spu_id
13:43:05.894 [http-nio-34571-exec-2] DEBUG n.k.e.i.d.S.selectOneOrMany_COUNT - ==> Parameters: 
13:43:05.901 [http-nio-34571-exec-2] DEBUG n.k.e.i.d.S.selectOneOrMany_COUNT - <==      Total: 1
13:43:05.902 [http-nio-34571-exec-2] DEBUG n.k.e.i.dao.StageDao.selectOneOrMany - ==>  Preparing: SELECT `epsi_stage`.imei, ewb.bid_id as `bidId`, evs.sku_text, epsi_stage.vendor_grade as `vendor_grade`, es.`attribute` ->> '$.color' as color, es.`attribute` ->> '$.capacity' as capacity, es.`attribute` ->> '$.model' as model, spu.spu_brand, spu.spu_name FROM epsi_stage LEFT JOIN epsi_won_bid ewb on ewb.won_number = epsi_stage.won_id LEFT JOIN epsi_vendor_sku evs on evs.sku_id = `epsi_stage`.vendor_sku LEFT JOIN epsi_sku es on es.id = evs.k_sku_id LEFT JOIN epsi_spu spu on spu.spu_id = es.spu_id LIMIT ?
13:43:05.902 [http-nio-34571-exec-2] DEBUG n.k.e.i.dao.StageDao.selectOneOrMany - ==> Parameters: 20(Integer)
13:43:05.910 [http-nio-34571-exec-2] DEBUG n.k.e.i.dao.StageDao.selectOneOrMany - <==      Total: 9
13:43:05.923 [http-nio-34571-exec-2] INFO  n.k.e.c.h.ResponseResultHandlerAdvice - returnType:method 'getAllStage' parameter -1
13:43:05.923 [http-nio-34571-exec-2] INFO  n.k.e.c.h.ResponseResultHandlerAdvice - converterType:class org.springframework.http.converter.json.MappingJackson2HttpMessageConverter
13:43:08.325 [http-nio-34571-exec-3] DEBUG n.k.e.u.d.UserDao.selectOneByAccount - ==>  Preparing: SELECT `user_id`, `user_account`, `user_password`, `name`, `access`, `disabled`, `created_at`, `created_by`, `updated_at`, `updated_by` FROM `epsi_user` WHERE `disabled` = 0 AND `user_account` = ?
13:43:08.326 [http-nio-34571-exec-3] DEBUG n.k.e.u.d.UserDao.selectOneByAccount - ==> Parameters: test(String)
13:43:08.333 [http-nio-34571-exec-3] DEBUG n.k.e.u.d.UserDao.selectOneByAccount - <==      Total: 1
13:43:08.426 [http-nio-34571-exec-3] DEBUG n.k.e.i.d.I.selectInventory_COUNT - ==>  Preparing: SELECT count(0) FROM (SELECT espu.spu_brand, espu.spu_name, sum(ei.inventory_quantity) AS inventory_quantity FROM epsi_inventory ei LEFT JOIN epsi_sku es ON ei.sku_id = es.id LEFT JOIN epsi_spu espu ON espu.spu_id = es.spu_id GROUP BY espu.spu_brand, espu.spu_name) table_count
13:43:08.429 [http-nio-34571-exec-3] DEBUG n.k.e.i.d.I.selectInventory_COUNT - ==> Parameters: 
13:43:08.436 [http-nio-34571-exec-3] DEBUG n.k.e.i.d.I.selectInventory_COUNT - <==      Total: 1
13:43:08.437 [http-nio-34571-exec-3] DEBUG n.k.e.i.d.I.selectInventory - ==>  Preparing: SELECT espu.spu_brand, espu.spu_name,sum(ei.inventory_quantity) as inventory_quantity FROM epsi_inventory ei LEFT JOIN epsi_sku es ON ei.sku_id = es.id LEFT JOIN epsi_spu espu ON espu.spu_id = es.spu_id group by espu.spu_brand, espu.spu_name LIMIT ?
13:43:08.438 [http-nio-34571-exec-3] DEBUG n.k.e.i.d.I.selectInventory - ==> Parameters: 20(Integer)
13:43:08.444 [http-nio-34571-exec-3] DEBUG n.k.e.i.d.I.selectInventory - <==      Total: 2
13:43:08.445 [http-nio-34571-exec-3] DEBUG n.k.e.i.d.I.selectSkuPrice - ==>  Preparing: select spu.spu_name as modelName,won_price as countPrice from epsi_bid_record brecord left join epsi_goods goods ON goods.won_bid_number = brecord.won_id left join epsi_sku sku ON sku.id = goods.sku_id left join epsi_spu spu ON spu.spu_id = sku.spu_id where brecord.sku_id in (select vsku.sku_id from epsi_goods goods left join epsi_vendor_sku vsku ON goods.sku_id = vsku.k_sku_id where goods.price=0) and brecord.won_id = goods.won_bid_number group by won_id, brecord.sku_id, won_price,sku.spu_id
13:43:08.446 [http-nio-34571-exec-3] DEBUG n.k.e.i.d.I.selectSkuPrice - ==> Parameters: 
13:43:08.453 [http-nio-34571-exec-3] DEBUG n.k.e.i.d.I.selectSkuPrice - <==      Total: 0
13:43:08.454 [http-nio-34571-exec-3] INFO  n.k.e.c.h.ResponseResultHandlerAdvice - returnType:method 'getOneOrManyInventory' parameter -1
13:43:08.454 [http-nio-34571-exec-3] INFO  n.k.e.c.h.ResponseResultHandlerAdvice - converterType:class org.springframework.http.converter.json.MappingJackson2HttpMessageConverter
13:43:13.365 [http-nio-34571-exec-5] DEBUG n.k.e.u.d.UserDao.selectOneByAccount - ==>  Preparing: SELECT `user_id`, `user_account`, `user_password`, `name`, `access`, `disabled`, `created_at`, `created_by`, `updated_at`, `updated_by` FROM `epsi_user` WHERE `disabled` = 0 AND `user_account` = ?
13:43:13.365 [http-nio-34571-exec-5] DEBUG n.k.e.u.d.UserDao.selectOneByAccount - ==> Parameters: test(String)
13:43:13.374 [http-nio-34571-exec-5] DEBUG n.k.e.u.d.UserDao.selectOneByAccount - <==      Total: 1
13:43:13.462 [http-nio-34571-exec-5] DEBUG n.k.e.s.d.S.selectOneOrMany_COUNT - ==>  Preparing: SELECT count(0) FROM `epsi_sale_order` AS eso LEFT JOIN epsi_client ec ON eso.client_id = ec.id LEFT JOIN epsi_exchange_rate eer ON eso.exchange_rate = eer.exchange_rate
13:43:13.463 [http-nio-34571-exec-5] DEBUG n.k.e.s.d.S.selectOneOrMany_COUNT - ==> Parameters: 
13:43:13.469 [http-nio-34571-exec-5] DEBUG n.k.e.s.d.S.selectOneOrMany_COUNT - <==      Total: 1
13:43:13.470 [http-nio-34571-exec-5] DEBUG n.k.e.s.d.S.selectOneOrMany - ==>  Preparing: SELECT eso.`id`, eso.`salesman`, eso.`date`, eso.`pay_money_date`, ec.`name`, ec.`contact` as `clientNumber`, eso.`count_price`, eso.`deposit`, eso.`exchange_rate`, eso.`handling_charge`, eso.`other_price`, eso.`remark`, eer.currency_symbol FROM `epsi_sale_order` AS eso LEFT JOIN epsi_client ec ON eso.client_id = ec.id LEFT JOIN epsi_exchange_rate eer ON eso.exchange_rate = eer.exchange_rate LIMIT ?
13:43:13.471 [http-nio-34571-exec-5] DEBUG n.k.e.s.d.S.selectOneOrMany - ==> Parameters: 20(Integer)
13:43:13.478 [http-nio-34571-exec-5] DEBUG n.k.e.s.d.S.selectOneOrMany - <==      Total: 6
13:43:13.492 [http-nio-34571-exec-5] INFO  n.k.e.c.h.ResponseResultHandlerAdvice - returnType:method 'getOneOrManySaleOrder' parameter -1
13:43:13.492 [http-nio-34571-exec-5] INFO  n.k.e.c.h.ResponseResultHandlerAdvice - converterType:class org.springframework.http.converter.json.MappingJackson2HttpMessageConverter
13:43:18.409 [http-nio-34571-exec-4] DEBUG n.k.e.u.d.UserDao.selectOneByAccount - ==>  Preparing: SELECT `user_id`, `user_account`, `user_password`, `name`, `access`, `disabled`, `created_at`, `created_by`, `updated_at`, `updated_by` FROM `epsi_user` WHERE `disabled` = 0 AND `user_account` = ?
13:43:18.410 [http-nio-34571-exec-4] DEBUG n.k.e.u.d.UserDao.selectOneByAccount - ==> Parameters: test(String)
13:43:18.417 [http-nio-34571-exec-4] DEBUG n.k.e.u.d.UserDao.selectOneByAccount - <==      Total: 1
13:43:18.505 [http-nio-34571-exec-4] DEBUG n.k.e.p.d.P.selectOneOrMany_COUNT - ==>  Preparing: SELECT count(0) FROM epsi_payment_record epr LEFT JOIN epsi_won_bid ewb ON epr.won_number = ewb.won_number LEFT JOIN epsi_exchange_rate eer ON eer.exchange_rate = ewb.exchange_rate
13:43:18.506 [http-nio-34571-exec-4] DEBUG n.k.e.p.d.P.selectOneOrMany_COUNT - ==> Parameters: 
13:43:18.512 [http-nio-34571-exec-4] DEBUG n.k.e.p.d.P.selectOneOrMany_COUNT - <==      Total: 1
13:43:18.513 [http-nio-34571-exec-4] DEBUG n.k.e.p.d.P.selectOneOrMany - ==>  Preparing: SELECT epr.won_number, epr.pay_date , epr.amount_payable, epr.use_balance, epr.amount_paid, eer.currency_symbol, eer.exchange_rate FROM epsi_payment_record epr LEFT JOIN epsi_won_bid ewb ON epr.won_number = ewb.won_number LEFT JOIN epsi_exchange_rate eer ON eer.exchange_rate = ewb.exchange_rate LIMIT ?
13:43:18.514 [http-nio-34571-exec-4] DEBUG n.k.e.p.d.P.selectOneOrMany - ==> Parameters: 20(Integer)
13:43:18.521 [http-nio-34571-exec-4] DEBUG n.k.e.p.d.P.selectOneOrMany - <==      Total: 1
13:43:18.534 [http-nio-34571-exec-4] INFO  n.k.e.c.h.ResponseResultHandlerAdvice - returnType:method 'getOneOrManyPaymentRecord' parameter -1
13:43:18.534 [http-nio-34571-exec-4] INFO  n.k.e.c.h.ResponseResultHandlerAdvice - converterType:class org.springframework.http.converter.json.MappingJackson2HttpMessageConverter
13:43:21.032 [http-nio-34571-exec-6] DEBUG n.k.e.u.d.UserDao.selectOneByAccount - ==>  Preparing: SELECT `user_id`, `user_account`, `user_password`, `name`, `access`, `disabled`, `created_at`, `created_by`, `updated_at`, `updated_by` FROM `epsi_user` WHERE `disabled` = 0 AND `user_account` = ?
13:43:21.032 [http-nio-34571-exec-6] DEBUG n.k.e.u.d.UserDao.selectOneByAccount - ==> Parameters: test(String)
13:43:21.039 [http-nio-34571-exec-6] DEBUG n.k.e.u.d.UserDao.selectOneByAccount - <==      Total: 1
13:43:21.123 [http-nio-34571-exec-6] DEBUG n.k.e.p.d.P.selectOneOrMany_COUNT - ==>  Preparing: SELECT count(0) FROM epsi_payment_record epr LEFT JOIN epsi_won_bid ewb ON epr.won_number = ewb.won_number LEFT JOIN epsi_exchange_rate eer ON eer.exchange_rate = ewb.exchange_rate
13:43:21.123 [http-nio-34571-exec-6] DEBUG n.k.e.p.d.P.selectOneOrMany_COUNT - ==> Parameters: 
13:43:21.130 [http-nio-34571-exec-6] DEBUG n.k.e.p.d.P.selectOneOrMany_COUNT - <==      Total: 1
13:43:21.130 [http-nio-34571-exec-6] DEBUG n.k.e.p.d.P.selectOneOrMany - ==>  Preparing: SELECT epr.won_number, epr.pay_date , epr.amount_payable, epr.use_balance, epr.amount_paid, eer.currency_symbol, eer.exchange_rate FROM epsi_payment_record epr LEFT JOIN epsi_won_bid ewb ON epr.won_number = ewb.won_number LEFT JOIN epsi_exchange_rate eer ON eer.exchange_rate = ewb.exchange_rate LIMIT ?
13:43:21.130 [http-nio-34571-exec-6] DEBUG n.k.e.p.d.P.selectOneOrMany - ==> Parameters: 20(Integer)
13:43:21.137 [http-nio-34571-exec-6] DEBUG n.k.e.p.d.P.selectOneOrMany - <==      Total: 1
13:43:21.149 [http-nio-34571-exec-6] INFO  n.k.e.c.h.ResponseResultHandlerAdvice - returnType:method 'getOneOrManyPaymentRecord' parameter -1
13:43:21.149 [http-nio-34571-exec-6] INFO  n.k.e.c.h.ResponseResultHandlerAdvice - converterType:class org.springframework.http.converter.json.MappingJackson2HttpMessageConverter
13:43:22.016 [http-nio-34571-exec-7] DEBUG n.k.e.u.d.UserDao.selectOneByAccount - ==>  Preparing: SELECT `user_id`, `user_account`, `user_password`, `name`, `access`, `disabled`, `created_at`, `created_by`, `updated_at`, `updated_by` FROM `epsi_user` WHERE `disabled` = 0 AND `user_account` = ?
13:43:22.016 [http-nio-34571-exec-7] DEBUG n.k.e.u.d.UserDao.selectOneByAccount - ==> Parameters: test(String)
13:43:22.023 [http-nio-34571-exec-7] DEBUG n.k.e.u.d.UserDao.selectOneByAccount - <==      Total: 1
13:43:22.113 [http-nio-34571-exec-7] DEBUG n.k.e.p.d.P.selectOneOrMany_COUNT - ==>  Preparing: SELECT count(0) FROM epsi_payment_record epr LEFT JOIN epsi_won_bid ewb ON epr.won_number = ewb.won_number LEFT JOIN epsi_exchange_rate eer ON eer.exchange_rate = ewb.exchange_rate
13:43:22.113 [http-nio-34571-exec-7] DEBUG n.k.e.p.d.P.selectOneOrMany_COUNT - ==> Parameters: 
13:43:22.119 [http-nio-34571-exec-7] DEBUG n.k.e.p.d.P.selectOneOrMany_COUNT - <==      Total: 1
13:43:22.120 [http-nio-34571-exec-7] DEBUG n.k.e.p.d.P.selectOneOrMany - ==>  Preparing: SELECT epr.won_number, epr.pay_date , epr.amount_payable, epr.use_balance, epr.amount_paid, eer.currency_symbol, eer.exchange_rate FROM epsi_payment_record epr LEFT JOIN epsi_won_bid ewb ON epr.won_number = ewb.won_number LEFT JOIN epsi_exchange_rate eer ON eer.exchange_rate = ewb.exchange_rate LIMIT ?
13:43:22.120 [http-nio-34571-exec-7] DEBUG n.k.e.p.d.P.selectOneOrMany - ==> Parameters: 20(Integer)
13:43:22.127 [http-nio-34571-exec-7] DEBUG n.k.e.p.d.P.selectOneOrMany - <==      Total: 1
13:43:22.139 [http-nio-34571-exec-7] INFO  n.k.e.c.h.ResponseResultHandlerAdvice - returnType:method 'getOneOrManyPaymentRecord' parameter -1
13:43:22.139 [http-nio-34571-exec-7] INFO  n.k.e.c.h.ResponseResultHandlerAdvice - converterType:class org.springframework.http.converter.json.MappingJackson2HttpMessageConverter
13:43:24.950 [http-nio-34571-exec-8] DEBUG n.k.e.u.d.UserDao.selectOneByAccount - ==>  Preparing: SELECT `user_id`, `user_account`, `user_password`, `name`, `access`, `disabled`, `created_at`, `created_by`, `updated_at`, `updated_by` FROM `epsi_user` WHERE `disabled` = 0 AND `user_account` = ?
13:43:24.951 [http-nio-34571-exec-8] DEBUG n.k.e.u.d.UserDao.selectOneByAccount - ==> Parameters: test(String)
13:43:24.958 [http-nio-34571-exec-8] DEBUG n.k.e.u.d.UserDao.selectOneByAccount - <==      Total: 1
13:43:25.043 [http-nio-34571-exec-8] DEBUG n.k.e.i.d.B.selectOneOrMany_COUNT - ==>  Preparing: SELECT count(0) FROM `epsi_brand`
13:43:25.043 [http-nio-34571-exec-8] DEBUG n.k.e.i.d.B.selectOneOrMany_COUNT - ==> Parameters: 
13:43:25.050 [http-nio-34571-exec-8] DEBUG n.k.e.i.d.B.selectOneOrMany_COUNT - <==      Total: 1
13:43:25.050 [http-nio-34571-exec-8] DEBUG n.k.e.i.dao.BrandDao.selectOneOrMany - ==>  Preparing: SELECT `brand_id`,`brand_name`,`disabled` FROM `epsi_brand` LIMIT ?
13:43:25.051 [http-nio-34571-exec-8] DEBUG n.k.e.i.dao.BrandDao.selectOneOrMany - ==> Parameters: 20(Integer)
13:43:25.070 [http-nio-34571-exec-8] DEBUG n.k.e.i.dao.BrandDao.selectOneOrMany - <==      Total: 20
13:43:25.082 [http-nio-34571-exec-8] INFO  n.k.e.c.h.ResponseResultHandlerAdvice - returnType:method 'get' parameter -1
13:43:25.082 [http-nio-34571-exec-8] INFO  n.k.e.c.h.ResponseResultHandlerAdvice - converterType:class org.springframework.http.converter.json.MappingJackson2HttpMessageConverter
13:43:26.455 [http-nio-34571-exec-9] DEBUG n.k.e.u.d.UserDao.selectOneByAccount - ==>  Preparing: SELECT `user_id`, `user_account`, `user_password`, `name`, `access`, `disabled`, `created_at`, `created_by`, `updated_at`, `updated_by` FROM `epsi_user` WHERE `disabled` = 0 AND `user_account` = ?
13:43:26.455 [http-nio-34571-exec-9] DEBUG n.k.e.u.d.UserDao.selectOneByAccount - ==> Parameters: test(String)
13:43:26.463 [http-nio-34571-exec-9] DEBUG n.k.e.u.d.UserDao.selectOneByAccount - <==      Total: 1
13:43:26.544 [http-nio-34571-exec-9] DEBUG n.k.e.i.dao.CategoryDao.selectMany - ==>  Preparing: SELECT `category_id` AS `id`, `category_name` AS `name`, `disabled`, (SELECT JSON_ARRAYAGG(JSON_OBJECT( 'id', `attribute_id`, 'attributeName', `attribute_name`, 'description', `description`)) FROM `epsi_sku_attribute` WHERE `category_id` = `id`) AS `attributes` FROM `epsi_category`;
13:43:26.548 [http-nio-34571-exec-9] DEBUG n.k.e.i.dao.CategoryDao.selectMany - ==> Parameters: 
13:43:26.556 [http-nio-34571-exec-9] DEBUG n.k.e.i.dao.CategoryDao.selectMany - <==      Total: 3
13:43:26.568 [http-nio-34571-exec-9] INFO  n.k.e.c.h.ResponseResultHandlerAdvice - returnType:method 'getAllCategory' parameter -1
13:43:26.568 [http-nio-34571-exec-9] INFO  n.k.e.c.h.ResponseResultHandlerAdvice - converterType:class org.springframework.http.converter.json.MappingJackson2HttpMessageConverter
13:43:27.312 [http-nio-34571-exec-10] DEBUG n.k.e.u.d.UserDao.selectOneByAccount - ==>  Preparing: SELECT `user_id`, `user_account`, `user_password`, `name`, `access`, `disabled`, `created_at`, `created_by`, `updated_at`, `updated_by` FROM `epsi_user` WHERE `disabled` = 0 AND `user_account` = ?
13:43:27.313 [http-nio-34571-exec-10] DEBUG n.k.e.u.d.UserDao.selectOneByAccount - ==> Parameters: test(String)
13:43:27.319 [http-nio-34571-exec-10] DEBUG n.k.e.u.d.UserDao.selectOneByAccount - <==      Total: 1
13:43:27.400 [http-nio-34571-exec-10] DEBUG n.k.e.s.d.C.selectOneOrMany_COUNT - ==>  Preparing: SELECT count(0) FROM `epsi_client`
13:43:27.400 [http-nio-34571-exec-10] DEBUG n.k.e.s.d.C.selectOneOrMany_COUNT - ==> Parameters: 
13:43:27.407 [http-nio-34571-exec-10] DEBUG n.k.e.s.d.C.selectOneOrMany_COUNT - <==      Total: 1
13:43:27.407 [http-nio-34571-exec-10] DEBUG n.k.e.s.d.ClientDao.selectOneOrMany - ==>  Preparing: SELECT `id`,`name`,`contact`,`disabled` FROM `epsi_client` LIMIT ?
13:43:27.408 [http-nio-34571-exec-10] DEBUG n.k.e.s.d.ClientDao.selectOneOrMany - ==> Parameters: 20(Integer)
13:43:27.414 [http-nio-34571-exec-10] DEBUG n.k.e.s.d.ClientDao.selectOneOrMany - <==      Total: 20
13:43:27.426 [http-nio-34571-exec-10] INFO  n.k.e.c.h.ResponseResultHandlerAdvice - returnType:method 'getOneOrManyClient' parameter -1
13:43:27.426 [http-nio-34571-exec-10] INFO  n.k.e.c.h.ResponseResultHandlerAdvice - converterType:class org.springframework.http.converter.json.MappingJackson2HttpMessageConverter
13:43:28.546 [http-nio-34571-exec-2] DEBUG n.k.e.u.d.UserDao.selectOneByAccount - ==>  Preparing: SELECT `user_id`, `user_account`, `user_password`, `name`, `access`, `disabled`, `created_at`, `created_by`, `updated_at`, `updated_by` FROM `epsi_user` WHERE `disabled` = 0 AND `user_account` = ?
13:43:28.546 [http-nio-34571-exec-1] DEBUG n.k.e.u.d.UserDao.selectOneByAccount - ==>  Preparing: SELECT `user_id`, `user_account`, `user_password`, `name`, `access`, `disabled`, `created_at`, `created_by`, `updated_at`, `updated_by` FROM `epsi_user` WHERE `disabled` = 0 AND `user_account` = ?
13:43:28.547 [http-nio-34571-exec-2] DEBUG n.k.e.u.d.UserDao.selectOneByAccount - ==> Parameters: test(String)
13:43:28.547 [http-nio-34571-exec-1] DEBUG n.k.e.u.d.UserDao.selectOneByAccount - ==> Parameters: test(String)
13:43:28.553 [http-nio-34571-exec-2] DEBUG n.k.e.u.d.UserDao.selectOneByAccount - <==      Total: 1
13:43:28.557 [http-nio-34571-exec-1] DEBUG n.k.e.u.d.UserDao.selectOneByAccount - <==      Total: 1
13:43:28.608 [http-nio-34571-exec-3] DEBUG n.k.e.u.d.UserDao.selectOneByAccount - ==>  Preparing: SELECT `user_id`, `user_account`, `user_password`, `name`, `access`, `disabled`, `created_at`, `created_by`, `updated_at`, `updated_by` FROM `epsi_user` WHERE `disabled` = 0 AND `user_account` = ?
13:43:28.609 [http-nio-34571-exec-3] DEBUG n.k.e.u.d.UserDao.selectOneByAccount - ==> Parameters: test(String)
13:43:28.619 [http-nio-34571-exec-3] DEBUG n.k.e.u.d.UserDao.selectOneByAccount - <==      Total: 1
13:43:28.638 [http-nio-34571-exec-1] DEBUG n.k.e.i.dao.CategoryDao.selectMany - ==>  Preparing: SELECT `category_id` AS `id`, `category_name` AS `name`, `disabled`, (SELECT JSON_ARRAYAGG(JSON_OBJECT( 'id', `attribute_id`, 'attributeName', `attribute_name`, 'description', `description`)) FROM `epsi_sku_attribute` WHERE `category_id` = `id`) AS `attributes` FROM `epsi_category`;
13:43:28.639 [http-nio-34571-exec-1] DEBUG n.k.e.i.dao.CategoryDao.selectMany - ==> Parameters: 
13:43:28.639 [http-nio-34571-exec-2] DEBUG n.k.e.i.d.B.selectOneOrMany_COUNT - ==>  Preparing: SELECT count(0) FROM `epsi_brand`
13:43:28.639 [http-nio-34571-exec-2] DEBUG n.k.e.i.d.B.selectOneOrMany_COUNT - ==> Parameters: 
13:43:28.646 [http-nio-34571-exec-1] DEBUG n.k.e.i.dao.CategoryDao.selectMany - <==      Total: 3
13:43:28.651 [http-nio-34571-exec-2] DEBUG n.k.e.i.d.B.selectOneOrMany_COUNT - <==      Total: 1
13:43:28.651 [http-nio-34571-exec-2] DEBUG n.k.e.i.dao.BrandDao.selectOneOrMany - ==>  Preparing: SELECT `brand_id`,`brand_name`,`disabled` FROM `epsi_brand` LIMIT ?
13:43:28.652 [http-nio-34571-exec-2] DEBUG n.k.e.i.dao.BrandDao.selectOneOrMany - ==> Parameters: 1000(Integer)
13:43:28.657 [http-nio-34571-exec-1] INFO  n.k.e.c.h.ResponseResultHandlerAdvice - returnType:method 'getAllCategory' parameter -1
13:43:28.657 [http-nio-34571-exec-1] INFO  n.k.e.c.h.ResponseResultHandlerAdvice - converterType:class org.springframework.http.converter.json.MappingJackson2HttpMessageConverter
13:43:28.664 [http-nio-34571-exec-2] DEBUG n.k.e.i.dao.BrandDao.selectOneOrMany - <==      Total: 152
13:43:28.684 [http-nio-34571-exec-2] INFO  n.k.e.c.h.ResponseResultHandlerAdvice - returnType:method 'get' parameter -1
13:43:28.684 [http-nio-34571-exec-2] INFO  n.k.e.c.h.ResponseResultHandlerAdvice - converterType:class org.springframework.http.converter.json.MappingJackson2HttpMessageConverter
13:43:28.709 [http-nio-34571-exec-3] DEBUG n.k.e.i.d.S.selectOneOrMany_COUNT - ==>  Preparing: SELECT count(0) FROM `epsi_spu`
13:43:28.709 [http-nio-34571-exec-3] DEBUG n.k.e.i.d.S.selectOneOrMany_COUNT - ==> Parameters: 
13:43:28.721 [http-nio-34571-exec-3] DEBUG n.k.e.i.d.S.selectOneOrMany_COUNT - <==      Total: 1
13:43:28.722 [http-nio-34571-exec-3] DEBUG n.k.e.i.dao.SpuDao.selectOneOrMany - ==>  Preparing: SELECT `spu_id`, `spu_name`, `spu_brand`, `category`, `spec`, `disabled`, updated_at FROM `epsi_spu` order by updated_at desc LIMIT ?
13:43:28.723 [http-nio-34571-exec-3] DEBUG n.k.e.i.dao.SpuDao.selectOneOrMany - ==> Parameters: 20(Integer)
13:43:28.736 [http-nio-34571-exec-3] DEBUG n.k.e.i.dao.SpuDao.selectOneOrMany - <==      Total: 20
13:43:28.756 [http-nio-34571-exec-3] INFO  n.k.e.c.h.ResponseResultHandlerAdvice - returnType:method 'getOneOrManySpu' parameter -1
13:43:28.756 [http-nio-34571-exec-3] INFO  n.k.e.c.h.ResponseResultHandlerAdvice - converterType:class org.springframework.http.converter.json.MappingJackson2HttpMessageConverter
13:43:29.496 [http-nio-34571-exec-5] DEBUG n.k.e.u.d.UserDao.selectOneByAccount - ==>  Preparing: SELECT `user_id`, `user_account`, `user_password`, `name`, `access`, `disabled`, `created_at`, `created_by`, `updated_at`, `updated_by` FROM `epsi_user` WHERE `disabled` = 0 AND `user_account` = ?
13:43:29.497 [http-nio-34571-exec-5] DEBUG n.k.e.u.d.UserDao.selectOneByAccount - ==> Parameters: test(String)
13:43:29.507 [http-nio-34571-exec-5] DEBUG n.k.e.u.d.UserDao.selectOneByAccount - <==      Total: 1
13:43:29.592 [http-nio-34571-exec-5] DEBUG n.k.e.i.d.V.selectOneOrManyVendor_COUNT - ==>  Preparing: SELECT count(0) FROM `epsi_vendor`
13:43:29.592 [http-nio-34571-exec-5] DEBUG n.k.e.i.d.V.selectOneOrManyVendor_COUNT - ==> Parameters: 
13:43:29.604 [http-nio-34571-exec-5] DEBUG n.k.e.i.d.V.selectOneOrManyVendor_COUNT - <==      Total: 1
13:43:29.605 [http-nio-34571-exec-5] DEBUG n.k.e.i.d.V.selectOneOrManyVendor - ==>  Preparing: SELECT vendor_id, vendor_code, vendor_name, disabled FROM `epsi_vendor` order by vendor_code asc LIMIT ?
13:43:29.605 [http-nio-34571-exec-5] DEBUG n.k.e.i.d.V.selectOneOrManyVendor - ==> Parameters: 20(Integer)
13:43:29.615 [http-nio-34571-exec-5] DEBUG n.k.e.i.d.V.selectOneOrManyVendor - <==      Total: 20
13:43:29.634 [http-nio-34571-exec-5] INFO  n.k.e.c.h.ResponseResultHandlerAdvice - returnType:method 'getOneOrManyVendor' parameter -1
13:43:29.634 [http-nio-34571-exec-5] INFO  n.k.e.c.h.ResponseResultHandlerAdvice - converterType:class org.springframework.http.converter.json.MappingJackson2HttpMessageConverter
13:43:30.710 [http-nio-34571-exec-4] DEBUG n.k.e.u.d.UserDao.selectOneByAccount - ==>  Preparing: SELECT `user_id`, `user_account`, `user_password`, `name`, `access`, `disabled`, `created_at`, `created_by`, `updated_at`, `updated_by` FROM `epsi_user` WHERE `disabled` = 0 AND `user_account` = ?
13:43:30.710 [http-nio-34571-exec-4] DEBUG n.k.e.u.d.UserDao.selectOneByAccount - ==> Parameters: test(String)
13:43:30.720 [http-nio-34571-exec-4] DEBUG n.k.e.u.d.UserDao.selectOneByAccount - <==      Total: 1
13:43:30.808 [http-nio-34571-exec-4] DEBUG n.k.e.i.d.E.selectOneOrMany_COUNT - ==>  Preparing: SELECT count(0) FROM `epsi_exchange_rate`
13:43:30.808 [http-nio-34571-exec-4] DEBUG n.k.e.i.d.E.selectOneOrMany_COUNT - ==> Parameters: 
13:43:30.819 [http-nio-34571-exec-4] DEBUG n.k.e.i.d.E.selectOneOrMany_COUNT - <==      Total: 1
13:43:30.819 [http-nio-34571-exec-4] DEBUG n.k.e.i.d.E.selectOneOrMany - ==>  Preparing: SELECT `id`, `currency_code`, `currency_name`, `currency_symbol`, `exchange_rate`, `disabled` from `epsi_exchange_rate` order by disabled ASC LIMIT ?
13:43:30.820 [http-nio-34571-exec-4] DEBUG n.k.e.i.d.E.selectOneOrMany - ==> Parameters: 20(Integer)
13:43:30.830 [http-nio-34571-exec-4] DEBUG n.k.e.i.d.E.selectOneOrMany - <==      Total: 20
13:43:30.849 [http-nio-34571-exec-4] INFO  n.k.e.c.h.ResponseResultHandlerAdvice - returnType:method 'getOneOrManyExchangeRate' parameter -1
13:43:30.850 [http-nio-34571-exec-4] INFO  n.k.e.c.h.ResponseResultHandlerAdvice - converterType:class org.springframework.http.converter.json.MappingJackson2HttpMessageConverter
13:43:32.402 [http-nio-34571-exec-6] DEBUG n.k.e.u.d.UserDao.selectOneByAccount - ==>  Preparing: SELECT `user_id`, `user_account`, `user_password`, `name`, `access`, `disabled`, `created_at`, `created_by`, `updated_at`, `updated_by` FROM `epsi_user` WHERE `disabled` = 0 AND `user_account` = ?
13:43:32.403 [http-nio-34571-exec-6] DEBUG n.k.e.u.d.UserDao.selectOneByAccount - ==> Parameters: test(String)
13:43:32.413 [http-nio-34571-exec-6] DEBUG n.k.e.u.d.UserDao.selectOneByAccount - <==      Total: 1
13:43:32.500 [http-nio-34571-exec-6] DEBUG n.k.e.u.dao.UserDao.selectPage_COUNT - ==>  Preparing: SELECT count(0) FROM `epsi_user`
13:43:32.501 [http-nio-34571-exec-6] DEBUG n.k.e.u.dao.UserDao.selectPage_COUNT - ==> Parameters: 
13:43:32.511 [http-nio-34571-exec-6] DEBUG n.k.e.u.dao.UserDao.selectPage_COUNT - <==      Total: 1
13:43:32.511 [http-nio-34571-exec-6] DEBUG n.k.epsi.user.dao.UserDao.selectPage - ==>  Preparing: SELECT user_id, user_account, `name`, `access`, `disabled`, created_at, created_by, updated_at, updated_by FROM `epsi_user` LIMIT ?
13:43:32.511 [http-nio-34571-exec-6] DEBUG n.k.epsi.user.dao.UserDao.selectPage - ==> Parameters: 20(Integer)
13:43:32.522 [http-nio-34571-exec-6] DEBUG n.k.epsi.user.dao.UserDao.selectPage - <==      Total: 7
13:43:32.541 [http-nio-34571-exec-6] INFO  n.k.e.c.h.ResponseResultHandlerAdvice - returnType:method 'selectPage' parameter -1
13:43:32.541 [http-nio-34571-exec-6] INFO  n.k.e.c.h.ResponseResultHandlerAdvice - converterType:class org.springframework.http.converter.json.MappingJackson2HttpMessageConverter
13:43:42.075 [http-nio-34571-exec-7] DEBUG n.k.e.u.d.UserDao.selectOneByAccount - ==>  Preparing: SELECT `user_id`, `user_account`, `user_password`, `name`, `access`, `disabled`, `created_at`, `created_by`, `updated_at`, `updated_by` FROM `epsi_user` WHERE `disabled` = 0 AND `user_account` = ?
13:43:42.076 [http-nio-34571-exec-7] DEBUG n.k.e.u.d.UserDao.selectOneByAccount - ==> Parameters: test(String)
13:43:42.087 [http-nio-34571-exec-7] DEBUG n.k.e.u.d.UserDao.selectOneByAccount - <==      Total: 1
13:43:42.173 [http-nio-34571-exec-7] DEBUG n.k.e.i.d.E.selectOneOrMany_COUNT - ==>  Preparing: SELECT count(0) FROM `epsi_exchange_rate`
13:43:42.173 [http-nio-34571-exec-7] DEBUG n.k.e.i.d.E.selectOneOrMany_COUNT - ==> Parameters: 
13:43:42.186 [http-nio-34571-exec-7] DEBUG n.k.e.i.d.E.selectOneOrMany_COUNT - <==      Total: 1
13:43:42.186 [http-nio-34571-exec-7] DEBUG n.k.e.i.d.E.selectOneOrMany - ==>  Preparing: SELECT `id`, `currency_code`, `currency_name`, `currency_symbol`, `exchange_rate`, `disabled` from `epsi_exchange_rate` order by disabled ASC LIMIT ?
13:43:42.187 [http-nio-34571-exec-7] DEBUG n.k.e.i.d.E.selectOneOrMany - ==> Parameters: 20(Integer)
13:43:42.197 [http-nio-34571-exec-7] DEBUG n.k.e.i.d.E.selectOneOrMany - <==      Total: 20
13:43:42.216 [http-nio-34571-exec-7] INFO  n.k.e.c.h.ResponseResultHandlerAdvice - returnType:method 'getOneOrManyExchangeRate' parameter -1
13:43:42.216 [http-nio-34571-exec-7] INFO  n.k.e.c.h.ResponseResultHandlerAdvice - converterType:class org.springframework.http.converter.json.MappingJackson2HttpMessageConverter
13:43:46.593 [http-nio-34571-exec-8] DEBUG n.k.e.u.d.UserDao.selectOneByAccount - ==>  Preparing: SELECT `user_id`, `user_account`, `user_password`, `name`, `access`, `disabled`, `created_at`, `created_by`, `updated_at`, `updated_by` FROM `epsi_user` WHERE `disabled` = 0 AND `user_account` = ?
13:43:46.594 [http-nio-34571-exec-8] DEBUG n.k.e.u.d.UserDao.selectOneByAccount - ==> Parameters: test(String)
13:43:46.604 [http-nio-34571-exec-8] DEBUG n.k.e.u.d.UserDao.selectOneByAccount - <==      Total: 1
13:43:46.688 [http-nio-34571-exec-8] DEBUG n.k.e.i.d.B.selectOneOrMany_COUNT - ==>  Preparing: SELECT count(0) FROM `epsi_brand`
13:43:46.688 [http-nio-34571-exec-8] DEBUG n.k.e.i.d.B.selectOneOrMany_COUNT - ==> Parameters: 
13:43:46.698 [http-nio-34571-exec-8] DEBUG n.k.e.i.d.B.selectOneOrMany_COUNT - <==      Total: 1
13:43:46.698 [http-nio-34571-exec-8] DEBUG n.k.e.i.dao.BrandDao.selectOneOrMany - ==>  Preparing: SELECT `brand_id`,`brand_name`,`disabled` FROM `epsi_brand` LIMIT ?
13:43:46.698 [http-nio-34571-exec-8] DEBUG n.k.e.i.dao.BrandDao.selectOneOrMany - ==> Parameters: 20(Integer)
13:43:46.708 [http-nio-34571-exec-8] DEBUG n.k.e.i.dao.BrandDao.selectOneOrMany - <==      Total: 20
13:43:46.726 [http-nio-34571-exec-8] INFO  n.k.e.c.h.ResponseResultHandlerAdvice - returnType:method 'get' parameter -1
13:43:46.726 [http-nio-34571-exec-8] INFO  n.k.e.c.h.ResponseResultHandlerAdvice - converterType:class org.springframework.http.converter.json.MappingJackson2HttpMessageConverter
13:43:49.845 [http-nio-34571-exec-9] DEBUG n.k.e.u.d.UserDao.selectOneByAccount - ==>  Preparing: SELECT `user_id`, `user_account`, `user_password`, `name`, `access`, `disabled`, `created_at`, `created_by`, `updated_at`, `updated_by` FROM `epsi_user` WHERE `disabled` = 0 AND `user_account` = ?
13:43:49.846 [http-nio-34571-exec-9] DEBUG n.k.e.u.d.UserDao.selectOneByAccount - ==> Parameters: test(String)
13:43:49.856 [http-nio-34571-exec-9] DEBUG n.k.e.u.d.UserDao.selectOneByAccount - <==      Total: 1
13:43:49.940 [http-nio-34571-exec-9] DEBUG n.k.e.i.dao.CategoryDao.selectMany - ==>  Preparing: SELECT `category_id` AS `id`, `category_name` AS `name`, `disabled`, (SELECT JSON_ARRAYAGG(JSON_OBJECT( 'id', `attribute_id`, 'attributeName', `attribute_name`, 'description', `description`)) FROM `epsi_sku_attribute` WHERE `category_id` = `id`) AS `attributes` FROM `epsi_category`;
13:43:49.941 [http-nio-34571-exec-9] DEBUG n.k.e.i.dao.CategoryDao.selectMany - ==> Parameters: 
13:43:49.951 [http-nio-34571-exec-9] DEBUG n.k.e.i.dao.CategoryDao.selectMany - <==      Total: 3
13:43:49.969 [http-nio-34571-exec-9] INFO  n.k.e.c.h.ResponseResultHandlerAdvice - returnType:method 'getAllCategory' parameter -1
13:43:49.969 [http-nio-34571-exec-9] INFO  n.k.e.c.h.ResponseResultHandlerAdvice - converterType:class org.springframework.http.converter.json.MappingJackson2HttpMessageConverter
13:43:53.417 [http-nio-34571-exec-10] DEBUG n.k.e.u.d.UserDao.selectOneByAccount - ==>  Preparing: SELECT `user_id`, `user_account`, `user_password`, `name`, `access`, `disabled`, `created_at`, `created_by`, `updated_at`, `updated_by` FROM `epsi_user` WHERE `disabled` = 0 AND `user_account` = ?
13:43:53.418 [http-nio-34571-exec-10] DEBUG n.k.e.u.d.UserDao.selectOneByAccount - ==> Parameters: test(String)
13:43:53.428 [http-nio-34571-exec-10] DEBUG n.k.e.u.d.UserDao.selectOneByAccount - <==      Total: 1
13:43:53.514 [http-nio-34571-exec-10] DEBUG n.k.e.s.d.C.selectOneOrMany_COUNT - ==>  Preparing: SELECT count(0) FROM `epsi_client`
13:43:53.514 [http-nio-34571-exec-10] DEBUG n.k.e.s.d.C.selectOneOrMany_COUNT - ==> Parameters: 
13:43:53.532 [http-nio-34571-exec-10] DEBUG n.k.e.s.d.C.selectOneOrMany_COUNT - <==      Total: 1
13:43:53.532 [http-nio-34571-exec-10] DEBUG n.k.e.s.d.ClientDao.selectOneOrMany - ==>  Preparing: SELECT `id`,`name`,`contact`,`disabled` FROM `epsi_client` LIMIT ?
13:43:53.532 [http-nio-34571-exec-10] DEBUG n.k.e.s.d.ClientDao.selectOneOrMany - ==> Parameters: 20(Integer)
13:43:53.543 [http-nio-34571-exec-10] DEBUG n.k.e.s.d.ClientDao.selectOneOrMany - <==      Total: 20
13:43:53.562 [http-nio-34571-exec-10] INFO  n.k.e.c.h.ResponseResultHandlerAdvice - returnType:method 'getOneOrManyClient' parameter -1
13:43:53.562 [http-nio-34571-exec-10] INFO  n.k.e.c.h.ResponseResultHandlerAdvice - converterType:class org.springframework.http.converter.json.MappingJackson2HttpMessageConverter
13:43:54.889 [http-nio-34571-exec-1] DEBUG n.k.e.u.d.UserDao.selectOneByAccount - ==>  Preparing: SELECT `user_id`, `user_account`, `user_password`, `name`, `access`, `disabled`, `created_at`, `created_by`, `updated_at`, `updated_by` FROM `epsi_user` WHERE `disabled` = 0 AND `user_account` = ?
13:43:54.889 [http-nio-34571-exec-2] DEBUG n.k.e.u.d.UserDao.selectOneByAccount - ==>  Preparing: SELECT `user_id`, `user_account`, `user_password`, `name`, `access`, `disabled`, `created_at`, `created_by`, `updated_at`, `updated_by` FROM `epsi_user` WHERE `disabled` = 0 AND `user_account` = ?
13:43:54.890 [http-nio-34571-exec-1] DEBUG n.k.e.u.d.UserDao.selectOneByAccount - ==> Parameters: test(String)
13:43:54.890 [http-nio-34571-exec-2] DEBUG n.k.e.u.d.UserDao.selectOneByAccount - ==> Parameters: test(String)
13:43:54.896 [http-nio-34571-exec-1] DEBUG n.k.e.u.d.UserDao.selectOneByAccount - <==      Total: 1
13:43:54.900 [http-nio-34571-exec-2] DEBUG n.k.e.u.d.UserDao.selectOneByAccount - <==      Total: 1
13:43:54.964 [http-nio-34571-exec-3] DEBUG n.k.e.u.d.UserDao.selectOneByAccount - ==>  Preparing: SELECT `user_id`, `user_account`, `user_password`, `name`, `access`, `disabled`, `created_at`, `created_by`, `updated_at`, `updated_by` FROM `epsi_user` WHERE `disabled` = 0 AND `user_account` = ?
13:43:54.965 [http-nio-34571-exec-3] DEBUG n.k.e.u.d.UserDao.selectOneByAccount - ==> Parameters: test(String)
13:43:54.974 [http-nio-34571-exec-3] DEBUG n.k.e.u.d.UserDao.selectOneByAccount - <==      Total: 1
13:43:54.977 [http-nio-34571-exec-1] DEBUG n.k.e.i.d.B.selectOneOrMany_COUNT - ==>  Preparing: SELECT count(0) FROM `epsi_brand`
13:43:54.977 [http-nio-34571-exec-1] DEBUG n.k.e.i.d.B.selectOneOrMany_COUNT - ==> Parameters: 
13:43:54.983 [http-nio-34571-exec-2] DEBUG n.k.e.i.dao.CategoryDao.selectMany - ==>  Preparing: SELECT `category_id` AS `id`, `category_name` AS `name`, `disabled`, (SELECT JSON_ARRAYAGG(JSON_OBJECT( 'id', `attribute_id`, 'attributeName', `attribute_name`, 'description', `description`)) FROM `epsi_sku_attribute` WHERE `category_id` = `id`) AS `attributes` FROM `epsi_category`;
13:43:54.984 [http-nio-34571-exec-2] DEBUG n.k.e.i.dao.CategoryDao.selectMany - ==> Parameters: 
13:43:54.984 [http-nio-34571-exec-1] DEBUG n.k.e.i.d.B.selectOneOrMany_COUNT - <==      Total: 1
13:43:54.984 [http-nio-34571-exec-1] DEBUG n.k.e.i.dao.BrandDao.selectOneOrMany - ==>  Preparing: SELECT `brand_id`,`brand_name`,`disabled` FROM `epsi_brand` LIMIT ?
13:43:54.984 [http-nio-34571-exec-1] DEBUG n.k.e.i.dao.BrandDao.selectOneOrMany - ==> Parameters: 1000(Integer)
13:43:54.991 [http-nio-34571-exec-1] DEBUG n.k.e.i.dao.BrandDao.selectOneOrMany - <==      Total: 152
13:43:54.994 [http-nio-34571-exec-2] DEBUG n.k.e.i.dao.CategoryDao.selectMany - <==      Total: 3
13:43:55.002 [http-nio-34571-exec-1] INFO  n.k.e.c.h.ResponseResultHandlerAdvice - returnType:method 'get' parameter -1
13:43:55.003 [http-nio-34571-exec-1] INFO  n.k.e.c.h.ResponseResultHandlerAdvice - converterType:class org.springframework.http.converter.json.MappingJackson2HttpMessageConverter
13:43:55.011 [http-nio-34571-exec-2] INFO  n.k.e.c.h.ResponseResultHandlerAdvice - returnType:method 'getAllCategory' parameter -1
13:43:55.011 [http-nio-34571-exec-2] INFO  n.k.e.c.h.ResponseResultHandlerAdvice - converterType:class org.springframework.http.converter.json.MappingJackson2HttpMessageConverter
13:43:55.059 [http-nio-34571-exec-3] DEBUG n.k.e.i.d.S.selectOneOrMany_COUNT - ==>  Preparing: SELECT count(0) FROM `epsi_spu`
13:43:55.059 [http-nio-34571-exec-3] DEBUG n.k.e.i.d.S.selectOneOrMany_COUNT - ==> Parameters: 
13:43:55.070 [http-nio-34571-exec-3] DEBUG n.k.e.i.d.S.selectOneOrMany_COUNT - <==      Total: 1
13:43:55.070 [http-nio-34571-exec-3] DEBUG n.k.e.i.dao.SpuDao.selectOneOrMany - ==>  Preparing: SELECT `spu_id`, `spu_name`, `spu_brand`, `category`, `spec`, `disabled`, updated_at FROM `epsi_spu` order by updated_at desc LIMIT ?
13:43:55.071 [http-nio-34571-exec-3] DEBUG n.k.e.i.dao.SpuDao.selectOneOrMany - ==> Parameters: 20(Integer)
13:43:55.083 [http-nio-34571-exec-3] DEBUG n.k.e.i.dao.SpuDao.selectOneOrMany - <==      Total: 20
13:43:55.102 [http-nio-34571-exec-3] INFO  n.k.e.c.h.ResponseResultHandlerAdvice - returnType:method 'getOneOrManySpu' parameter -1
13:43:55.102 [http-nio-34571-exec-3] INFO  n.k.e.c.h.ResponseResultHandlerAdvice - converterType:class org.springframework.http.converter.json.MappingJackson2HttpMessageConverter
13:43:56.010 [http-nio-34571-exec-5] DEBUG n.k.e.u.d.UserDao.selectOneByAccount - ==>  Preparing: SELECT `user_id`, `user_account`, `user_password`, `name`, `access`, `disabled`, `created_at`, `created_by`, `updated_at`, `updated_by` FROM `epsi_user` WHERE `disabled` = 0 AND `user_account` = ?
13:43:56.010 [http-nio-34571-exec-5] DEBUG n.k.e.u.d.UserDao.selectOneByAccount - ==> Parameters: test(String)
13:43:56.020 [http-nio-34571-exec-5] DEBUG n.k.e.u.d.UserDao.selectOneByAccount - <==      Total: 1
13:43:56.105 [http-nio-34571-exec-5] DEBUG n.k.e.i.dao.CategoryDao.selectMany - ==>  Preparing: SELECT `category_id` AS `id`, `category_name` AS `name`, `disabled`, (SELECT JSON_ARRAYAGG(JSON_OBJECT( 'id', `attribute_id`, 'attributeName', `attribute_name`, 'description', `description`)) FROM `epsi_sku_attribute` WHERE `category_id` = `id`) AS `attributes` FROM `epsi_category`;
13:43:56.105 [http-nio-34571-exec-5] DEBUG n.k.e.i.dao.CategoryDao.selectMany - ==> Parameters: 
13:43:56.116 [http-nio-34571-exec-5] DEBUG n.k.e.i.dao.CategoryDao.selectMany - <==      Total: 3
13:43:56.134 [http-nio-34571-exec-5] INFO  n.k.e.c.h.ResponseResultHandlerAdvice - returnType:method 'getAllCategory' parameter -1
13:43:56.134 [http-nio-34571-exec-5] INFO  n.k.e.c.h.ResponseResultHandlerAdvice - converterType:class org.springframework.http.converter.json.MappingJackson2HttpMessageConverter
13:43:56.317 [http-nio-34571-exec-4] DEBUG n.k.e.u.d.UserDao.selectOneByAccount - ==>  Preparing: SELECT `user_id`, `user_account`, `user_password`, `name`, `access`, `disabled`, `created_at`, `created_by`, `updated_at`, `updated_by` FROM `epsi_user` WHERE `disabled` = 0 AND `user_account` = ?
13:43:56.318 [http-nio-34571-exec-4] DEBUG n.k.e.u.d.UserDao.selectOneByAccount - ==> Parameters: test(String)
13:43:56.328 [http-nio-34571-exec-4] DEBUG n.k.e.u.d.UserDao.selectOneByAccount - <==      Total: 1
13:43:56.413 [http-nio-34571-exec-4] DEBUG n.k.e.i.d.B.selectOneOrMany_COUNT - ==>  Preparing: SELECT count(0) FROM `epsi_brand`
13:43:56.413 [http-nio-34571-exec-4] DEBUG n.k.e.i.d.B.selectOneOrMany_COUNT - ==> Parameters: 
13:43:56.423 [http-nio-34571-exec-4] DEBUG n.k.e.i.d.B.selectOneOrMany_COUNT - <==      Total: 1
13:43:56.423 [http-nio-34571-exec-4] DEBUG n.k.e.i.dao.BrandDao.selectOneOrMany - ==>  Preparing: SELECT `brand_id`,`brand_name`,`disabled` FROM `epsi_brand` LIMIT ?
13:43:56.423 [http-nio-34571-exec-4] DEBUG n.k.e.i.dao.BrandDao.selectOneOrMany - ==> Parameters: 1000(Integer)
13:43:56.434 [http-nio-34571-exec-4] DEBUG n.k.e.i.dao.BrandDao.selectOneOrMany - <==      Total: 152
13:43:56.453 [http-nio-34571-exec-4] INFO  n.k.e.c.h.ResponseResultHandlerAdvice - returnType:method 'get' parameter -1
13:43:56.453 [http-nio-34571-exec-4] INFO  n.k.e.c.h.ResponseResultHandlerAdvice - converterType:class org.springframework.http.converter.json.MappingJackson2HttpMessageConverter
13:44:11.053 [http-nio-34571-exec-6] DEBUG n.k.e.u.d.UserDao.selectOneByAccount - ==>  Preparing: SELECT `user_id`, `user_account`, `user_password`, `name`, `access`, `disabled`, `created_at`, `created_by`, `updated_at`, `updated_by` FROM `epsi_user` WHERE `disabled` = 0 AND `user_account` = ?
13:44:11.053 [http-nio-34571-exec-7] DEBUG n.k.e.u.d.UserDao.selectOneByAccount - ==>  Preparing: SELECT `user_id`, `user_account`, `user_password`, `name`, `access`, `disabled`, `created_at`, `created_by`, `updated_at`, `updated_by` FROM `epsi_user` WHERE `disabled` = 0 AND `user_account` = ?
13:44:11.053 [http-nio-34571-exec-6] DEBUG n.k.e.u.d.UserDao.selectOneByAccount - ==> Parameters: test(String)
13:44:11.053 [http-nio-34571-exec-7] DEBUG n.k.e.u.d.UserDao.selectOneByAccount - ==> Parameters: test(String)
13:44:11.060 [http-nio-34571-exec-7] DEBUG n.k.e.u.d.UserDao.selectOneByAccount - <==      Total: 1
13:44:11.063 [http-nio-34571-exec-6] DEBUG n.k.e.u.d.UserDao.selectOneByAccount - <==      Total: 1
13:44:11.144 [http-nio-34571-exec-6] DEBUG n.k.e.i.dao.CategoryDao.selectMany - ==>  Preparing: SELECT `category_id` AS `id`, `category_name` AS `name`, `disabled`, (SELECT JSON_ARRAYAGG(JSON_OBJECT( 'id', `attribute_id`, 'attributeName', `attribute_name`, 'description', `description`)) FROM `epsi_sku_attribute` WHERE `category_id` = `id`) AS `attributes` FROM `epsi_category`;
13:44:11.144 [http-nio-34571-exec-6] DEBUG n.k.e.i.dao.CategoryDao.selectMany - ==> Parameters: 
13:44:11.145 [http-nio-34571-exec-7] DEBUG n.k.e.i.d.B.selectOneOrMany_COUNT - ==>  Preparing: SELECT count(0) FROM `epsi_brand`
13:44:11.145 [http-nio-34571-exec-7] DEBUG n.k.e.i.d.B.selectOneOrMany_COUNT - ==> Parameters: 
13:44:11.154 [http-nio-34571-exec-7] DEBUG n.k.e.i.d.B.selectOneOrMany_COUNT - <==      Total: 1
13:44:11.154 [http-nio-34571-exec-7] DEBUG n.k.e.i.dao.BrandDao.selectOneOrMany - ==>  Preparing: SELECT `brand_id`,`brand_name`,`disabled` FROM `epsi_brand` LIMIT ?
13:44:11.154 [http-nio-34571-exec-7] DEBUG n.k.e.i.dao.BrandDao.selectOneOrMany - ==> Parameters: 1000(Integer)
13:44:11.164 [http-nio-34571-exec-6] DEBUG n.k.e.i.dao.CategoryDao.selectMany - <==      Total: 3
13:44:11.165 [http-nio-34571-exec-7] DEBUG n.k.e.i.dao.BrandDao.selectOneOrMany - <==      Total: 152
13:44:11.178 [http-nio-34571-exec-6] INFO  n.k.e.c.h.ResponseResultHandlerAdvice - returnType:method 'getAllCategory' parameter -1
13:44:11.178 [http-nio-34571-exec-6] INFO  n.k.e.c.h.ResponseResultHandlerAdvice - converterType:class org.springframework.http.converter.json.MappingJackson2HttpMessageConverter
13:44:11.183 [http-nio-34571-exec-7] INFO  n.k.e.c.h.ResponseResultHandlerAdvice - returnType:method 'get' parameter -1
13:44:11.183 [http-nio-34571-exec-7] INFO  n.k.e.c.h.ResponseResultHandlerAdvice - converterType:class org.springframework.http.converter.json.MappingJackson2HttpMessageConverter
18:33:01.511 [SpringContextShutdownHook] INFO  o.s.s.c.ThreadPoolTaskExecutor - Shutting down ExecutorService 'applicationTaskExecutor'
18:33:01.522 [SpringContextShutdownHook] INFO  c.alibaba.druid.pool.DruidDataSource - {dataSource-1} closing ...
18:33:01.526 [SpringContextShutdownHook] INFO  c.alibaba.druid.pool.DruidDataSource - {dataSource-1} closed
