18:44:21.383 [background-preinit] INFO  o.h.validator.internal.util.Version - HV000001: Hibernate Validator 6.1.6.Final
18:44:21.398 [restartedMain] INFO  com.kintexgroup.hkerp.Application - Starting Application using Java 14.0.1 on developer01deiMac.local with PID 8399 (/Users/developer01/Projects/epsi/build/classes/java/main started by developer01 in /Users/developer01/Projects/epsi)
18:44:21.399 [restartedMain] INFO  com.kintexgroup.hkerp.Application - No active profile set, falling back to default profiles: default
18:44:21.466 [restartedMain] INFO  o.s.b.d.e.DevToolsPropertyDefaultsPostProcessor - Devtools property defaults active! Set 'spring.devtools.add-properties' to 'false' to disable
18:44:21.466 [restartedMain] INFO  o.s.b.d.e.DevToolsPropertyDefaultsPostProcessor - For additional web related logging consider setting the 'logging.level.web' property to 'DEBUG'
18:44:23.218 [restartedMain] INFO  o.s.b.w.e.tomcat.TomcatWebServer - Tomcat initialized with port(s): 34571 (http)
18:44:23.228 [restartedMain] INFO  o.a.coyote.http11.Http11NioProtocol - Initializing ProtocolHandler ["http-nio-34571"]
18:44:23.229 [restartedMain] INFO  o.a.catalina.core.StandardService - Starting service [Tomcat]
18:44:23.230 [restartedMain] INFO  o.a.catalina.core.StandardEngine - Starting Servlet engine: [Apache Tomcat/9.0.39]
18:44:23.311 [restartedMain] INFO  o.a.c.c.C.[Tomcat].[localhost].[/] - Initializing Spring embedded WebApplicationContext
18:44:23.311 [restartedMain] INFO  o.s.b.w.s.c.ServletWebServerApplicationContext - Root WebApplicationContext: initialization completed in 1843 ms
18:44:24.265 [restartedMain] INFO  o.s.aop.framework.CglibAopProxy - Unable to proxy interface-implementing method [public final void org.springframework.dao.support.DaoSupport.afterPropertiesSet() throws java.lang.IllegalArgumentException,org.springframework.beans.factory.BeanInitializationException] because it is marked as final: Consider using interface-based JDK proxies instead!
18:44:24.884 [restartedMain] INFO  o.s.b.a.e.web.EndpointLinksResolver - Exposing 2 endpoint(s) beneath base path '/actuator'
18:44:24.919 [restartedMain] INFO  s.d.s.w.PropertySourcedRequestMappingHandlerMapping - Mapped URL path [/v2/api-docs] onto method [springfox.documentation.swagger2.web.Swagger2Controller#getDocumentation(String, HttpServletRequest)]
18:44:24.998 [restartedMain] INFO  o.s.s.web.DefaultSecurityFilterChain - Will secure Ant [pattern='/v2/api-docs', GET] with []
18:44:24.998 [restartedMain] INFO  o.s.s.web.DefaultSecurityFilterChain - Will secure Ant [pattern='/swagger-resources', GET] with []
18:44:24.998 [restartedMain] INFO  o.s.s.web.DefaultSecurityFilterChain - Will secure Ant [pattern='/swagger-resources/**', GET] with []
18:44:24.998 [restartedMain] INFO  o.s.s.web.DefaultSecurityFilterChain - Will secure Ant [pattern='/configuration/ui', GET] with []
18:44:24.998 [restartedMain] INFO  o.s.s.web.DefaultSecurityFilterChain - Will secure Ant [pattern='/configuration/security', GET] with []
18:44:24.998 [restartedMain] INFO  o.s.s.web.DefaultSecurityFilterChain - Will secure Ant [pattern='/swagger-ui.html/**', GET] with []
18:44:24.998 [restartedMain] INFO  o.s.s.web.DefaultSecurityFilterChain - Will secure Ant [pattern='/webjars/**', GET] with []
18:44:25.018 [restartedMain] INFO  o.s.s.web.DefaultSecurityFilterChain - Will secure any request with [org.springframework.security.web.context.request.async.WebAsyncManagerIntegrationFilter@353994cf, org.springframework.security.web.context.SecurityContextPersistenceFilter@48586b21, org.springframework.security.web.header.HeaderWriterFilter@18d4a38c, org.springframework.web.filter.CorsFilter@396a4293, com.kintexgroup.hkerp.user.filter.JwtAuthenticationFilter@7a39985, org.springframework.security.web.authentication.logout.LogoutFilter@1e49fa73, com.kintexgroup.hkerp.user.filter.AuthenticationFilter@46a444f7, org.springframework.security.web.savedrequest.RequestCacheAwareFilter@6cfd2ed3, org.springframework.security.web.servletapi.SecurityContextHolderAwareRequestFilter@7134fe84, org.springframework.security.web.authentication.AnonymousAuthenticationFilter@229e8b8a, org.springframework.security.web.access.ExceptionTranslationFilter@5f06457e, org.springframework.security.web.access.intercept.FilterSecurityInterceptor@1e1b4b2e]
18:44:25.097 [restartedMain] INFO  o.s.s.c.ThreadPoolTaskExecutor - Initializing ExecutorService 'applicationTaskExecutor'
18:44:25.124 [restartedMain] WARN  o.s.b.d.a.OptionalLiveReloadServer - Unable to start LiveReload server
18:44:25.195 [restartedMain] INFO  t.m.m.a.MapperCacheDisabler - Clear tk.mybatis.mapper.util.MsUtil CLASS_CACHE cache.
18:44:25.196 [restartedMain] INFO  t.m.m.a.MapperCacheDisabler - Clear tk.mybatis.mapper.genid.GenIdUtil CACHE cache.
18:44:25.196 [restartedMain] INFO  t.m.m.a.MapperCacheDisabler - Clear tk.mybatis.mapper.version.VersionUtil CACHE cache.
18:44:25.196 [restartedMain] INFO  t.m.m.a.MapperCacheDisabler - Clear EntityHelper entityTableMap cache.
18:44:25.321 [restartedMain] INFO  o.a.coyote.http11.Http11NioProtocol - Starting ProtocolHandler ["http-nio-34571"]
18:44:25.335 [restartedMain] INFO  o.s.b.w.e.tomcat.TomcatWebServer - Tomcat started on port(s): 34571 (http) with context path ''
18:44:25.336 [restartedMain] INFO  s.d.s.w.p.DocumentationPluginsBootstrapper - Context refreshed
18:44:25.345 [restartedMain] INFO  s.d.s.w.p.DocumentationPluginsBootstrapper - Found 1 custom documentation plugin(s)
18:44:25.366 [restartedMain] INFO  s.d.s.w.s.ApiListingReferenceScanner - Scanning for api listing references
18:44:25.529 [restartedMain] INFO  s.d.s.w.r.o.CachingOperationNameGenerator - Generating unique operation named: listUsingGET_1
18:44:25.593 [restartedMain] INFO  s.d.s.w.r.o.CachingOperationNameGenerator - Generating unique operation named: addUsingPOST_1
18:44:25.599 [restartedMain] INFO  s.d.s.w.r.o.CachingOperationNameGenerator - Generating unique operation named: removeUsingPOST_1
18:44:25.600 [restartedMain] INFO  s.d.s.w.r.o.CachingOperationNameGenerator - Generating unique operation named: updateUsingPOST_1
18:44:25.633 [restartedMain] INFO  s.d.s.w.r.o.CachingOperationNameGenerator - Generating unique operation named: handleUsingGET_1
18:44:25.634 [restartedMain] INFO  s.d.s.w.r.o.CachingOperationNameGenerator - Generating unique operation named: handleUsingGET_2
18:44:25.669 [restartedMain] INFO  s.d.s.w.r.o.CachingOperationNameGenerator - Generating unique operation named: updateUsingPOST_2
18:44:25.691 [restartedMain] INFO  s.d.s.w.r.o.CachingOperationNameGenerator - Generating unique operation named: addUsingPOST_2
18:44:25.692 [restartedMain] INFO  s.d.s.w.r.o.CachingOperationNameGenerator - Generating unique operation named: deleteOneUsingPOST_1
18:44:25.706 [restartedMain] INFO  s.d.s.w.r.o.CachingOperationNameGenerator - Generating unique operation named: listUsingGET_2
18:44:25.711 [restartedMain] INFO  s.d.s.w.r.o.CachingOperationNameGenerator - Generating unique operation named: listUsingGET_3
18:44:25.724 [restartedMain] INFO  s.d.s.w.r.o.CachingOperationNameGenerator - Generating unique operation named: getAllWonBidUsingGET_1
18:44:25.775 [restartedMain] INFO  com.kintexgroup.hkerp.Application - Started Application in 5.155 seconds (JVM running for 5.687)
18:44:26.306 [RMI TCP Connection(7)-127.0.0.1] INFO  o.a.c.c.C.[Tomcat].[localhost].[/] - Initializing Spring DispatcherServlet 'dispatcherServlet'
18:44:26.306 [RMI TCP Connection(7)-127.0.0.1] INFO  o.s.web.servlet.DispatcherServlet - Initializing Servlet 'dispatcherServlet'
18:44:26.307 [RMI TCP Connection(7)-127.0.0.1] INFO  o.s.web.servlet.DispatcherServlet - Completed initialization in 1 ms
18:44:26.330 [RMI TCP Connection(8)-127.0.0.1] INFO  c.alibaba.druid.pool.DruidDataSource - {dataSource-1} inited
18:44:26.724 [RMI TCP Connection(8)-127.0.0.1] INFO  javax.mail - Jakarta Mail version 1.6.5
18:44:26.735 [RMI TCP Connection(8)-127.0.0.1] INFO  javax.mail - successfully loaded resource: /META-INF/javamail.default.providers
18:44:26.735 [RMI TCP Connection(8)-127.0.0.1] INFO  javax.mail - Tables of loaded providers
18:44:26.735 [RMI TCP Connection(8)-127.0.0.1] INFO  javax.mail - Providers Listed By Class Name: {com.sun.mail.smtp.SMTPTransport=javax.mail.Provider[TRANSPORT,smtp,com.sun.mail.smtp.SMTPTransport,Oracle], com.sun.mail.imap.IMAPSSLStore=javax.mail.Provider[STORE,imaps,com.sun.mail.imap.IMAPSSLStore,Oracle], com.sun.mail.pop3.POP3Store=javax.mail.Provider[STORE,pop3,com.sun.mail.pop3.POP3Store,Oracle], com.sun.mail.smtp.SMTPSSLTransport=javax.mail.Provider[TRANSPORT,smtps,com.sun.mail.smtp.SMTPSSLTransport,Oracle], com.sun.mail.imap.IMAPStore=javax.mail.Provider[STORE,imap,com.sun.mail.imap.IMAPStore,Oracle], com.sun.mail.pop3.POP3SSLStore=javax.mail.Provider[STORE,pop3s,com.sun.mail.pop3.POP3SSLStore,Oracle]}
18:44:26.735 [RMI TCP Connection(8)-127.0.0.1] INFO  javax.mail - Providers Listed By Protocol: {imap=javax.mail.Provider[STORE,imap,com.sun.mail.imap.IMAPStore,Oracle], smtp=javax.mail.Provider[TRANSPORT,smtp,com.sun.mail.smtp.SMTPTransport,Oracle], pop3=javax.mail.Provider[STORE,pop3,com.sun.mail.pop3.POP3Store,Oracle], imaps=javax.mail.Provider[STORE,imaps,com.sun.mail.imap.IMAPSSLStore,Oracle], smtps=javax.mail.Provider[TRANSPORT,smtps,com.sun.mail.smtp.SMTPSSLTransport,Oracle], pop3s=javax.mail.Provider[STORE,pop3s,com.sun.mail.pop3.POP3SSLStore,Oracle]}
18:44:26.736 [RMI TCP Connection(8)-127.0.0.1] INFO  javax.mail - successfully loaded resource: /META-INF/javamail.default.address.map
18:45:46.105 [http-nio-34571-exec-1] ERROR c.a.d.pool.DruidAbstractDataSource - discard long time none received connection. , jdbcUrl : jdbc:mysql://8.129.7.247:53307/kintex_hkerp, jdbcUrl : jdbc:mysql://8.129.7.247:53307/kintex_hkerp, lastPacketReceivedIdleMillis : 79426
18:45:46.238 [http-nio-34571-exec-1] DEBUG c.k.h.u.d.U.selectOneByEmployeeNo - ==>  Preparing: SELECT `user_id`, `user_password`, `employee_no`, `employee_name`, `employee_email`, `company_name`, `access`, `disabled`, `created_at`, `created_by`, `updated_at`, `updated_by` FROM `hkerp_user` WHERE `employee_no` = ?;
18:45:46.394 [http-nio-34571-exec-1] DEBUG c.k.h.u.d.U.selectOneByEmployeeNo - ==> Parameters: 020020(String)
18:45:46.420 [http-nio-34571-exec-1] DEBUG c.k.h.u.d.U.selectOneByEmployeeNo - <==      Total: 1
18:45:46.569 [http-nio-34571-exec-1] DEBUG c.k.h.u.d.U.selectOneByEmployeeNo - ==>  Preparing: SELECT `user_id`, `user_password`, `employee_no`, `employee_name`, `employee_email`, `company_name`, `access`, `disabled`, `created_at`, `created_by`, `updated_at`, `updated_by` FROM `hkerp_user` WHERE `employee_no` = ?;
18:45:46.570 [http-nio-34571-exec-1] DEBUG c.k.h.u.d.U.selectOneByEmployeeNo - ==> Parameters: 020020(String)
18:45:46.580 [http-nio-34571-exec-1] DEBUG c.k.h.u.d.U.selectOneByEmployeeNo - <==      Total: 1
18:45:47.516 [http-nio-34571-exec-2] DEBUG c.k.h.u.d.U.selectOneByEmployeeNo - ==>  Preparing: SELECT `user_id`, `user_password`, `employee_no`, `employee_name`, `employee_email`, `company_name`, `access`, `disabled`, `created_at`, `created_by`, `updated_at`, `updated_by` FROM `hkerp_user` WHERE `employee_no` = ?;
18:45:47.516 [http-nio-34571-exec-2] DEBUG c.k.h.u.d.U.selectOneByEmployeeNo - ==> Parameters: 020020(String)
18:45:47.526 [http-nio-34571-exec-2] DEBUG c.k.h.u.d.U.selectOneByEmployeeNo - <==      Total: 1
18:45:47.642 [http-nio-34571-exec-2] DEBUG c.k.h.user.dao.UserDao.selectOneById - ==>  Preparing: SELECT `user_id`, `user_password`, `employee_no`, `employee_name`, `employee_email`, `company_name`, `access`, `disabled`, `created_at`, `created_by`, `updated_at`, `updated_by` FROM `hkerp_user` WHERE `user_id` = ?;
18:45:47.644 [http-nio-34571-exec-2] DEBUG c.k.h.user.dao.UserDao.selectOneById - ==> Parameters: 1(Integer)
18:45:47.654 [http-nio-34571-exec-2] DEBUG c.k.h.user.dao.UserDao.selectOneById - <==      Total: 1
18:45:47.679 [http-nio-34571-exec-2] INFO  c.k.h.c.h.ResponseResultHandlerAdvice - returnType:method 'getUser' parameter -1
18:45:47.679 [http-nio-34571-exec-2] INFO  c.k.h.c.h.ResponseResultHandlerAdvice - converterType:class org.springframework.http.converter.json.MappingJackson2HttpMessageConverter
18:45:47.733 [http-nio-34571-exec-3] DEBUG c.k.h.u.d.U.selectOneByEmployeeNo - ==>  Preparing: SELECT `user_id`, `user_password`, `employee_no`, `employee_name`, `employee_email`, `company_name`, `access`, `disabled`, `created_at`, `created_by`, `updated_at`, `updated_by` FROM `hkerp_user` WHERE `employee_no` = ?;
18:45:47.734 [http-nio-34571-exec-3] DEBUG c.k.h.u.d.U.selectOneByEmployeeNo - ==> Parameters: 020020(String)
18:45:47.745 [http-nio-34571-exec-3] DEBUG c.k.h.u.d.U.selectOneByEmployeeNo - <==      Total: 1
18:45:47.745 [http-nio-34571-exec-4] DEBUG c.k.h.u.d.U.selectOneByEmployeeNo - ==>  Preparing: SELECT `user_id`, `user_password`, `employee_no`, `employee_name`, `employee_email`, `company_name`, `access`, `disabled`, `created_at`, `created_by`, `updated_at`, `updated_by` FROM `hkerp_user` WHERE `employee_no` = ?;
18:45:47.745 [http-nio-34571-exec-4] DEBUG c.k.h.u.d.U.selectOneByEmployeeNo - ==> Parameters: 020020(String)
18:45:47.754 [http-nio-34571-exec-4] DEBUG c.k.h.u.d.U.selectOneByEmployeeNo - <==      Total: 1
18:45:47.755 [http-nio-34571-exec-5] DEBUG c.k.h.u.d.U.selectOneByEmployeeNo - ==>  Preparing: SELECT `user_id`, `user_password`, `employee_no`, `employee_name`, `employee_email`, `company_name`, `access`, `disabled`, `created_at`, `created_by`, `updated_at`, `updated_by` FROM `hkerp_user` WHERE `employee_no` = ?;
18:45:47.755 [http-nio-34571-exec-5] DEBUG c.k.h.u.d.U.selectOneByEmployeeNo - ==> Parameters: 020020(String)
18:45:47.764 [http-nio-34571-exec-5] DEBUG c.k.h.u.d.U.selectOneByEmployeeNo - <==      Total: 1
18:45:47.765 [http-nio-34571-exec-6] DEBUG c.k.h.u.d.U.selectOneByEmployeeNo - ==>  Preparing: SELECT `user_id`, `user_password`, `employee_no`, `employee_name`, `employee_email`, `company_name`, `access`, `disabled`, `created_at`, `created_by`, `updated_at`, `updated_by` FROM `hkerp_user` WHERE `employee_no` = ?;
18:45:47.765 [http-nio-34571-exec-6] DEBUG c.k.h.u.d.U.selectOneByEmployeeNo - ==> Parameters: 020020(String)
18:45:47.775 [http-nio-34571-exec-6] DEBUG c.k.h.u.d.U.selectOneByEmployeeNo - <==      Total: 1
18:45:47.871 [http-nio-34571-exec-4] DEBUG c.k.h.i.d.E.selectOneOrMany_COUNT - ==>  Preparing: SELECT count(0) FROM `hkerp_exchange_rate`
18:45:47.873 [http-nio-34571-exec-4] DEBUG c.k.h.i.d.E.selectOneOrMany_COUNT - ==> Parameters: 
18:45:47.885 [http-nio-34571-exec-4] DEBUG c.k.h.i.d.E.selectOneOrMany_COUNT - <==      Total: 1
18:45:47.886 [http-nio-34571-exec-4] DEBUG c.k.h.i.d.E.selectOneOrMany - ==>  Preparing: SELECT `id`, `currency_code`, `currency_name`, `currency_symbol`, `exchange_rate`, `disabled` from `hkerp_exchange_rate` order by disabled ASC LIMIT ?
18:45:47.889 [http-nio-34571-exec-4] DEBUG c.k.h.i.d.E.selectOneOrMany - ==> Parameters: 100(Integer)
18:45:47.901 [http-nio-34571-exec-3] DEBUG c.k.h.i.d.C.selectBatch_COUNT - ==>  Preparing: SELECT count(0) FROM `hkerp_client`
18:45:47.901 [http-nio-34571-exec-3] DEBUG c.k.h.i.d.C.selectBatch_COUNT - ==> Parameters: 
18:45:47.909 [http-nio-34571-exec-4] DEBUG c.k.h.i.d.E.selectOneOrMany - <==      Total: 100
18:45:47.915 [http-nio-34571-exec-3] DEBUG c.k.h.i.d.C.selectBatch_COUNT - <==      Total: 1
18:45:47.915 [http-nio-34571-exec-3] DEBUG c.k.h.i.dao.ClientDao.selectBatch - ==>  Preparing: SELECT `client_id`,`client_name`,`client_contact`,`disabled` FROM `hkerp_client` LIMIT ?
18:45:47.916 [http-nio-34571-exec-3] DEBUG c.k.h.i.dao.ClientDao.selectBatch - ==> Parameters: 100(Integer)
18:45:47.931 [http-nio-34571-exec-4] INFO  c.k.h.c.h.ResponseResultHandlerAdvice - returnType:method 'getOneOrManyExchangeRate' parameter -1
18:45:47.931 [http-nio-34571-exec-4] INFO  c.k.h.c.h.ResponseResultHandlerAdvice - converterType:class org.springframework.http.converter.json.MappingJackson2HttpMessageConverter
18:45:47.932 [http-nio-34571-exec-3] DEBUG c.k.h.i.dao.ClientDao.selectBatch - <==      Total: 100
18:45:47.933 [http-nio-34571-exec-5] DEBUG c.k.h.i.d.VendorProgramDao.selectAll - ==>  Preparing: SELECT created_at,created_by,updated_at,updated_by,program_id,program_name,program_vendor,disabled FROM hkerp_vendor_program
18:45:47.933 [http-nio-34571-exec-5] DEBUG c.k.h.i.d.VendorProgramDao.selectAll - ==> Parameters: 
18:45:47.945 [http-nio-34571-exec-5] DEBUG c.k.h.i.d.VendorProgramDao.selectAll - <==      Total: 12
18:45:47.953 [http-nio-34571-exec-3] INFO  c.k.h.c.h.ResponseResultHandlerAdvice - returnType:method 'getOneOrManyClient' parameter -1
18:45:47.953 [http-nio-34571-exec-3] INFO  c.k.h.c.h.ResponseResultHandlerAdvice - converterType:class org.springframework.http.converter.json.MappingJackson2HttpMessageConverter
18:45:47.960 [http-nio-34571-exec-5] INFO  c.k.h.c.h.ResponseResultHandlerAdvice - returnType:method 'list' parameter -1
18:45:47.960 [http-nio-34571-exec-5] INFO  c.k.h.c.h.ResponseResultHandlerAdvice - converterType:class org.springframework.http.converter.json.MappingJackson2HttpMessageConverter
18:45:47.963 [http-nio-34571-exec-6] DEBUG c.k.h.i.d.V.selectOneOrManyVendor_COUNT - ==>  Preparing: SELECT count(0) FROM `hkerp_vendor`
18:45:47.964 [http-nio-34571-exec-6] DEBUG c.k.h.i.d.V.selectOneOrManyVendor_COUNT - ==> Parameters: 
18:45:47.975 [http-nio-34571-exec-6] DEBUG c.k.h.i.d.V.selectOneOrManyVendor_COUNT - <==      Total: 1
18:45:47.977 [http-nio-34571-exec-6] DEBUG c.k.h.i.d.V.selectOneOrManyVendor - ==>  Preparing: SELECT vendor_id, vendor_code, vendor_name, disabled FROM `hkerp_vendor` order by vendor_code asc LIMIT ?
18:45:47.978 [http-nio-34571-exec-6] DEBUG c.k.h.i.d.V.selectOneOrManyVendor - ==> Parameters: 100(Integer)
18:45:47.992 [http-nio-34571-exec-6] DEBUG c.k.h.i.d.V.selectOneOrManyVendor - <==      Total: 48
18:45:48.015 [http-nio-34571-exec-6] INFO  c.k.h.c.h.ResponseResultHandlerAdvice - returnType:method 'getOneOrManyVendor' parameter -1
18:45:48.015 [http-nio-34571-exec-6] INFO  c.k.h.c.h.ResponseResultHandlerAdvice - converterType:class org.springframework.http.converter.json.MappingJackson2HttpMessageConverter
18:46:35.967 [http-nio-34571-exec-8] DEBUG c.k.h.u.d.U.selectOneByEmployeeNo - ==>  Preparing: SELECT `user_id`, `user_password`, `employee_no`, `employee_name`, `employee_email`, `company_name`, `access`, `disabled`, `created_at`, `created_by`, `updated_at`, `updated_by` FROM `hkerp_user` WHERE `employee_no` = ?;
18:46:35.967 [http-nio-34571-exec-8] DEBUG c.k.h.u.d.U.selectOneByEmployeeNo - ==> Parameters: 020020(String)
18:46:35.979 [http-nio-34571-exec-8] DEBUG c.k.h.u.d.U.selectOneByEmployeeNo - <==      Total: 1
18:46:36.055 [http-nio-34571-exec-8] DEBUG c.k.h.u.d.U.selectOneByEmployeeNo - ==>  Preparing: SELECT `user_id`, `user_password`, `employee_no`, `employee_name`, `employee_email`, `company_name`, `access`, `disabled`, `created_at`, `created_by`, `updated_at`, `updated_by` FROM `hkerp_user` WHERE `employee_no` = ?;
18:46:36.055 [http-nio-34571-exec-8] DEBUG c.k.h.u.d.U.selectOneByEmployeeNo - ==> Parameters: (String)
18:46:36.067 [http-nio-34571-exec-8] DEBUG c.k.h.u.d.U.selectOneByEmployeeNo - <==      Total: 0
18:48:13.012 [http-nio-34571-exec-10] ERROR c.a.d.pool.DruidAbstractDataSource - discard long time none received connection. , jdbcUrl : jdbc:mysql://8.129.7.247:53307/kintex_hkerp, jdbcUrl : jdbc:mysql://8.129.7.247:53307/kintex_hkerp, lastPacketReceivedIdleMillis : 96946
18:48:13.023 [http-nio-34571-exec-10] ERROR c.a.d.pool.DruidAbstractDataSource - discard long time none received connection. , jdbcUrl : jdbc:mysql://8.129.7.247:53307/kintex_hkerp, jdbcUrl : jdbc:mysql://8.129.7.247:53307/kintex_hkerp, lastPacketReceivedIdleMillis : 145008
18:48:13.031 [http-nio-34571-exec-10] ERROR c.a.d.pool.DruidAbstractDataSource - discard long time none received connection. , jdbcUrl : jdbc:mysql://8.129.7.247:53307/kintex_hkerp, jdbcUrl : jdbc:mysql://8.129.7.247:53307/kintex_hkerp, lastPacketReceivedIdleMillis : 145071
18:48:13.121 [http-nio-34571-exec-10] DEBUG c.k.h.u.d.U.selectOneByEmployeeNo - ==>  Preparing: SELECT `user_id`, `user_password`, `employee_no`, `employee_name`, `employee_email`, `company_name`, `access`, `disabled`, `created_at`, `created_by`, `updated_at`, `updated_by` FROM `hkerp_user` WHERE `employee_no` = ?;
18:48:13.121 [http-nio-34571-exec-10] DEBUG c.k.h.u.d.U.selectOneByEmployeeNo - ==> Parameters: 020020(String)
18:48:13.129 [http-nio-34571-exec-10] DEBUG c.k.h.u.d.U.selectOneByEmployeeNo - <==      Total: 1
18:48:13.226 [http-nio-34571-exec-10] DEBUG c.k.h.i.dao.BidUtilDao.getBidUtil - ==>  Preparing: SELECT source_grade as `grade`, bid_qty as `quantity`, bid_price as `price`, tag as `tag`, bid_high as `highPrice`, eb.bid_date as `bidDate`, eb.exchange_rate as `exchangeRate`, eb.currency as `currency`, eer.currency_symbol as `currencySymbol` FROM hkerp_bid_record ebr LEFT JOIN hkerp_bid eb ON eb.bid_id = ebr.bid_id LEFT JOIN hkerp_exchange_rate eer ON eer.currency_code = eb.currency LEFT JOIN hkerp_won_bid ewb on eb.bid_id = ewb.bid_id WHERE tag IN ( ? , ? ) AND eb.vendor_id = ? GROUP BY ebr.bid_id, ebr.created_at, tag ORDER BY ebr.created_at DESC ;
18:48:13.232 [http-nio-34571-exec-10] DEBUG c.k.h.i.dao.BidUtilDao.getBidUtil - ==> Parameters: ALCATEL|REVVL 2||5052W|32GB|TM||GRADE D|N/A||POOR|(String), APPLE|IPHONE 6S||A1688|32GB|UN||GRADE B|YES||GOOD|(String), 2(Integer)
18:48:13.242 [http-nio-34571-exec-10] DEBUG c.k.h.i.dao.BidUtilDao.getBidUtil - <==      Total: 2
18:48:13.258 [http-nio-34571-exec-10] INFO  c.k.h.c.h.ResponseResultHandlerAdvice - returnType:method 'getBidUtil' parameter -1
18:48:13.258 [http-nio-34571-exec-10] INFO  c.k.h.c.h.ResponseResultHandlerAdvice - converterType:class org.springframework.http.converter.json.MappingJackson2HttpMessageConverter
18:52:18.428 [http-nio-34571-exec-4] ERROR c.a.d.pool.DruidAbstractDataSource - discard long time none received connection. , jdbcUrl : jdbc:mysql://8.129.7.247:53307/kintex_hkerp, jdbcUrl : jdbc:mysql://8.129.7.247:53307/kintex_hkerp, lastPacketReceivedIdleMillis : 245170
18:52:18.539 [http-nio-34571-exec-4] DEBUG c.k.h.u.d.U.selectOneByEmployeeNo - ==>  Preparing: SELECT `user_id`, `user_password`, `employee_no`, `employee_name`, `employee_email`, `company_name`, `access`, `disabled`, `created_at`, `created_by`, `updated_at`, `updated_by` FROM `hkerp_user` WHERE `employee_no` = ?;
18:52:18.540 [http-nio-34571-exec-4] DEBUG c.k.h.u.d.U.selectOneByEmployeeNo - ==> Parameters: 020020(String)
18:52:18.549 [http-nio-34571-exec-4] DEBUG c.k.h.u.d.U.selectOneByEmployeeNo - <==      Total: 1
18:52:18.624 [http-nio-34571-exec-4] DEBUG c.k.h.u.d.U.selectOneByEmployeeNo - ==>  Preparing: SELECT `user_id`, `user_password`, `employee_no`, `employee_name`, `employee_email`, `company_name`, `access`, `disabled`, `created_at`, `created_by`, `updated_at`, `updated_by` FROM `hkerp_user` WHERE `employee_no` = ?;
18:52:18.625 [http-nio-34571-exec-4] DEBUG c.k.h.u.d.U.selectOneByEmployeeNo - ==> Parameters: 020020(String)
18:52:18.633 [http-nio-34571-exec-4] DEBUG c.k.h.u.d.U.selectOneByEmployeeNo - <==      Total: 1
18:52:18.642 [http-nio-34571-exec-4] DEBUG c.k.h.user.dao.UserDao.selectOneById - ==>  Preparing: SELECT `user_id`, `user_password`, `employee_no`, `employee_name`, `employee_email`, `company_name`, `access`, `disabled`, `created_at`, `created_by`, `updated_at`, `updated_by` FROM `hkerp_user` WHERE `user_id` = ?;
18:52:18.642 [http-nio-34571-exec-4] DEBUG c.k.h.user.dao.UserDao.selectOneById - ==> Parameters: 1(Integer)
18:52:18.651 [http-nio-34571-exec-4] DEBUG c.k.h.user.dao.UserDao.selectOneById - <==      Total: 1
18:52:18.667 [http-nio-34571-exec-4] INFO  c.k.h.c.h.ResponseResultHandlerAdvice - returnType:method 'getUser' parameter -1
18:52:18.667 [http-nio-34571-exec-4] INFO  c.k.h.c.h.ResponseResultHandlerAdvice - converterType:class org.springframework.http.converter.json.MappingJackson2HttpMessageConverter
18:52:18.713 [http-nio-34571-exec-3] DEBUG c.k.h.u.d.U.selectOneByEmployeeNo - ==>  Preparing: SELECT `user_id`, `user_password`, `employee_no`, `employee_name`, `employee_email`, `company_name`, `access`, `disabled`, `created_at`, `created_by`, `updated_at`, `updated_by` FROM `hkerp_user` WHERE `employee_no` = ?;
18:52:18.713 [http-nio-34571-exec-3] DEBUG c.k.h.u.d.U.selectOneByEmployeeNo - ==> Parameters: 020020(String)
18:52:18.723 [http-nio-34571-exec-3] DEBUG c.k.h.u.d.U.selectOneByEmployeeNo - <==      Total: 1
18:52:18.723 [http-nio-34571-exec-5] DEBUG c.k.h.u.d.U.selectOneByEmployeeNo - ==>  Preparing: SELECT `user_id`, `user_password`, `employee_no`, `employee_name`, `employee_email`, `company_name`, `access`, `disabled`, `created_at`, `created_by`, `updated_at`, `updated_by` FROM `hkerp_user` WHERE `employee_no` = ?;
18:52:18.724 [http-nio-34571-exec-5] DEBUG c.k.h.u.d.U.selectOneByEmployeeNo - ==> Parameters: 020020(String)
18:52:18.732 [http-nio-34571-exec-5] DEBUG c.k.h.u.d.U.selectOneByEmployeeNo - <==      Total: 1
18:52:18.732 [http-nio-34571-exec-6] DEBUG c.k.h.u.d.U.selectOneByEmployeeNo - ==>  Preparing: SELECT `user_id`, `user_password`, `employee_no`, `employee_name`, `employee_email`, `company_name`, `access`, `disabled`, `created_at`, `created_by`, `updated_at`, `updated_by` FROM `hkerp_user` WHERE `employee_no` = ?;
18:52:18.732 [http-nio-34571-exec-6] DEBUG c.k.h.u.d.U.selectOneByEmployeeNo - ==> Parameters: 020020(String)
18:52:18.741 [http-nio-34571-exec-6] DEBUG c.k.h.u.d.U.selectOneByEmployeeNo - <==      Total: 1
18:52:18.742 [http-nio-34571-exec-7] DEBUG c.k.h.u.d.U.selectOneByEmployeeNo - ==>  Preparing: SELECT `user_id`, `user_password`, `employee_no`, `employee_name`, `employee_email`, `company_name`, `access`, `disabled`, `created_at`, `created_by`, `updated_at`, `updated_by` FROM `hkerp_user` WHERE `employee_no` = ?;
18:52:18.742 [http-nio-34571-exec-7] DEBUG c.k.h.u.d.U.selectOneByEmployeeNo - ==> Parameters: 020020(String)
18:52:18.750 [http-nio-34571-exec-7] DEBUG c.k.h.u.d.U.selectOneByEmployeeNo - <==      Total: 1
18:52:18.807 [http-nio-34571-exec-3] DEBUG c.k.h.i.d.C.selectBatch_COUNT - ==>  Preparing: SELECT count(0) FROM `hkerp_client`
18:52:18.807 [http-nio-34571-exec-3] DEBUG c.k.h.i.d.C.selectBatch_COUNT - ==> Parameters: 
18:52:18.816 [http-nio-34571-exec-3] DEBUG c.k.h.i.d.C.selectBatch_COUNT - <==      Total: 1
18:52:18.816 [http-nio-34571-exec-3] DEBUG c.k.h.i.dao.ClientDao.selectBatch - ==>  Preparing: SELECT `client_id`,`client_name`,`client_contact`,`disabled` FROM `hkerp_client` LIMIT ?
18:52:18.816 [http-nio-34571-exec-3] DEBUG c.k.h.i.dao.ClientDao.selectBatch - ==> Parameters: 100(Integer)
18:52:18.827 [http-nio-34571-exec-3] DEBUG c.k.h.i.dao.ClientDao.selectBatch - <==      Total: 100
18:52:18.842 [http-nio-34571-exec-3] INFO  c.k.h.c.h.ResponseResultHandlerAdvice - returnType:method 'getOneOrManyClient' parameter -1
18:52:18.842 [http-nio-34571-exec-3] INFO  c.k.h.c.h.ResponseResultHandlerAdvice - converterType:class org.springframework.http.converter.json.MappingJackson2HttpMessageConverter
18:52:18.850 [http-nio-34571-exec-5] DEBUG c.k.h.i.d.E.selectOneOrMany_COUNT - ==>  Preparing: SELECT count(0) FROM `hkerp_exchange_rate`
18:52:18.850 [http-nio-34571-exec-5] DEBUG c.k.h.i.d.E.selectOneOrMany_COUNT - ==> Parameters: 
18:52:18.859 [http-nio-34571-exec-5] DEBUG c.k.h.i.d.E.selectOneOrMany_COUNT - <==      Total: 1
18:52:18.859 [http-nio-34571-exec-5] DEBUG c.k.h.i.d.E.selectOneOrMany - ==>  Preparing: SELECT `id`, `currency_code`, `currency_name`, `currency_symbol`, `exchange_rate`, `disabled` from `hkerp_exchange_rate` order by disabled ASC LIMIT ?
18:52:18.860 [http-nio-34571-exec-5] DEBUG c.k.h.i.d.E.selectOneOrMany - ==> Parameters: 100(Integer)
18:52:18.861 [http-nio-34571-exec-6] DEBUG c.k.h.i.d.VendorProgramDao.selectAll - ==>  Preparing: SELECT created_at,created_by,updated_at,updated_by,program_id,program_name,program_vendor,disabled FROM hkerp_vendor_program
18:52:18.861 [http-nio-34571-exec-6] DEBUG c.k.h.i.d.VendorProgramDao.selectAll - ==> Parameters: 
18:52:18.870 [http-nio-34571-exec-5] DEBUG c.k.h.i.d.E.selectOneOrMany - <==      Total: 100
18:52:18.873 [http-nio-34571-exec-6] DEBUG c.k.h.i.d.VendorProgramDao.selectAll - <==      Total: 12
18:52:18.885 [http-nio-34571-exec-5] INFO  c.k.h.c.h.ResponseResultHandlerAdvice - returnType:method 'getOneOrManyExchangeRate' parameter -1
18:52:18.885 [http-nio-34571-exec-5] INFO  c.k.h.c.h.ResponseResultHandlerAdvice - converterType:class org.springframework.http.converter.json.MappingJackson2HttpMessageConverter
18:52:18.891 [http-nio-34571-exec-6] INFO  c.k.h.c.h.ResponseResultHandlerAdvice - returnType:method 'list' parameter -1
18:52:18.891 [http-nio-34571-exec-6] INFO  c.k.h.c.h.ResponseResultHandlerAdvice - converterType:class org.springframework.http.converter.json.MappingJackson2HttpMessageConverter
18:52:18.893 [http-nio-34571-exec-7] DEBUG c.k.h.i.d.V.selectOneOrManyVendor_COUNT - ==>  Preparing: SELECT count(0) FROM `hkerp_vendor`
18:52:18.893 [http-nio-34571-exec-7] DEBUG c.k.h.i.d.V.selectOneOrManyVendor_COUNT - ==> Parameters: 
18:52:18.900 [http-nio-34571-exec-7] DEBUG c.k.h.i.d.V.selectOneOrManyVendor_COUNT - <==      Total: 1
18:52:18.902 [http-nio-34571-exec-7] DEBUG c.k.h.i.d.V.selectOneOrManyVendor - ==>  Preparing: SELECT vendor_id, vendor_code, vendor_name, disabled FROM `hkerp_vendor` order by vendor_code asc LIMIT ?
18:52:18.902 [http-nio-34571-exec-7] DEBUG c.k.h.i.d.V.selectOneOrManyVendor - ==> Parameters: 100(Integer)
18:52:18.911 [http-nio-34571-exec-7] DEBUG c.k.h.i.d.V.selectOneOrManyVendor - <==      Total: 48
18:52:18.927 [http-nio-34571-exec-7] INFO  c.k.h.c.h.ResponseResultHandlerAdvice - returnType:method 'getOneOrManyVendor' parameter -1
18:52:18.927 [http-nio-34571-exec-7] INFO  c.k.h.c.h.ResponseResultHandlerAdvice - converterType:class org.springframework.http.converter.json.MappingJackson2HttpMessageConverter
18:53:41.019 [http-nio-34571-exec-8] ERROR c.a.d.pool.DruidAbstractDataSource - discard long time none received connection. , jdbcUrl : jdbc:mysql://8.129.7.247:53307/kintex_hkerp, jdbcUrl : jdbc:mysql://8.129.7.247:53307/kintex_hkerp, lastPacketReceivedIdleMillis : 82085
18:53:41.026 [http-nio-34571-exec-8] ERROR c.a.d.pool.DruidAbstractDataSource - discard long time none received connection. , jdbcUrl : jdbc:mysql://8.129.7.247:53307/kintex_hkerp, jdbcUrl : jdbc:mysql://8.129.7.247:53307/kintex_hkerp, lastPacketReceivedIdleMillis : 82099
18:53:41.045 [http-nio-34571-exec-8] ERROR c.a.d.pool.DruidAbstractDataSource - discard long time none received connection. , jdbcUrl : jdbc:mysql://8.129.7.247:53307/kintex_hkerp, jdbcUrl : jdbc:mysql://8.129.7.247:53307/kintex_hkerp, lastPacketReceivedIdleMillis : 82154
18:53:41.110 [http-nio-34571-exec-8] DEBUG c.k.h.u.d.U.selectOneByEmployeeNo - ==>  Preparing: SELECT `user_id`, `user_password`, `employee_no`, `employee_name`, `employee_email`, `company_name`, `access`, `disabled`, `created_at`, `created_by`, `updated_at`, `updated_by` FROM `hkerp_user` WHERE `employee_no` = ?;
18:53:41.111 [http-nio-34571-exec-8] DEBUG c.k.h.u.d.U.selectOneByEmployeeNo - ==> Parameters: 020020(String)
18:53:41.118 [http-nio-34571-exec-8] DEBUG c.k.h.u.d.U.selectOneByEmployeeNo - <==      Total: 1
18:53:41.201 [http-nio-34571-exec-8] DEBUG c.k.h.i.dao.BidUtilDao.getBidUtil - ==>  Preparing: SELECT source_grade as `grade`, bid_qty as `quantity`, bid_price as `price`, tag as `tag`, bid_high as `highPrice`, eb.bid_date as `bidDate`, eb.exchange_rate as `exchangeRate`, eb.currency as `currency`, eer.currency_symbol as `currencySymbol` FROM hkerp_bid_record ebr LEFT JOIN hkerp_bid eb ON eb.bid_id = ebr.bid_id LEFT JOIN hkerp_exchange_rate eer ON eer.currency_code = eb.currency LEFT JOIN hkerp_won_bid ewb on eb.bid_id = ewb.bid_id WHERE tag IN ( ? , ? , ? , ? , ? , ? , ? , ? , ? , ? ) AND eb.vendor_id = ? GROUP BY ebr.bid_id, ebr.created_at, tag ORDER BY ebr.created_at DESC ;
18:53:41.203 [http-nio-34571-exec-8] DEBUG c.k.h.i.dao.BidUtilDao.getBidUtil - ==> Parameters: ALCATEL|ONE TOUCH FIERCE XL||5054W|16GB|TM||GRADE C|N/A||GOOD|(String), ALCATEL|REVVL||5049W|32GB|WL||GRADE C|N/A||GOOD|(String), ALCATEL|REVVL||5049W|32GB|TM||GRADE D|N/A||POOR|(String), ALCATEL|REVVL 2||5052W|32GB|TM||GRADE B|N/A||GOOD|(String), ALCATEL|REVVL 2||5052W|32GB|TM||GRADE C|N/A||GOOD|(String), ALCATEL|REVVL 2||5052W|32GB|TM||GRADE D|N/A||POOR|(String), ALCATEL|REVVL 4||5007W|32GB|TM||GRADE D|N/A||GOOD|(String), APPLE|IPHONE 6||A1549|16GB|UN||GRADE B|YES||POOR|(String), APPLE|IPHONE 6||A1549|16GB|UN||GRADE B|YES||POOR|(String), APPLE|IPHONE 6||A1549|64GB|UN||GRADE D|YES||POOR|(String), 1(Integer)
18:53:41.210 [http-nio-34571-exec-8] DEBUG c.k.h.i.dao.BidUtilDao.getBidUtil - <==      Total: 0
18:53:41.222 [http-nio-34571-exec-8] INFO  c.k.h.c.h.ResponseResultHandlerAdvice - returnType:method 'getBidUtil' parameter -1
18:53:41.222 [http-nio-34571-exec-8] INFO  c.k.h.c.h.ResponseResultHandlerAdvice - converterType:class org.springframework.http.converter.json.MappingJackson2HttpMessageConverter
18:54:18.011 [http-nio-34571-exec-9] DEBUG c.k.h.u.d.U.selectOneByEmployeeNo - ==>  Preparing: SELECT `user_id`, `user_password`, `employee_no`, `employee_name`, `employee_email`, `company_name`, `access`, `disabled`, `created_at`, `created_by`, `updated_at`, `updated_by` FROM `hkerp_user` WHERE `employee_no` = ?;
18:54:18.011 [http-nio-34571-exec-9] DEBUG c.k.h.u.d.U.selectOneByEmployeeNo - ==> Parameters: 020020(String)
18:54:18.018 [http-nio-34571-exec-9] DEBUG c.k.h.u.d.U.selectOneByEmployeeNo - <==      Total: 1
18:54:18.099 [http-nio-34571-exec-9] DEBUG c.k.h.i.dao.BidUtilDao.getBidUtil - ==>  Preparing: SELECT source_grade as `grade`, bid_qty as `quantity`, bid_price as `price`, tag as `tag`, bid_high as `highPrice`, eb.bid_date as `bidDate`, eb.exchange_rate as `exchangeRate`, eb.currency as `currency`, eer.currency_symbol as `currencySymbol` FROM hkerp_bid_record ebr LEFT JOIN hkerp_bid eb ON eb.bid_id = ebr.bid_id LEFT JOIN hkerp_exchange_rate eer ON eer.currency_code = eb.currency LEFT JOIN hkerp_won_bid ewb on eb.bid_id = ewb.bid_id WHERE tag IN ( ? , ? , ? , ? , ? , ? , ? , ? , ? , ? ) AND eb.vendor_id = ? GROUP BY ebr.bid_id, ebr.created_at, tag ORDER BY ebr.created_at DESC ;
18:54:18.100 [http-nio-34571-exec-9] DEBUG c.k.h.i.dao.BidUtilDao.getBidUtil - ==> Parameters: ALCATEL|ONE TOUCH FIERCE XL||5054W|16GB|TM||GRADE C|N/A||GOOD|(String), ALCATEL|REVVL||5049W|32GB|WL||GRADE C|N/A||GOOD|(String), ALCATEL|REVVL||5049W|32GB|TM||GRADE D|N/A||POOR|(String), ALCATEL|REVVL 2||5052W|32GB|TM||GRADE B|N/A||GOOD|(String), ALCATEL|REVVL 2||5052W|32GB|TM||GRADE C|N/A||GOOD|(String), ALCATEL|REVVL 2||5052W|32GB|TM||GRADE D|N/A||POOR|(String), ALCATEL|REVVL 4||5007W|32GB|TM||GRADE D|N/A||GOOD|(String), APPLE|IPHONE 6||A1549|16GB|UN||GRADE B|YES||POOR|(String), APPLE|IPHONE 6||A1549|16GB|UN||GRADE B|YES||POOR|(String), APPLE|IPHONE 6||A1549|64GB|UN||GRADE D|YES||POOR|(String), 2(Integer)
18:54:18.109 [http-nio-34571-exec-9] DEBUG c.k.h.i.dao.BidUtilDao.getBidUtil - <==      Total: 9
18:54:18.123 [http-nio-34571-exec-9] INFO  c.k.h.c.h.ResponseResultHandlerAdvice - returnType:method 'getBidUtil' parameter -1
18:54:18.123 [http-nio-34571-exec-9] INFO  c.k.h.c.h.ResponseResultHandlerAdvice - converterType:class org.springframework.http.converter.json.MappingJackson2HttpMessageConverter
18:55:39.702 [http-nio-34571-exec-1] ERROR c.a.d.pool.DruidAbstractDataSource - discard long time none received connection. , jdbcUrl : jdbc:mysql://8.129.7.247:53307/kintex_hkerp, jdbcUrl : jdbc:mysql://8.129.7.247:53307/kintex_hkerp, lastPacketReceivedIdleMillis : 81579
18:55:39.845 [http-nio-34571-exec-1] DEBUG c.k.h.u.d.U.selectOneByEmployeeNo - ==>  Preparing: SELECT `user_id`, `user_password`, `employee_no`, `employee_name`, `employee_email`, `company_name`, `access`, `disabled`, `created_at`, `created_by`, `updated_at`, `updated_by` FROM `hkerp_user` WHERE `employee_no` = ?;
18:55:39.845 [http-nio-34571-exec-1] DEBUG c.k.h.u.d.U.selectOneByEmployeeNo - ==> Parameters: 020020(String)
18:55:39.856 [http-nio-34571-exec-1] DEBUG c.k.h.u.d.U.selectOneByEmployeeNo - <==      Total: 1
18:55:39.941 [http-nio-34571-exec-1] DEBUG c.k.h.i.dao.BidUtilDao.getBidUtil - ==>  Preparing: SELECT source_grade as `grade`, bid_qty as `quantity`, bid_price as `price`, tag as `tag`, bid_high as `highPrice`, eb.bid_date as `bidDate`, eb.exchange_rate as `exchangeRate`, eb.currency as `currency`, eer.currency_symbol as `currencySymbol` FROM hkerp_bid_record ebr LEFT JOIN hkerp_bid eb ON eb.bid_id = ebr.bid_id LEFT JOIN hkerp_exchange_rate eer ON eer.currency_code = eb.currency LEFT JOIN hkerp_won_bid ewb on eb.bid_id = ewb.bid_id WHERE tag IN ( ? , ? , ? , ? , ? , ? , ? , ? , ? , ? ) AND eb.vendor_id = ? GROUP BY ebr.bid_id, ebr.created_at, tag ORDER BY ebr.created_at DESC ;
18:55:39.942 [http-nio-34571-exec-1] DEBUG c.k.h.i.dao.BidUtilDao.getBidUtil - ==> Parameters: ALCATEL|ONE TOUCH FIERCE XL||5054W|16GB|TM||GRADE C|N/A||GOOD|(String), ALCATEL|REVVL||5049W|32GB|WL||GRADE C|N/A||GOOD|(String), ALCATEL|REVVL||5049W|32GB|TM||GRADE D|N/A||POOR|(String), ALCATEL|REVVL 2||5052W|32GB|TM||GRADE B|N/A||GOOD|(String), ALCATEL|REVVL 2||5052W|32GB|TM||GRADE C|N/A||GOOD|(String), ALCATEL|REVVL 2||5052W|32GB|TM||GRADE D|N/A||POOR|(String), ALCATEL|REVVL 4||5007W|32GB|TM||GRADE D|N/A||GOOD|(String), APPLE|IPHONE 6||A1549|16GB|UN||GRADE B|YES||POOR|(String), APPLE|IPHONE 6||A1549|16GB|UN||GRADE B|YES||POOR|(String), APPLE|IPHONE 6||A1549|64GB|UN||GRADE D|YES||POOR|(String), 2(Integer)
18:55:39.956 [http-nio-34571-exec-1] DEBUG c.k.h.i.dao.BidUtilDao.getBidUtil - <==      Total: 9
18:55:39.976 [http-nio-34571-exec-1] INFO  c.k.h.c.h.ResponseResultHandlerAdvice - returnType:method 'getBidUtil' parameter -1
18:55:39.976 [http-nio-34571-exec-1] INFO  c.k.h.c.h.ResponseResultHandlerAdvice - converterType:class org.springframework.http.converter.json.MappingJackson2HttpMessageConverter
19:58:32.563 [SpringContextShutdownHook] INFO  o.s.s.c.ThreadPoolTaskExecutor - Shutting down ExecutorService 'applicationTaskExecutor'
19:58:32.568 [SpringContextShutdownHook] INFO  c.alibaba.druid.pool.DruidDataSource - {dataSource-1} closing ...
19:58:32.570 [SpringContextShutdownHook] INFO  c.alibaba.druid.pool.DruidDataSource - {dataSource-1} closed
